#! /usr/bin/vvp
:ivl_version "10.3 (stable)";
:ivl_delay_selection "TYPICAL";
:vpi_time_precision + 0;
:vpi_module "system";
:vpi_module "vhdl_sys";
:vpi_module "v2005_math";
:vpi_module "va_math";
S_0x55624d84a1d0 .scope module, "Fifo" "Fifo" 2 6;
 .timescale 0 0;
    .port_info 0 /INPUT 1 "clk"
    .port_info 1 /INPUT 1 "reset"
    .port_info 2 /OUTPUT 1 "wr_enable"
    .port_info 3 /OUTPUT 1 "rd_enable"
    .port_info 4 /INPUT 10 "FIFO_data_in"
    .port_info 5 /INPUT 1 "pop"
    .port_info 6 /INPUT 1 "push"
    .port_info 7 /OUTPUT 1 "full_fifo"
    .port_info 8 /OUTPUT 1 "empty_fifo"
    .port_info 9 /OUTPUT 1 "almost_empty_fifo"
    .port_info 10 /OUTPUT 1 "almost_full_fifo"
    .port_info 11 /OUTPUT 1 "error"
    .port_info 12 /INPUT 3 "alto"
    .port_info 13 /INPUT 3 "bajo"
    .port_info 14 /OUTPUT 10 "FIFO_data_out"
P_0x55624d84a350 .param/l "address_width" 0 2 7, +C4<00000000000000000000000000001000>;
P_0x55624d84a390 .param/l "data_width" 0 2 6, +C4<00000000000000000000000000001010>;
P_0x55624d84a3d0 .param/l "size_fifo" 0 2 24, +C4<000000000000000000000000000000111>;
o0x7f32b87ac078 .functor BUFZ 10, C4<zzzzzzzzzz>; HiZ drive
v0x55624d8a6e10_0 .net "FIFO_data_in", 9 0, o0x7f32b87ac078;  0 drivers
v0x55624d8a6ef0_0 .net "FIFO_data_out", 9 0, v0x55624d8a6820_0;  1 drivers
v0x55624d8a6fc0_0 .var "almost_empty_fifo", 0 0;
v0x55624d8a7090_0 .var "almost_full_fifo", 0 0;
o0x7f32b87ac348 .functor BUFZ 3, C4<zzz>; HiZ drive
v0x55624d8a7130_0 .net "alto", 2 0, o0x7f32b87ac348;  0 drivers
o0x7f32b87ac378 .functor BUFZ 3, C4<zzz>; HiZ drive
v0x55624d8a7210_0 .net "bajo", 2 0, o0x7f32b87ac378;  0 drivers
o0x7f32b87ac018 .functor BUFZ 1, C4<z>; HiZ drive
v0x55624d8a72f0_0 .net "clk", 0 0, o0x7f32b87ac018;  0 drivers
v0x55624d8a7390_0 .var "cnt", 2 0;
v0x55624d8a7450_0 .var "empty_fifo", 0 0;
o0x7f32b87ac408 .functor BUFZ 1, C4<z>; HiZ drive
v0x55624d8a75a0_0 .net "error", 0 0, o0x7f32b87ac408;  0 drivers
v0x55624d8a7660_0 .var "full_fifo", 0 0;
o0x7f32b87ac468 .functor BUFZ 1, C4<z>; HiZ drive
v0x55624d8a7720_0 .net "pop", 0 0, o0x7f32b87ac468;  0 drivers
o0x7f32b87ac498 .functor BUFZ 1, C4<z>; HiZ drive
v0x55624d8a77e0_0 .net "push", 0 0, o0x7f32b87ac498;  0 drivers
v0x55624d8a78a0_0 .var "rd_enable", 0 0;
o0x7f32b87ac138 .functor BUFZ 1, C4<z>; HiZ drive
v0x55624d8a7970_0 .net "reset", 0 0, o0x7f32b87ac138;  0 drivers
v0x55624d8a7a40_0 .var "wr_enable", 0 0;
S_0x55624d884b00 .scope module, "mem" "memoria" 2 31, 3 3 0, S_0x55624d84a1d0;
 .timescale 0 0;
    .port_info 0 /INPUT 10 "memo_data_in"
    .port_info 1 /INPUT 1 "clk"
    .port_info 2 /INPUT 1 "reset"
    .port_info 3 /INPUT 1 "wrmem_enable"
    .port_info 4 /INPUT 1 "rdmem_enable"
    .port_info 5 /OUTPUT 10 "memo_data_out"
P_0x55624d870120 .param/l "address_width" 0 3 4, +C4<00000000000000000000000000001000>;
P_0x55624d870160 .param/l "data_width" 0 3 3, +C4<00000000000000000000000000001010>;
v0x55624d8731c0_0 .net "clk", 0 0, o0x7f32b87ac018;  alias, 0 drivers
v0x55624d874420_0 .var/i "i", 31 0;
v0x55624d86f8f0 .array "mem", 0 7, 9 0;
v0x55624d8a6740_0 .net "memo_data_in", 9 0, o0x7f32b87ac078;  alias, 0 drivers
v0x55624d8a6820_0 .var "memo_data_out", 9 0;
v0x55624d8a6950_0 .var "rd_ptr", 2 0;
v0x55624d8a6a30_0 .net "rdmem_enable", 0 0, v0x55624d8a78a0_0;  1 drivers
v0x55624d8a6af0_0 .net "reset", 0 0, o0x7f32b87ac138;  alias, 0 drivers
v0x55624d8a6bb0_0 .var "wr_ptr", 2 0;
v0x55624d8a6c90_0 .net "wrmem_enable", 0 0, v0x55624d8a7a40_0;  1 drivers
E_0x55624d8857a0 .event posedge, v0x55624d8731c0_0;
    .scope S_0x55624d884b00;
T_0 ;
    %wait E_0x55624d8857a0;
    %load/vec4 v0x55624d8a6af0_0;
    %flag_set/vec4 8;
    %jmp/0xz  T_0.0, 8;
    %pushi/vec4 0, 0, 32;
    %store/vec4 v0x55624d874420_0, 0, 32;
T_0.2 ;
    %load/vec4 v0x55624d874420_0;
    %cmpi/s 8, 0, 32;
    %jmp/0xz T_0.3, 5;
    %pushi/vec4 0, 0, 10;
    %ix/getv/s 3, v0x55624d874420_0;
    %ix/load 4, 0, 0; Constant delay
    %assign/vec4/a/d v0x55624d86f8f0, 0, 4;
    %pushi/vec4 0, 0, 3;
    %assign/vec4 v0x55624d8a6bb0_0, 0;
    %load/vec4 v0x55624d874420_0;
    %addi 1, 0, 32;
    %store/vec4 v0x55624d874420_0, 0, 32;
    %jmp T_0.2;
T_0.3 ;
    %jmp T_0.1;
T_0.0 ;
    %load/vec4 v0x55624d8a6c90_0;
    %flag_set/vec4 8;
    %jmp/0xz  T_0.4, 8;
    %load/vec4 v0x55624d8a6740_0;
    %load/vec4 v0x55624d8a6bb0_0;
    %pad/u 5;
    %ix/vec4 3;
    %ix/load 4, 0, 0; Constant delay
    %assign/vec4/a/d v0x55624d86f8f0, 0, 4;
    %load/vec4 v0x55624d8a6bb0_0;
    %addi 1, 0, 3;
    %assign/vec4 v0x55624d8a6bb0_0, 0;
T_0.4 ;
T_0.1 ;
    %jmp T_0;
    .thread T_0;
    .scope S_0x55624d884b00;
T_1 ;
    %wait E_0x55624d8857a0;
    %pushi/vec4 0, 0, 10;
    %assign/vec4 v0x55624d8a6820_0, 0;
    %load/vec4 v0x55624d8a6af0_0;
    %flag_set/vec4 8;
    %jmp/0xz  T_1.0, 8;
    %pushi/vec4 0, 0, 10;
    %assign/vec4 v0x55624d8a6820_0, 0;
    %pushi/vec4 0, 0, 3;
    %assign/vec4 v0x55624d8a6950_0, 0;
    %jmp T_1.1;
T_1.0 ;
    %load/vec4 v0x55624d8a6a30_0;
    %flag_set/vec4 8;
    %jmp/0xz  T_1.2, 8;
    %load/vec4 v0x55624d8a6950_0;
    %pad/u 5;
    %ix/vec4 4;
    %load/vec4a v0x55624d86f8f0, 4;
    %assign/vec4 v0x55624d8a6820_0, 0;
    %pushi/vec4 0, 0, 10;
    %load/vec4 v0x55624d8a6950_0;
    %pad/u 5;
    %ix/vec4 3;
    %ix/load 4, 0, 0; Constant delay
    %assign/vec4/a/d v0x55624d86f8f0, 0, 4;
    %load/vec4 v0x55624d8a6950_0;
    %addi 1, 0, 3;
    %assign/vec4 v0x55624d8a6950_0, 0;
T_1.2 ;
T_1.1 ;
    %jmp T_1;
    .thread T_1;
    .scope S_0x55624d84a1d0;
T_2 ;
    %wait E_0x55624d8857a0;
    %load/vec4 v0x55624d8a7970_0;
    %pad/u 32;
    %cmpi/e 0, 0, 32;
    %jmp/0xz  T_2.0, 4;
    %load/vec4 v0x55624d8a77e0_0;
    %flag_set/vec4 8;
    %jmp/0xz  T_2.2, 8;
    %pushi/vec4 1, 0, 1;
    %assign/vec4 v0x55624d8a7a40_0, 0;
    %jmp T_2.3;
T_2.2 ;
    %load/vec4 v0x55624d8a77e0_0;
    %inv;
    %flag_set/vec4 8;
    %jmp/0xz  T_2.4, 8;
    %pushi/vec4 0, 0, 1;
    %assign/vec4 v0x55624d8a7a40_0, 0;
T_2.4 ;
T_2.3 ;
    %load/vec4 v0x55624d8a7720_0;
    %flag_set/vec4 8;
    %jmp/0xz  T_2.6, 8;
    %pushi/vec4 1, 0, 1;
    %assign/vec4 v0x55624d8a78a0_0, 0;
    %jmp T_2.7;
T_2.6 ;
    %load/vec4 v0x55624d8a7720_0;
    %inv;
    %flag_set/vec4 8;
    %jmp/0xz  T_2.8, 8;
    %pushi/vec4 0, 0, 1;
    %assign/vec4 v0x55624d8a78a0_0, 0;
T_2.8 ;
T_2.7 ;
    %jmp T_2.1;
T_2.0 ;
    %pushi/vec4 0, 0, 1;
    %assign/vec4 v0x55624d8a78a0_0, 0;
    %pushi/vec4 0, 0, 1;
    %assign/vec4 v0x55624d8a7a40_0, 0;
    %pushi/vec4 0, 0, 1;
    %assign/vec4 v0x55624d8a7660_0, 0;
    %pushi/vec4 0, 0, 1;
    %assign/vec4 v0x55624d8a7450_0, 0;
T_2.1 ;
    %jmp T_2;
    .thread T_2;
    .scope S_0x55624d84a1d0;
T_3 ;
    %wait E_0x55624d8857a0;
    %load/vec4 v0x55624d8a7970_0;
    %inv;
    %flag_set/vec4 8;
    %jmp/0xz  T_3.0, 8;
    %load/vec4 v0x55624d8a7a40_0;
    %pad/u 32;
    %cmpi/e 1, 0, 32;
    %jmp/0xz  T_3.2, 4;
    %load/vec4 v0x55624d8a78a0_0;
    %flag_set/vec4 8;
    %jmp/0xz  T_3.4, 8;
    %load/vec4 v0x55624d8a7390_0;
    %assign/vec4 v0x55624d8a7390_0, 0;
    %jmp T_3.5;
T_3.4 ;
    %load/vec4 v0x55624d8a7390_0;
    %addi 1, 0, 3;
    %assign/vec4 v0x55624d8a7390_0, 0;
T_3.5 ;
    %jmp T_3.3;
T_3.2 ;
    %load/vec4 v0x55624d8a7a40_0;
    %pad/u 32;
    %cmpi/e 0, 0, 32;
    %jmp/0xz  T_3.6, 4;
    %load/vec4 v0x55624d8a78a0_0;
    %flag_set/vec4 8;
    %jmp/0xz  T_3.8, 8;
    %load/vec4 v0x55624d8a7390_0;
    %pad/u 32;
    %cmpi/u 0, 0, 32;
    %flag_or 5, 4;
    %jmp/0xz  T_3.10, 5;
    %load/vec4 v0x55624d8a7390_0;
    %assign/vec4 v0x55624d8a7390_0, 0;
    %jmp T_3.11;
T_3.10 ;
    %load/vec4 v0x55624d8a7390_0;
    %subi 1, 0, 3;
    %assign/vec4 v0x55624d8a7390_0, 0;
T_3.11 ;
    %jmp T_3.9;
T_3.8 ;
    %load/vec4 v0x55624d8a7390_0;
    %assign/vec4 v0x55624d8a7390_0, 0;
T_3.9 ;
T_3.6 ;
T_3.3 ;
    %load/vec4 v0x55624d8a7390_0;
    %pad/u 33;
    %pushi/vec4 7, 0, 33;
    %cmp/e;
    %flag_get/vec4 4;
    %load/vec4 v0x55624d8a78a0_0;
    %inv;
    %and;
    %flag_set/vec4 8;
    %jmp/0xz  T_3.12, 8;
    %pushi/vec4 7, 0, 3;
    %assign/vec4 v0x55624d8a7390_0, 0;
T_3.12 ;
    %jmp T_3.1;
T_3.0 ;
    %pushi/vec4 0, 0, 3;
    %assign/vec4 v0x55624d8a7390_0, 0;
T_3.1 ;
    %jmp T_3;
    .thread T_3;
    .scope S_0x55624d84a1d0;
T_4 ;
    %wait E_0x55624d8857a0;
    %load/vec4 v0x55624d8a7390_0;
    %cmpi/e 7, 0, 3;
    %jmp/0xz  T_4.0, 4;
    %pushi/vec4 1, 0, 1;
    %assign/vec4 v0x55624d8a7660_0, 0;
    %jmp T_4.1;
T_4.0 ;
    %pushi/vec4 0, 0, 1;
    %assign/vec4 v0x55624d8a7660_0, 0;
T_4.1 ;
    %load/vec4 v0x55624d8a7390_0;
    %pad/u 32;
    %cmpi/e 0, 0, 32;
    %jmp/0xz  T_4.2, 4;
    %pushi/vec4 1, 0, 1;
    %assign/vec4 v0x55624d8a7450_0, 0;
    %jmp T_4.3;
T_4.2 ;
    %pushi/vec4 0, 0, 1;
    %assign/vec4 v0x55624d8a7450_0, 0;
T_4.3 ;
    %load/vec4 v0x55624d8a7390_0;
    %load/vec4 v0x55624d8a7210_0;
    %cmp/e;
    %jmp/0xz  T_4.4, 4;
    %pushi/vec4 1, 0, 1;
    %assign/vec4 v0x55624d8a6fc0_0, 0;
    %jmp T_4.5;
T_4.4 ;
    %pushi/vec4 0, 0, 1;
    %assign/vec4 v0x55624d8a6fc0_0, 0;
T_4.5 ;
    %load/vec4 v0x55624d8a7390_0;
    %load/vec4 v0x55624d8a7130_0;
    %cmp/e;
    %jmp/0xz  T_4.6, 4;
    %pushi/vec4 1, 0, 1;
    %assign/vec4 v0x55624d8a7090_0, 0;
    %jmp T_4.7;
T_4.6 ;
    %pushi/vec4 0, 0, 1;
    %assign/vec4 v0x55624d8a7090_0, 0;
T_4.7 ;
    %jmp T_4;
    .thread T_4;
# The file index is used to find the file name in the following table.
:file_names 4;
    "N/A";
    "<interactive>";
    "Fifo.v";
    "./memoria.v";
