#! /usr/bin/vvp
:ivl_version "10.3 (stable)";
:ivl_delay_selection "TYPICAL";
:vpi_time_precision + 0;
:vpi_module "system";
:vpi_module "vhdl_sys";
:vpi_module "v2005_math";
:vpi_module "va_math";
S_0x560af9332990 .scope module, "bancoRoundRobin" "bancoRoundRobin" 2 4;
 .timescale 0 0;
v0x560af935bdd0_0 .net "almost_full_P0", 0 0, v0x560af935a3e0_0;  1 drivers
v0x560af935be90_0 .net "almost_full_P1", 0 0, v0x560af935a480_0;  1 drivers
v0x560af935bfa0_0 .net "almost_full_P2", 0 0, v0x560af935a520_0;  1 drivers
v0x560af935c090_0 .net "almost_full_P3", 0 0, v0x560af935a5c0_0;  1 drivers
v0x560af935c180_0 .net "clk", 0 0, v0x560af935a660_0;  1 drivers
v0x560af935c2c0_0 .net "empty_P0", 0 0, v0x560af935a750_0;  1 drivers
v0x560af935c3b0_0 .net "empty_P1", 0 0, v0x560af935a820_0;  1 drivers
v0x560af935c4a0_0 .net "empty_P2", 0 0, v0x560af935a8f0_0;  1 drivers
v0x560af935c590_0 .net "empty_P3", 0 0, v0x560af935a9c0_0;  1 drivers
v0x560af935c630_0 .net "in_FIFO_0", 9 0, v0x560af935ad10_0;  1 drivers
v0x560af935c720_0 .net "in_FIFO_1", 9 0, v0x560af935ade0_0;  1 drivers
v0x560af935c810_0 .net "in_FIFO_2", 9 0, v0x560af935aeb0_0;  1 drivers
v0x560af935c920_0 .net "in_FIFO_3", 9 0, v0x560af935af80_0;  1 drivers
v0x560af935ca30_0 .net "out_FIFO_0", 9 0, v0x560af9359160_0;  1 drivers
v0x560af935cb40_0 .net "out_FIFO_1", 9 0, v0x560af9359240_0;  1 drivers
v0x560af935cc50_0 .net "out_FIFO_2", 9 0, v0x560af9359320_0;  1 drivers
v0x560af935cd60_0 .net "out_FIFO_3", 9 0, v0x560af9359400_0;  1 drivers
v0x560af935cf80_0 .net "pop_F0", 0 0, v0x560af93594e0_0;  1 drivers
v0x560af935d070_0 .net "pop_F1", 0 0, v0x560af93595a0_0;  1 drivers
v0x560af935d160_0 .net "pop_F2", 0 0, v0x560af9359660_0;  1 drivers
v0x560af935d250_0 .net "pop_F3", 0 0, v0x560af9359720_0;  1 drivers
v0x560af935d340_0 .net "push_F0", 0 0, v0x560af93597e0_0;  1 drivers
v0x560af935d430_0 .net "push_F1", 0 0, v0x560af93598a0_0;  1 drivers
v0x560af935d520_0 .net "push_F2", 0 0, v0x560af9359960_0;  1 drivers
v0x560af935d610_0 .net "push_F3", 0 0, v0x560af9359a20_0;  1 drivers
v0x560af935d700_0 .net "reset", 0 0, v0x560af935bb20_0;  1 drivers
S_0x560af93253d0 .scope module, "controlador" "arbitro" 2 42, 3 1 0, S_0x560af9332990;
 .timescale 0 0;
    .port_info 0 /INPUT 1 "clk"
    .port_info 1 /INPUT 1 "reset"
    .port_info 2 /INPUT 1 "almost_full_P0"
    .port_info 3 /INPUT 1 "almost_full_P1"
    .port_info 4 /INPUT 1 "almost_full_P2"
    .port_info 5 /INPUT 1 "almost_full_P3"
    .port_info 6 /INPUT 1 "empty_P0"
    .port_info 7 /INPUT 1 "empty_P1"
    .port_info 8 /INPUT 1 "empty_P2"
    .port_info 9 /INPUT 1 "empty_P3"
    .port_info 10 /INPUT 1 "empty_P4"
    .port_info 11 /INPUT 1 "empty_P5"
    .port_info 12 /INPUT 1 "empty_P6"
    .port_info 13 /INPUT 1 "empty_P7"
    .port_info 14 /OUTPUT 1 "pop_F0"
    .port_info 15 /OUTPUT 1 "pop_F1"
    .port_info 16 /OUTPUT 1 "pop_F2"
    .port_info 17 /OUTPUT 1 "pop_F3"
    .port_info 18 /OUTPUT 1 "push_F0"
    .port_info 19 /OUTPUT 1 "push_F1"
    .port_info 20 /OUTPUT 1 "push_F2"
    .port_info 21 /OUTPUT 1 "push_F3"
    .port_info 22 /INPUT 10 "in_FIFO_0"
    .port_info 23 /INPUT 10 "in_FIFO_1"
    .port_info 24 /INPUT 10 "in_FIFO_2"
    .port_info 25 /INPUT 10 "in_FIFO_3"
    .port_info 26 /OUTPUT 10 "out_FIFO_0"
    .port_info 27 /OUTPUT 10 "out_FIFO_1"
    .port_info 28 /OUTPUT 10 "out_FIFO_2"
    .port_info 29 /OUTPUT 10 "out_FIFO_3"
v0x560af9319fe0_0 .net "almost_full_P0", 0 0, v0x560af935a3e0_0;  alias, 1 drivers
v0x560af931a1f0_0 .net "almost_full_P1", 0 0, v0x560af935a480_0;  alias, 1 drivers
v0x560af9339610_0 .net "almost_full_P2", 0 0, v0x560af935a520_0;  alias, 1 drivers
v0x560af93397f0_0 .net "almost_full_P3", 0 0, v0x560af935a5c0_0;  alias, 1 drivers
v0x560af9339a00_0 .net "clk", 0 0, v0x560af935a660_0;  alias, 1 drivers
v0x560af9339c10_0 .net "empty_P0", 0 0, v0x560af935a750_0;  alias, 1 drivers
v0x560af9339e20_0 .net "empty_P1", 0 0, v0x560af935a820_0;  alias, 1 drivers
v0x560af9358960_0 .net "empty_P2", 0 0, v0x560af935a8f0_0;  alias, 1 drivers
v0x560af9358a20_0 .net "empty_P3", 0 0, v0x560af935a9c0_0;  alias, 1 drivers
o0x7fc60cc061c8 .functor BUFZ 1, C4<z>; HiZ drive
v0x560af9358ae0_0 .net "empty_P4", 0 0, o0x7fc60cc061c8;  0 drivers
o0x7fc60cc061f8 .functor BUFZ 1, C4<z>; HiZ drive
v0x560af9358ba0_0 .net "empty_P5", 0 0, o0x7fc60cc061f8;  0 drivers
o0x7fc60cc06228 .functor BUFZ 1, C4<z>; HiZ drive
v0x560af9358c60_0 .net "empty_P6", 0 0, o0x7fc60cc06228;  0 drivers
o0x7fc60cc06258 .functor BUFZ 1, C4<z>; HiZ drive
v0x560af9358d20_0 .net "empty_P7", 0 0, o0x7fc60cc06258;  0 drivers
v0x560af9358de0_0 .net "in_FIFO_0", 9 0, v0x560af935ad10_0;  alias, 1 drivers
v0x560af9358ec0_0 .net "in_FIFO_1", 9 0, v0x560af935ade0_0;  alias, 1 drivers
v0x560af9358fa0_0 .net "in_FIFO_2", 9 0, v0x560af935aeb0_0;  alias, 1 drivers
v0x560af9359080_0 .net "in_FIFO_3", 9 0, v0x560af935af80_0;  alias, 1 drivers
v0x560af9359160_0 .var "out_FIFO_0", 9 0;
v0x560af9359240_0 .var "out_FIFO_1", 9 0;
v0x560af9359320_0 .var "out_FIFO_2", 9 0;
v0x560af9359400_0 .var "out_FIFO_3", 9 0;
v0x560af93594e0_0 .var "pop_F0", 0 0;
v0x560af93595a0_0 .var "pop_F1", 0 0;
v0x560af9359660_0 .var "pop_F2", 0 0;
v0x560af9359720_0 .var "pop_F3", 0 0;
v0x560af93597e0_0 .var "push_F0", 0 0;
v0x560af93598a0_0 .var "push_F1", 0 0;
v0x560af9359960_0 .var "push_F2", 0 0;
v0x560af9359a20_0 .var "push_F3", 0 0;
v0x560af9359ae0_0 .net "reset", 0 0, v0x560af935bb20_0;  alias, 1 drivers
E_0x560af931c8a0 .event posedge, v0x560af9339a00_0;
S_0x560af9359f60 .scope module, "test" "probador_roundRobin" 2 76, 4 2 0, S_0x560af9332990;
 .timescale 0 0;
    .port_info 0 /OUTPUT 1 "clk"
    .port_info 1 /OUTPUT 1 "reset"
    .port_info 2 /OUTPUT 1 "almost_full_P0"
    .port_info 3 /OUTPUT 1 "almost_full_P1"
    .port_info 4 /OUTPUT 1 "almost_full_P2"
    .port_info 5 /OUTPUT 1 "almost_full_P3"
    .port_info 6 /OUTPUT 1 "empty_P0"
    .port_info 7 /OUTPUT 1 "empty_P1"
    .port_info 8 /OUTPUT 1 "empty_P2"
    .port_info 9 /OUTPUT 1 "empty_P3"
    .port_info 10 /OUTPUT 1 "empty_P4"
    .port_info 11 /OUTPUT 1 "empty_P5"
    .port_info 12 /OUTPUT 1 "empty_P6"
    .port_info 13 /OUTPUT 1 "empty_P7"
    .port_info 14 /INPUT 1 "pop_F0"
    .port_info 15 /INPUT 1 "pop_F1"
    .port_info 16 /INPUT 1 "pop_F2"
    .port_info 17 /INPUT 1 "pop_F3"
    .port_info 18 /INPUT 1 "push_F0"
    .port_info 19 /INPUT 1 "push_F1"
    .port_info 20 /INPUT 1 "push_F2"
    .port_info 21 /INPUT 1 "push_F3"
    .port_info 22 /OUTPUT 10 "in_FIFO_0"
    .port_info 23 /OUTPUT 10 "in_FIFO_1"
    .port_info 24 /OUTPUT 10 "in_FIFO_2"
    .port_info 25 /OUTPUT 10 "in_FIFO_3"
    .port_info 26 /INPUT 10 "out_FIFO_0"
    .port_info 27 /INPUT 10 "out_FIFO_1"
    .port_info 28 /INPUT 10 "out_FIFO_2"
    .port_info 29 /INPUT 10 "out_FIFO_3"
v0x560af935a3e0_0 .var "almost_full_P0", 0 0;
v0x560af935a480_0 .var "almost_full_P1", 0 0;
v0x560af935a520_0 .var "almost_full_P2", 0 0;
v0x560af935a5c0_0 .var "almost_full_P3", 0 0;
v0x560af935a660_0 .var "clk", 0 0;
v0x560af935a750_0 .var "empty_P0", 0 0;
v0x560af935a820_0 .var "empty_P1", 0 0;
v0x560af935a8f0_0 .var "empty_P2", 0 0;
v0x560af935a9c0_0 .var "empty_P3", 0 0;
v0x560af935aa90_0 .var "empty_P4", 0 0;
v0x560af935ab30_0 .var "empty_P5", 0 0;
v0x560af935abd0_0 .var "empty_P6", 0 0;
v0x560af935ac70_0 .var "empty_P7", 0 0;
v0x560af935ad10_0 .var "in_FIFO_0", 9 0;
v0x560af935ade0_0 .var "in_FIFO_1", 9 0;
v0x560af935aeb0_0 .var "in_FIFO_2", 9 0;
v0x560af935af80_0 .var "in_FIFO_3", 9 0;
v0x560af935b160_0 .net "out_FIFO_0", 9 0, v0x560af9359160_0;  alias, 1 drivers
v0x560af935b230_0 .net "out_FIFO_1", 9 0, v0x560af9359240_0;  alias, 1 drivers
v0x560af935b300_0 .net "out_FIFO_2", 9 0, v0x560af9359320_0;  alias, 1 drivers
v0x560af935b3d0_0 .net "out_FIFO_3", 9 0, v0x560af9359400_0;  alias, 1 drivers
v0x560af935b4a0_0 .net "pop_F0", 0 0, v0x560af93594e0_0;  alias, 1 drivers
v0x560af935b570_0 .net "pop_F1", 0 0, v0x560af93595a0_0;  alias, 1 drivers
v0x560af935b640_0 .net "pop_F2", 0 0, v0x560af9359660_0;  alias, 1 drivers
v0x560af935b710_0 .net "pop_F3", 0 0, v0x560af9359720_0;  alias, 1 drivers
v0x560af935b7e0_0 .net "push_F0", 0 0, v0x560af93597e0_0;  alias, 1 drivers
v0x560af935b8b0_0 .net "push_F1", 0 0, v0x560af93598a0_0;  alias, 1 drivers
v0x560af935b980_0 .net "push_F2", 0 0, v0x560af9359960_0;  alias, 1 drivers
v0x560af935ba50_0 .net "push_F3", 0 0, v0x560af9359a20_0;  alias, 1 drivers
v0x560af935bb20_0 .var "reset", 0 0;
    .scope S_0x560af93253d0;
T_0 ;
    %wait E_0x560af931c8a0;
    %load/vec4 v0x560af9359ae0_0;
    %pad/u 32;
    %cmpi/e 0, 0, 32;
    %jmp/0xz  T_0.0, 4;
    %load/vec4 v0x560af9319fe0_0;
    %inv;
    %load/vec4 v0x560af931a1f0_0;
    %inv;
    %or;
    %load/vec4 v0x560af9339610_0;
    %inv;
    %or;
    %load/vec4 v0x560af93397f0_0;
    %inv;
    %or;
    %flag_set/vec4 8;
    %jmp/0xz  T_0.2, 8;
    %load/vec4 v0x560af9339c10_0;
    %pad/u 32;
    %cmpi/e 0, 0, 32;
    %jmp/0xz  T_0.4, 4;
    %pushi/vec4 1, 0, 1;
    %assign/vec4 v0x560af93594e0_0, 0;
    %pushi/vec4 0, 0, 1;
    %assign/vec4 v0x560af93595a0_0, 0;
    %pushi/vec4 0, 0, 1;
    %assign/vec4 v0x560af9359660_0, 0;
    %pushi/vec4 0, 0, 1;
    %assign/vec4 v0x560af9359720_0, 0;
    %jmp T_0.5;
T_0.4 ;
    %load/vec4 v0x560af9339e20_0;
    %pad/u 32;
    %cmpi/e 0, 0, 32;
    %jmp/0xz  T_0.6, 4;
    %pushi/vec4 0, 0, 1;
    %assign/vec4 v0x560af93594e0_0, 0;
    %pushi/vec4 1, 0, 1;
    %assign/vec4 v0x560af93595a0_0, 0;
    %pushi/vec4 0, 0, 1;
    %assign/vec4 v0x560af9359660_0, 0;
    %pushi/vec4 0, 0, 1;
    %assign/vec4 v0x560af9359720_0, 0;
    %jmp T_0.7;
T_0.6 ;
    %load/vec4 v0x560af9358960_0;
    %pad/u 32;
    %cmpi/e 0, 0, 32;
    %jmp/0xz  T_0.8, 4;
    %pushi/vec4 0, 0, 1;
    %assign/vec4 v0x560af93594e0_0, 0;
    %pushi/vec4 0, 0, 1;
    %assign/vec4 v0x560af93595a0_0, 0;
    %pushi/vec4 1, 0, 1;
    %assign/vec4 v0x560af9359660_0, 0;
    %pushi/vec4 0, 0, 1;
    %assign/vec4 v0x560af9359720_0, 0;
    %jmp T_0.9;
T_0.8 ;
    %load/vec4 v0x560af9358a20_0;
    %pad/u 32;
    %cmpi/e 0, 0, 32;
    %jmp/0xz  T_0.10, 4;
    %pushi/vec4 0, 0, 1;
    %assign/vec4 v0x560af93594e0_0, 0;
    %pushi/vec4 0, 0, 1;
    %assign/vec4 v0x560af93595a0_0, 0;
    %pushi/vec4 0, 0, 1;
    %assign/vec4 v0x560af9359660_0, 0;
    %pushi/vec4 1, 0, 1;
    %assign/vec4 v0x560af9359720_0, 0;
T_0.10 ;
T_0.9 ;
T_0.7 ;
T_0.5 ;
T_0.2 ;
    %load/vec4 v0x560af9319fe0_0;
    %inv;
    %load/vec4 v0x560af931a1f0_0;
    %inv;
    %and;
    %load/vec4 v0x560af9339610_0;
    %inv;
    %and;
    %load/vec4 v0x560af93397f0_0;
    %inv;
    %and;
    %flag_set/vec4 8;
    %jmp/0xz  T_0.12, 8;
    %pushi/vec4 1, 0, 1;
    %assign/vec4 v0x560af93597e0_0, 0;
    %pushi/vec4 1, 0, 1;
    %assign/vec4 v0x560af93598a0_0, 0;
    %pushi/vec4 1, 0, 1;
    %assign/vec4 v0x560af9359960_0, 0;
    %pushi/vec4 1, 0, 1;
    %assign/vec4 v0x560af9359a20_0, 0;
    %jmp T_0.13;
T_0.12 ;
    %pushi/vec4 0, 0, 1;
    %assign/vec4 v0x560af93597e0_0, 0;
    %pushi/vec4 0, 0, 1;
    %assign/vec4 v0x560af93598a0_0, 0;
    %pushi/vec4 0, 0, 1;
    %assign/vec4 v0x560af9359960_0, 0;
    %pushi/vec4 0, 0, 1;
    %assign/vec4 v0x560af9359a20_0, 0;
T_0.13 ;
    %jmp T_0.1;
T_0.0 ;
    %load/vec4 v0x560af9359ae0_0;
    %pad/u 32;
    %cmpi/e 1, 0, 32;
    %jmp/0xz  T_0.14, 4;
    %pushi/vec4 0, 0, 1;
    %assign/vec4 v0x560af93597e0_0, 0;
    %pushi/vec4 0, 0, 1;
    %assign/vec4 v0x560af93598a0_0, 0;
    %pushi/vec4 0, 0, 1;
    %assign/vec4 v0x560af9359960_0, 0;
    %pushi/vec4 0, 0, 1;
    %assign/vec4 v0x560af9359a20_0, 0;
    %pushi/vec4 0, 0, 1;
    %assign/vec4 v0x560af93594e0_0, 0;
    %pushi/vec4 0, 0, 1;
    %assign/vec4 v0x560af93595a0_0, 0;
    %pushi/vec4 1, 0, 1;
    %assign/vec4 v0x560af9359660_0, 0;
    %pushi/vec4 0, 0, 1;
    %assign/vec4 v0x560af9359720_0, 0;
T_0.14 ;
T_0.1 ;
    %jmp T_0;
    .thread T_0;
    .scope S_0x560af9359f60;
T_1 ;
    %vpi_call 4 48 "$dumpfile", "roundRobin.vcd" {0 0 0};
    %vpi_call 4 49 "$dumpvars" {0 0 0};
    %pushi/vec4 0, 0, 1;
    %assign/vec4 v0x560af935a660_0, 0;
    %pushi/vec4 0, 0, 1;
    %assign/vec4 v0x560af935bb20_0, 0;
    %pushi/vec4 0, 0, 1;
    %assign/vec4 v0x560af935a3e0_0, 0;
    %pushi/vec4 0, 0, 1;
    %assign/vec4 v0x560af935a480_0, 0;
    %pushi/vec4 0, 0, 1;
    %assign/vec4 v0x560af935a520_0, 0;
    %pushi/vec4 0, 0, 1;
    %assign/vec4 v0x560af935a5c0_0, 0;
    %pushi/vec4 0, 0, 1;
    %assign/vec4 v0x560af935a750_0, 0;
    %pushi/vec4 0, 0, 1;
    %assign/vec4 v0x560af935a820_0, 0;
    %pushi/vec4 0, 0, 1;
    %assign/vec4 v0x560af935a8f0_0, 0;
    %pushi/vec4 0, 0, 1;
    %assign/vec4 v0x560af935a9c0_0, 0;
    %wait E_0x560af931c8a0;
    %pushi/vec4 1, 0, 1;
    %assign/vec4 v0x560af935bb20_0, 0;
    %pushi/vec4 0, 0, 1;
    %assign/vec4 v0x560af935a750_0, 0;
    %pushi/vec4 0, 0, 1;
    %assign/vec4 v0x560af935a820_0, 0;
    %pushi/vec4 0, 0, 1;
    %assign/vec4 v0x560af935a8f0_0, 0;
    %pushi/vec4 0, 0, 1;
    %assign/vec4 v0x560af935a9c0_0, 0;
    %wait E_0x560af931c8a0;
    %pushi/vec4 1, 0, 1;
    %assign/vec4 v0x560af935a750_0, 0;
    %pushi/vec4 0, 0, 1;
    %assign/vec4 v0x560af935a820_0, 0;
    %pushi/vec4 0, 0, 1;
    %assign/vec4 v0x560af935a8f0_0, 0;
    %pushi/vec4 0, 0, 1;
    %assign/vec4 v0x560af935a9c0_0, 0;
    %wait E_0x560af931c8a0;
    %pushi/vec4 0, 0, 1;
    %assign/vec4 v0x560af935a750_0, 0;
    %pushi/vec4 1, 0, 1;
    %assign/vec4 v0x560af935a820_0, 0;
    %pushi/vec4 0, 0, 1;
    %assign/vec4 v0x560af935a8f0_0, 0;
    %pushi/vec4 0, 0, 1;
    %assign/vec4 v0x560af935a9c0_0, 0;
    %wait E_0x560af931c8a0;
    %pushi/vec4 0, 0, 1;
    %assign/vec4 v0x560af935a750_0, 0;
    %pushi/vec4 0, 0, 1;
    %assign/vec4 v0x560af935a820_0, 0;
    %pushi/vec4 1, 0, 1;
    %assign/vec4 v0x560af935a8f0_0, 0;
    %pushi/vec4 0, 0, 1;
    %assign/vec4 v0x560af935a9c0_0, 0;
    %wait E_0x560af931c8a0;
    %pushi/vec4 0, 0, 1;
    %assign/vec4 v0x560af935a750_0, 0;
    %pushi/vec4 0, 0, 1;
    %assign/vec4 v0x560af935a820_0, 0;
    %pushi/vec4 0, 0, 1;
    %assign/vec4 v0x560af935a8f0_0, 0;
    %pushi/vec4 1, 0, 1;
    %assign/vec4 v0x560af935a9c0_0, 0;
    %wait E_0x560af931c8a0;
    %wait E_0x560af931c8a0;
    %wait E_0x560af931c8a0;
    %pushi/vec4 1, 0, 1;
    %assign/vec4 v0x560af935bb20_0, 0;
    %pushi/vec4 0, 0, 1;
    %assign/vec4 v0x560af935a750_0, 0;
    %pushi/vec4 0, 0, 1;
    %assign/vec4 v0x560af935a820_0, 0;
    %pushi/vec4 0, 0, 1;
    %assign/vec4 v0x560af935a8f0_0, 0;
    %pushi/vec4 0, 0, 1;
    %assign/vec4 v0x560af935a9c0_0, 0;
    %pushi/vec4 0, 0, 1;
    %assign/vec4 v0x560af935aa90_0, 0;
    %pushi/vec4 0, 0, 1;
    %assign/vec4 v0x560af935ab30_0, 0;
    %pushi/vec4 0, 0, 1;
    %assign/vec4 v0x560af935abd0_0, 0;
    %pushi/vec4 0, 0, 1;
    %assign/vec4 v0x560af935ac70_0, 0;
    %wait E_0x560af931c8a0;
    %pushi/vec4 1, 0, 1;
    %assign/vec4 v0x560af935bb20_0, 0;
    %wait E_0x560af931c8a0;
    %pushi/vec4 1, 0, 1;
    %assign/vec4 v0x560af935a3e0_0, 0;
    %pushi/vec4 0, 0, 1;
    %assign/vec4 v0x560af935a480_0, 0;
    %pushi/vec4 0, 0, 1;
    %assign/vec4 v0x560af935a520_0, 0;
    %pushi/vec4 0, 0, 1;
    %assign/vec4 v0x560af935a5c0_0, 0;
    %wait E_0x560af931c8a0;
    %pushi/vec4 0, 0, 1;
    %assign/vec4 v0x560af935a3e0_0, 0;
    %pushi/vec4 1, 0, 1;
    %assign/vec4 v0x560af935a480_0, 0;
    %pushi/vec4 0, 0, 1;
    %assign/vec4 v0x560af935a520_0, 0;
    %pushi/vec4 0, 0, 1;
    %assign/vec4 v0x560af935a5c0_0, 0;
    %wait E_0x560af931c8a0;
    %wait E_0x560af931c8a0;
    %wait E_0x560af931c8a0;
    %wait E_0x560af931c8a0;
    %wait E_0x560af931c8a0;
    %wait E_0x560af931c8a0;
    %wait E_0x560af931c8a0;
    %wait E_0x560af931c8a0;
    %wait E_0x560af931c8a0;
    %vpi_call 4 136 "$finish" {0 0 0};
    %end;
    .thread T_1;
    .scope S_0x560af9359f60;
T_2 ;
    %pushi/vec4 1, 0, 1;
    %assign/vec4 v0x560af935a660_0, 0;
    %end;
    .thread T_2;
    .scope S_0x560af9359f60;
T_3 ;
    %delay 1, 0;
    %load/vec4 v0x560af935a660_0;
    %inv;
    %assign/vec4 v0x560af935a660_0, 0;
    %jmp T_3;
    .thread T_3;
# The file index is used to find the file name in the following table.
:file_names 5;
    "N/A";
    "<interactive>";
    "bancoRoundRobin.v";
    "./arbitro.v";
    "./probador_roundRobin.v";
