#! /usr/bin/vvp
:ivl_version "10.3 (stable)";
:ivl_delay_selection "TYPICAL";
:vpi_time_precision + 0;
:vpi_module "system";
:vpi_module "vhdl_sys";
:vpi_module "v2005_math";
:vpi_module "va_math";
S_0x565335b110d0 .scope module, "arbitro" "arbitro" 2 1;
 .timescale 0 0;
    .port_info 0 /INPUT 1 "clk"
    .port_info 1 /INPUT 1 "reset"
    .port_info 2 /INPUT 1 "almost_full_P0"
    .port_info 3 /INPUT 1 "almost_full_P1"
    .port_info 4 /INPUT 1 "almost_full_P2"
    .port_info 5 /INPUT 1 "almost_full_P3"
    .port_info 6 /INPUT 1 "empty_P0"
    .port_info 7 /INPUT 1 "empty_P1"
    .port_info 8 /INPUT 1 "empty_P2"
    .port_info 9 /INPUT 1 "empty_P3"
    .port_info 10 /INPUT 1 "empty_P4"
    .port_info 11 /INPUT 1 "empty_P5"
    .port_info 12 /INPUT 1 "empty_P6"
    .port_info 13 /INPUT 1 "empty_P7"
    .port_info 14 /OUTPUT 2 "select"
    .port_info 15 /OUTPUT 1 "pop_F0"
    .port_info 16 /OUTPUT 1 "pop_F1"
    .port_info 17 /OUTPUT 1 "pop_F2"
    .port_info 18 /OUTPUT 1 "pop_F3"
    .port_info 19 /OUTPUT 1 "push_F0"
    .port_info 20 /OUTPUT 1 "push_F1"
    .port_info 21 /OUTPUT 1 "push_F2"
    .port_info 22 /OUTPUT 1 "push_F3"
o0x7fb5e6a57018 .functor BUFZ 1, C4<z>; HiZ drive
v0x565335b3a2e0_0 .net "almost_full_P0", 0 0, o0x7fb5e6a57018;  0 drivers
o0x7fb5e6a57048 .functor BUFZ 1, C4<z>; HiZ drive
v0x565335b64e50_0 .net "almost_full_P1", 0 0, o0x7fb5e6a57048;  0 drivers
o0x7fb5e6a57078 .functor BUFZ 1, C4<z>; HiZ drive
v0x565335b64f10_0 .net "almost_full_P2", 0 0, o0x7fb5e6a57078;  0 drivers
o0x7fb5e6a570a8 .functor BUFZ 1, C4<z>; HiZ drive
v0x565335b64fb0_0 .net "almost_full_P3", 0 0, o0x7fb5e6a570a8;  0 drivers
o0x7fb5e6a570d8 .functor BUFZ 1, C4<z>; HiZ drive
v0x565335b65070_0 .net "clk", 0 0, o0x7fb5e6a570d8;  0 drivers
o0x7fb5e6a57108 .functor BUFZ 1, C4<z>; HiZ drive
v0x565335b65180_0 .net "empty_P0", 0 0, o0x7fb5e6a57108;  0 drivers
o0x7fb5e6a57138 .functor BUFZ 1, C4<z>; HiZ drive
v0x565335b65240_0 .net "empty_P1", 0 0, o0x7fb5e6a57138;  0 drivers
o0x7fb5e6a57168 .functor BUFZ 1, C4<z>; HiZ drive
v0x565335b65300_0 .net "empty_P2", 0 0, o0x7fb5e6a57168;  0 drivers
o0x7fb5e6a57198 .functor BUFZ 1, C4<z>; HiZ drive
v0x565335b653c0_0 .net "empty_P3", 0 0, o0x7fb5e6a57198;  0 drivers
o0x7fb5e6a571c8 .functor BUFZ 1, C4<z>; HiZ drive
v0x565335b65510_0 .net "empty_P4", 0 0, o0x7fb5e6a571c8;  0 drivers
o0x7fb5e6a571f8 .functor BUFZ 1, C4<z>; HiZ drive
v0x565335b655d0_0 .net "empty_P5", 0 0, o0x7fb5e6a571f8;  0 drivers
o0x7fb5e6a57228 .functor BUFZ 1, C4<z>; HiZ drive
v0x565335b65690_0 .net "empty_P6", 0 0, o0x7fb5e6a57228;  0 drivers
o0x7fb5e6a57258 .functor BUFZ 1, C4<z>; HiZ drive
v0x565335b65750_0 .net "empty_P7", 0 0, o0x7fb5e6a57258;  0 drivers
v0x565335b65810_0 .var "pop_F0", 0 0;
v0x565335b658d0_0 .var "pop_F1", 0 0;
v0x565335b65990_0 .var "pop_F2", 0 0;
v0x565335b65a50_0 .var "pop_F3", 0 0;
v0x565335b65c20_0 .var "push_F0", 0 0;
v0x565335b65ce0_0 .var "push_F1", 0 0;
v0x565335b65da0_0 .var "push_F2", 0 0;
v0x565335b65e60_0 .var "push_F3", 0 0;
o0x7fb5e6a57408 .functor BUFZ 1, C4<z>; HiZ drive
v0x565335b65f20_0 .net "reset", 0 0, o0x7fb5e6a57408;  0 drivers
v0x565335b65fe0_0 .var "select", 1 0;
E_0x565335b48c80 .event edge, v0x565335b3a2e0_0, v0x565335b64e50_0, v0x565335b64f10_0, v0x565335b64fb0_0;
E_0x565335b48ee0 .event posedge, v0x565335b65070_0;
    .scope S_0x565335b110d0;
T_0 ;
    %wait E_0x565335b48ee0;
    %load/vec4 v0x565335b65f20_0;
    %pad/u 32;
    %cmpi/e 0, 0, 32;
    %jmp/0xz  T_0.0, 4;
    %load/vec4 v0x565335b3a2e0_0;
    %inv;
    %load/vec4 v0x565335b64e50_0;
    %inv;
    %or;
    %load/vec4 v0x565335b64f10_0;
    %inv;
    %or;
    %load/vec4 v0x565335b64fb0_0;
    %inv;
    %or;
    %flag_set/vec4 8;
    %jmp/0xz  T_0.2, 8;
    %load/vec4 v0x565335b65180_0;
    %pad/u 32;
    %cmpi/e 0, 0, 32;
    %jmp/0xz  T_0.4, 4;
    %pushi/vec4 1, 0, 1;
    %assign/vec4 v0x565335b65810_0, 0;
    %pushi/vec4 0, 0, 1;
    %assign/vec4 v0x565335b658d0_0, 0;
    %pushi/vec4 0, 0, 1;
    %assign/vec4 v0x565335b65990_0, 0;
    %pushi/vec4 0, 0, 1;
    %assign/vec4 v0x565335b65a50_0, 0;
    %pushi/vec4 0, 0, 2;
    %assign/vec4 v0x565335b65fe0_0, 0;
    %jmp T_0.5;
T_0.4 ;
    %load/vec4 v0x565335b65240_0;
    %pad/u 32;
    %cmpi/e 0, 0, 32;
    %jmp/0xz  T_0.6, 4;
    %pushi/vec4 0, 0, 1;
    %assign/vec4 v0x565335b65810_0, 0;
    %pushi/vec4 1, 0, 1;
    %assign/vec4 v0x565335b658d0_0, 0;
    %pushi/vec4 0, 0, 1;
    %assign/vec4 v0x565335b65990_0, 0;
    %pushi/vec4 0, 0, 1;
    %assign/vec4 v0x565335b65a50_0, 0;
    %pushi/vec4 1, 0, 2;
    %assign/vec4 v0x565335b65fe0_0, 0;
    %jmp T_0.7;
T_0.6 ;
    %load/vec4 v0x565335b65300_0;
    %pad/u 32;
    %cmpi/e 0, 0, 32;
    %jmp/0xz  T_0.8, 4;
    %pushi/vec4 0, 0, 1;
    %assign/vec4 v0x565335b65810_0, 0;
    %pushi/vec4 0, 0, 1;
    %assign/vec4 v0x565335b658d0_0, 0;
    %pushi/vec4 1, 0, 1;
    %assign/vec4 v0x565335b65990_0, 0;
    %pushi/vec4 0, 0, 1;
    %assign/vec4 v0x565335b65a50_0, 0;
    %pushi/vec4 2, 0, 2;
    %assign/vec4 v0x565335b65fe0_0, 0;
    %jmp T_0.9;
T_0.8 ;
    %load/vec4 v0x565335b653c0_0;
    %pad/u 32;
    %cmpi/e 0, 0, 32;
    %jmp/0xz  T_0.10, 4;
    %pushi/vec4 0, 0, 1;
    %assign/vec4 v0x565335b65810_0, 0;
    %pushi/vec4 0, 0, 1;
    %assign/vec4 v0x565335b658d0_0, 0;
    %pushi/vec4 0, 0, 1;
    %assign/vec4 v0x565335b65990_0, 0;
    %pushi/vec4 1, 0, 1;
    %assign/vec4 v0x565335b65a50_0, 0;
    %pushi/vec4 3, 0, 2;
    %assign/vec4 v0x565335b65fe0_0, 0;
T_0.10 ;
T_0.9 ;
T_0.7 ;
T_0.5 ;
    %jmp T_0.3;
T_0.2 ;
    %load/vec4 v0x565335b3a2e0_0;
    %pad/u 32;
    %pushi/vec4 1, 0, 32;
    %cmp/e;
    %flag_get/vec4 4;
    %load/vec4 v0x565335b64e50_0;
    %pad/u 32;
    %pushi/vec4 1, 0, 32;
    %cmp/e;
    %flag_get/vec4 4;
    %or;
    %load/vec4 v0x565335b64f10_0;
    %pad/u 32;
    %pushi/vec4 1, 0, 32;
    %cmp/e;
    %flag_get/vec4 4;
    %or;
    %load/vec4 v0x565335b64fb0_0;
    %pad/u 32;
    %pushi/vec4 1, 0, 32;
    %cmp/e;
    %flag_get/vec4 4;
    %or;
    %flag_set/vec4 8;
    %jmp/0xz  T_0.12, 8;
    %pushi/vec4 0, 0, 1;
    %assign/vec4 v0x565335b65810_0, 0;
    %pushi/vec4 0, 0, 1;
    %assign/vec4 v0x565335b658d0_0, 0;
    %pushi/vec4 0, 0, 1;
    %assign/vec4 v0x565335b65990_0, 0;
    %pushi/vec4 0, 0, 1;
    %assign/vec4 v0x565335b65a50_0, 0;
T_0.12 ;
T_0.3 ;
    %jmp T_0.1;
T_0.0 ;
    %load/vec4 v0x565335b65f20_0;
    %pad/u 32;
    %cmpi/e 1, 0, 32;
    %jmp/0xz  T_0.14, 4;
    %pushi/vec4 0, 0, 1;
    %assign/vec4 v0x565335b65c20_0, 0;
    %pushi/vec4 0, 0, 1;
    %assign/vec4 v0x565335b65ce0_0, 0;
    %pushi/vec4 0, 0, 1;
    %assign/vec4 v0x565335b65da0_0, 0;
    %pushi/vec4 0, 0, 1;
    %assign/vec4 v0x565335b65e60_0, 0;
    %pushi/vec4 0, 0, 1;
    %assign/vec4 v0x565335b65810_0, 0;
    %pushi/vec4 0, 0, 1;
    %assign/vec4 v0x565335b658d0_0, 0;
    %pushi/vec4 0, 0, 1;
    %assign/vec4 v0x565335b65990_0, 0;
    %pushi/vec4 0, 0, 1;
    %assign/vec4 v0x565335b65a50_0, 0;
    %pushi/vec4 0, 0, 2;
    %assign/vec4 v0x565335b65fe0_0, 0;
T_0.14 ;
T_0.1 ;
    %jmp T_0;
    .thread T_0;
    .scope S_0x565335b110d0;
T_1 ;
    %wait E_0x565335b48c80;
    %load/vec4 v0x565335b3a2e0_0;
    %pad/u 32;
    %pushi/vec4 0, 0, 32;
    %cmp/e;
    %flag_get/vec4 4;
    %load/vec4 v0x565335b64e50_0;
    %pad/u 32;
    %pushi/vec4 0, 0, 32;
    %cmp/e;
    %flag_get/vec4 4;
    %and;
    %load/vec4 v0x565335b64f10_0;
    %pad/u 32;
    %pushi/vec4 0, 0, 32;
    %cmp/e;
    %flag_get/vec4 4;
    %and;
    %load/vec4 v0x565335b64fb0_0;
    %pad/u 32;
    %pushi/vec4 0, 0, 32;
    %cmp/e;
    %flag_get/vec4 4;
    %and;
    %flag_set/vec4 8;
    %jmp/0xz  T_1.0, 8;
    %pushi/vec4 1, 0, 1;
    %store/vec4 v0x565335b65c20_0, 0, 1;
    %pushi/vec4 1, 0, 1;
    %store/vec4 v0x565335b65ce0_0, 0, 1;
    %pushi/vec4 1, 0, 1;
    %store/vec4 v0x565335b65da0_0, 0, 1;
    %pushi/vec4 1, 0, 1;
    %store/vec4 v0x565335b65e60_0, 0, 1;
    %jmp T_1.1;
T_1.0 ;
    %pushi/vec4 0, 0, 1;
    %assign/vec4 v0x565335b65c20_0, 0;
    %pushi/vec4 0, 0, 1;
    %assign/vec4 v0x565335b65ce0_0, 0;
    %pushi/vec4 0, 0, 1;
    %assign/vec4 v0x565335b65da0_0, 0;
    %pushi/vec4 0, 0, 1;
    %assign/vec4 v0x565335b65e60_0, 0;
T_1.1 ;
    %jmp T_1;
    .thread T_1, $push;
# The file index is used to find the file name in the following table.
:file_names 3;
    "N/A";
    "<interactive>";
    "arbitro.v";
