#! /usr/bin/vvp
:ivl_version "10.3 (stable)";
:ivl_delay_selection "TYPICAL";
:vpi_time_precision + 0;
:vpi_module "system";
:vpi_module "vhdl_sys";
:vpi_module "v2005_math";
:vpi_module "va_math";
S_0x56540c4260d0 .scope module, "maquina_de_estados" "maquina_de_estados" 2 1;
 .timescale 0 0;
    .port_info 0 /INPUT 1 "clk"
    .port_info 1 /INPUT 1 "reset"
    .port_info 2 /INPUT 1 "init"
    .port_info 3 /INPUT 8 "bajo"
    .port_info 4 /INPUT 8 "alto"
    .port_info 5 /OUTPUT 4 "estado_actual"
    .port_info 6 /OUTPUT 4 "sig_estado"
    .port_info 7 /INPUT 8 "empty_fifos"
    .port_info 8 /OUTPUT 1 "active_out"
    .port_info 9 /OUTPUT 1 "next_active"
    .port_info 10 /OUTPUT 1 "idle_out"
    .port_info 11 /OUTPUT 1 "next_idle"
    .port_info 12 /OUTPUT 8 "bajo_out"
    .port_info 13 /OUTPUT 8 "alto_out"
    .port_info 14 /OUTPUT 8 "next_bajo"
    .port_info 15 /OUTPUT 8 "next_alto"
P_0x56540c426250 .param/l "ACTIVE" 0 2 37, C4<0100>;
P_0x56540c426290 .param/l "IDLE" 0 2 36, C4<0010>;
P_0x56540c4262d0 .param/l "INIT" 0 2 35, C4<0001>;
P_0x56540c426310 .param/l "RESET" 0 2 34, C4<0000>;
v0x56540c451860_0 .var "FIFO_empties", 7 0;
v0x56540c47f870_0 .var "active_out", 0 0;
o0x7f056cea9078 .functor BUFZ 8, C4<zzzzzzzz>; HiZ drive
v0x56540c47f930_0 .net "alto", 7 0, o0x7f056cea9078;  0 drivers
v0x56540c47f9f0_0 .var "alto_out", 7 0;
o0x7f056cea90d8 .functor BUFZ 8, C4<zzzzzzzz>; HiZ drive
v0x56540c47fad0_0 .net "bajo", 7 0, o0x7f056cea90d8;  0 drivers
v0x56540c47fbb0_0 .var "bajo_out", 7 0;
o0x7f056cea9138 .functor BUFZ 1, C4<z>; HiZ drive
v0x56540c47fc90_0 .net "clk", 0 0, o0x7f056cea9138;  0 drivers
o0x7f056cea9168 .functor BUFZ 8, C4<zzzzzzzz>; HiZ drive
v0x56540c47fd50_0 .net "empty_fifos", 7 0, o0x7f056cea9168;  0 drivers
v0x56540c47fe30_0 .var "estado_actual", 3 0;
v0x56540c47ff10_0 .var "idle_out", 0 0;
o0x7f056cea91f8 .functor BUFZ 1, C4<z>; HiZ drive
v0x56540c47ffd0_0 .net "init", 0 0, o0x7f056cea91f8;  0 drivers
v0x56540c480090_0 .var "next_active", 0 0;
v0x56540c480150_0 .var "next_alto", 7 0;
v0x56540c480230_0 .var "next_bajo", 7 0;
v0x56540c480310_0 .var "next_idle", 0 0;
o0x7f056cea92e8 .functor BUFZ 1, C4<z>; HiZ drive
v0x56540c4803d0_0 .net "reset", 0 0, o0x7f056cea92e8;  0 drivers
v0x56540c480490_0 .var "sig_estado", 3 0;
E_0x56540c45dc80/0 .event edge, v0x56540c47fd50_0, v0x56540c47fe30_0, v0x56540c47f870_0, v0x56540c47ff10_0;
E_0x56540c45dc80/1 .event edge, v0x56540c47f9f0_0, v0x56540c47fbb0_0, v0x56540c4803d0_0, v0x56540c47ffd0_0;
E_0x56540c45dc80/2 .event edge, v0x56540c47f930_0, v0x56540c47fad0_0, v0x56540c451860_0;
E_0x56540c45dc80 .event/or E_0x56540c45dc80/0, E_0x56540c45dc80/1, E_0x56540c45dc80/2;
E_0x56540c45d050 .event posedge, v0x56540c47fc90_0;
    .scope S_0x56540c4260d0;
T_0 ;
    %wait E_0x56540c45d050;
    %load/vec4 v0x56540c4803d0_0;
    %pad/u 32;
    %cmpi/e 1, 0, 32;
    %jmp/0xz  T_0.0, 4;
    %pushi/vec4 0, 0, 4;
    %assign/vec4 v0x56540c47fe30_0, 0;
    %pushi/vec4 0, 0, 1;
    %assign/vec4 v0x56540c47f870_0, 0;
    %pushi/vec4 0, 0, 1;
    %assign/vec4 v0x56540c47ff10_0, 0;
    %pushi/vec4 0, 0, 8;
    %assign/vec4 v0x56540c47fbb0_0, 0;
    %pushi/vec4 0, 0, 8;
    %assign/vec4 v0x56540c47f9f0_0, 0;
    %jmp T_0.1;
T_0.0 ;
    %load/vec4 v0x56540c480490_0;
    %assign/vec4 v0x56540c47fe30_0, 0;
    %load/vec4 v0x56540c480090_0;
    %assign/vec4 v0x56540c47f870_0, 0;
    %load/vec4 v0x56540c480310_0;
    %assign/vec4 v0x56540c47ff10_0, 0;
    %load/vec4 v0x56540c480230_0;
    %assign/vec4 v0x56540c47fbb0_0, 0;
    %load/vec4 v0x56540c480150_0;
    %assign/vec4 v0x56540c47f9f0_0, 0;
T_0.1 ;
    %jmp T_0;
    .thread T_0;
    .scope S_0x56540c4260d0;
T_1 ;
    %wait E_0x56540c45dc80;
    %load/vec4 v0x56540c47fd50_0;
    %parti/s 1, 0, 2;
    %ix/load 4, 0, 0;
    %flag_set/imm 4, 0;
    %store/vec4 v0x56540c451860_0, 4, 1;
    %load/vec4 v0x56540c47fd50_0;
    %parti/s 1, 1, 2;
    %ix/load 4, 1, 0;
    %flag_set/imm 4, 0;
    %store/vec4 v0x56540c451860_0, 4, 1;
    %load/vec4 v0x56540c47fd50_0;
    %parti/s 1, 2, 3;
    %ix/load 4, 2, 0;
    %flag_set/imm 4, 0;
    %store/vec4 v0x56540c451860_0, 4, 1;
    %load/vec4 v0x56540c47fd50_0;
    %parti/s 1, 3, 3;
    %ix/load 4, 3, 0;
    %flag_set/imm 4, 0;
    %store/vec4 v0x56540c451860_0, 4, 1;
    %load/vec4 v0x56540c47fd50_0;
    %parti/s 1, 4, 4;
    %ix/load 4, 4, 0;
    %flag_set/imm 4, 0;
    %store/vec4 v0x56540c451860_0, 4, 1;
    %load/vec4 v0x56540c47fd50_0;
    %parti/s 1, 5, 4;
    %ix/load 4, 5, 0;
    %flag_set/imm 4, 0;
    %store/vec4 v0x56540c451860_0, 4, 1;
    %load/vec4 v0x56540c47fd50_0;
    %parti/s 1, 6, 4;
    %ix/load 4, 6, 0;
    %flag_set/imm 4, 0;
    %store/vec4 v0x56540c451860_0, 4, 1;
    %load/vec4 v0x56540c47fd50_0;
    %parti/s 1, 7, 4;
    %ix/load 4, 7, 0;
    %flag_set/imm 4, 0;
    %store/vec4 v0x56540c451860_0, 4, 1;
    %load/vec4 v0x56540c47fe30_0;
    %store/vec4 v0x56540c480490_0, 0, 4;
    %load/vec4 v0x56540c47f870_0;
    %store/vec4 v0x56540c480090_0, 0, 1;
    %load/vec4 v0x56540c47ff10_0;
    %store/vec4 v0x56540c480310_0, 0, 1;
    %load/vec4 v0x56540c47f9f0_0;
    %store/vec4 v0x56540c480150_0, 0, 8;
    %load/vec4 v0x56540c47fbb0_0;
    %store/vec4 v0x56540c480230_0, 0, 8;
    %load/vec4 v0x56540c47fe30_0;
    %dup/vec4;
    %pushi/vec4 0, 0, 4;
    %cmp/u;
    %jmp/1 T_1.0, 6;
    %dup/vec4;
    %pushi/vec4 1, 0, 4;
    %cmp/u;
    %jmp/1 T_1.1, 6;
    %dup/vec4;
    %pushi/vec4 2, 0, 4;
    %cmp/u;
    %jmp/1 T_1.2, 6;
    %dup/vec4;
    %pushi/vec4 4, 0, 4;
    %cmp/u;
    %jmp/1 T_1.3, 6;
    %pushi/vec4 0, 0, 4;
    %store/vec4 v0x56540c480490_0, 0, 4;
    %jmp T_1.5;
T_1.0 ;
    %load/vec4 v0x56540c4803d0_0;
    %pad/u 32;
    %cmpi/e 0, 0, 32;
    %jmp/0xz  T_1.6, 4;
    %pushi/vec4 1, 0, 4;
    %store/vec4 v0x56540c480490_0, 0, 4;
    %jmp T_1.7;
T_1.6 ;
    %pushi/vec4 0, 0, 4;
    %store/vec4 v0x56540c480490_0, 0, 4;
T_1.7 ;
    %jmp T_1.5;
T_1.1 ;
    %load/vec4 v0x56540c47ffd0_0;
    %nor/r;
    %flag_set/vec4 8;
    %jmp/0xz  T_1.8, 8;
    %pushi/vec4 2, 0, 4;
    %store/vec4 v0x56540c480490_0, 0, 4;
    %jmp T_1.9;
T_1.8 ;
    %load/vec4 v0x56540c4803d0_0;
    %flag_set/vec4 8;
    %jmp/0xz  T_1.10, 8;
    %pushi/vec4 0, 0, 4;
    %store/vec4 v0x56540c480490_0, 0, 4;
    %jmp T_1.11;
T_1.10 ;
    %load/vec4 v0x56540c4803d0_0;
    %nor/r;
    %load/vec4 v0x56540c47ffd0_0;
    %and;
    %flag_set/vec4 8;
    %jmp/0xz  T_1.12, 8;
    %load/vec4 v0x56540c47f930_0;
    %store/vec4 v0x56540c480150_0, 0, 8;
    %load/vec4 v0x56540c47fad0_0;
    %store/vec4 v0x56540c480230_0, 0, 8;
    %pushi/vec4 1, 0, 4;
    %store/vec4 v0x56540c480490_0, 0, 4;
T_1.12 ;
T_1.11 ;
T_1.9 ;
    %jmp T_1.5;
T_1.2 ;
    %pushi/vec4 1, 0, 1;
    %store/vec4 v0x56540c480310_0, 0, 1;
    %load/vec4 v0x56540c451860_0;
    %parti/s 1, 0, 2;
    %pad/u 32;
    %pushi/vec4 0, 0, 32;
    %cmp/e;
    %flag_get/vec4 4;
    %load/vec4 v0x56540c451860_0;
    %parti/s 1, 1, 2;
    %pad/u 32;
    %pushi/vec4 0, 0, 32;
    %cmp/e;
    %flag_get/vec4 4;
    %and;
    %load/vec4 v0x56540c451860_0;
    %parti/s 1, 2, 3;
    %pad/u 32;
    %pushi/vec4 0, 0, 32;
    %cmp/e;
    %flag_get/vec4 4;
    %and;
    %load/vec4 v0x56540c451860_0;
    %parti/s 1, 3, 3;
    %pad/u 32;
    %pushi/vec4 0, 0, 32;
    %cmp/e;
    %flag_get/vec4 4;
    %and;
    %load/vec4 v0x56540c451860_0;
    %parti/s 1, 4, 4;
    %pad/u 32;
    %pushi/vec4 0, 0, 32;
    %cmp/e;
    %flag_get/vec4 4;
    %and;
    %load/vec4 v0x56540c451860_0;
    %parti/s 1, 5, 4;
    %pad/u 32;
    %pushi/vec4 0, 0, 32;
    %cmp/e;
    %flag_get/vec4 4;
    %and;
    %load/vec4 v0x56540c451860_0;
    %parti/s 1, 6, 4;
    %pad/u 32;
    %pushi/vec4 0, 0, 32;
    %cmp/e;
    %flag_get/vec4 4;
    %and;
    %load/vec4 v0x56540c451860_0;
    %parti/s 1, 7, 4;
    %pad/u 32;
    %pushi/vec4 0, 0, 32;
    %cmp/e;
    %flag_get/vec4 4;
    %and;
    %flag_set/vec4 8;
    %jmp/0xz  T_1.14, 8;
    %pushi/vec4 2, 0, 4;
    %store/vec4 v0x56540c480490_0, 0, 4;
    %jmp T_1.15;
T_1.14 ;
    %load/vec4 v0x56540c4803d0_0;
    %pad/u 32;
    %cmpi/e 1, 0, 32;
    %jmp/0xz  T_1.16, 4;
    %pushi/vec4 0, 0, 4;
    %store/vec4 v0x56540c480490_0, 0, 4;
    %jmp T_1.17;
T_1.16 ;
    %load/vec4 v0x56540c4803d0_0;
    %nor/r;
    %load/vec4 v0x56540c47ffd0_0;
    %and;
    %flag_set/vec4 8;
    %jmp/0xz  T_1.18, 8;
    %pushi/vec4 1, 0, 4;
    %store/vec4 v0x56540c480490_0, 0, 4;
    %jmp T_1.19;
T_1.18 ;
    %pushi/vec4 4, 0, 4;
    %store/vec4 v0x56540c480490_0, 0, 4;
T_1.19 ;
T_1.17 ;
T_1.15 ;
    %jmp T_1.5;
T_1.3 ;
    %load/vec4 v0x56540c4803d0_0;
    %pad/u 32;
    %cmpi/e 1, 0, 32;
    %jmp/0xz  T_1.20, 4;
    %pushi/vec4 0, 0, 4;
    %store/vec4 v0x56540c480490_0, 0, 4;
    %jmp T_1.21;
T_1.20 ;
    %load/vec4 v0x56540c4803d0_0;
    %nor/r;
    %load/vec4 v0x56540c47ffd0_0;
    %and;
    %flag_set/vec4 8;
    %jmp/0xz  T_1.22, 8;
    %pushi/vec4 1, 0, 4;
    %store/vec4 v0x56540c480490_0, 0, 4;
    %jmp T_1.23;
T_1.22 ;
    %load/vec4 v0x56540c451860_0;
    %pad/u 32;
    %cmpi/ne 0, 0, 32;
    %jmp/0xz  T_1.24, 4;
    %pushi/vec4 2, 0, 4;
    %store/vec4 v0x56540c480490_0, 0, 4;
    %jmp T_1.25;
T_1.24 ;
    %pushi/vec4 4, 0, 4;
    %store/vec4 v0x56540c480490_0, 0, 4;
T_1.25 ;
T_1.23 ;
T_1.21 ;
    %jmp T_1.5;
T_1.5 ;
    %pop/vec4 1;
    %jmp T_1;
    .thread T_1, $push;
# The file index is used to find the file name in the following table.
:file_names 3;
    "N/A";
    "<interactive>";
    "maquina_de_estados.v";
