#! /usr/bin/vvp
:ivl_version "10.3 (stable)";
:ivl_delay_selection "TYPICAL";
:vpi_time_precision + 0;
:vpi_module "system";
:vpi_module "vhdl_sys";
:vpi_module "v2005_math";
:vpi_module "va_math";
S_0x55a1236432f0 .scope module, "conexion" "conexion" 2 6;
 .timescale 0 0;
    .port_info 0 /INPUT 1 "clk"
    .port_info 1 /INPUT 1 "reset"
    .port_info 2 /INPUT 1 "pop4"
    .port_info 3 /INPUT 1 "pop5"
    .port_info 4 /INPUT 1 "pop6"
    .port_info 5 /INPUT 1 "pop7"
    .port_info 6 /INPUT 1 "push0"
    .port_info 7 /INPUT 1 "push1"
    .port_info 8 /INPUT 1 "push2"
    .port_info 9 /INPUT 1 "push3"
    .port_info 10 /INPUT 10 "FIFO_data_in0"
    .port_info 11 /INPUT 10 "FIFO_data_in1"
    .port_info 12 /INPUT 10 "FIFO_data_in2"
    .port_info 13 /INPUT 10 "FIFO_data_in3"
    .port_info 14 /OUTPUT 8 "empty_fifos"
    .port_info 15 /OUTPUT 10 "FIFO_data_out4"
    .port_info 16 /OUTPUT 10 "FIFO_data_out5"
    .port_info 17 /OUTPUT 10 "FIFO_data_out6"
    .port_info 18 /OUTPUT 10 "FIFO_data_out7"
P_0x55a12369e090 .param/l "address_width" 0 2 7, +C4<00000000000000000000000000001000>;
P_0x55a12369e0d0 .param/l "data_width" 0 2 6, +C4<00000000000000000000000000001010>;
o0x7fc15016fb58 .functor BUFZ 10, C4<zzzzzzzzzz>; HiZ drive
v0x55a1236d13a0_0 .net "FIFO_data_in0", 9 0, o0x7fc15016fb58;  0 drivers
o0x7fc150170188 .functor BUFZ 10, C4<zzzzzzzzzz>; HiZ drive
v0x55a1236d1480_0 .net "FIFO_data_in1", 9 0, o0x7fc150170188;  0 drivers
o0x7fc1501707b8 .functor BUFZ 10, C4<zzzzzzzzzz>; HiZ drive
v0x55a1236d1540_0 .net "FIFO_data_in2", 9 0, o0x7fc1501707b8;  0 drivers
o0x7fc150170de8 .functor BUFZ 10, C4<zzzzzzzzzz>; HiZ drive
v0x55a1236d15e0_0 .net "FIFO_data_in3", 9 0, o0x7fc150170de8;  0 drivers
v0x55a1236d16a0_0 .net "FIFO_data_in4", 9 0, v0x55a1236c0040_0;  1 drivers
v0x55a1236d1760_0 .net "FIFO_data_in5", 9 0, v0x55a1236c0100_0;  1 drivers
v0x55a1236d1820_0 .net "FIFO_data_in6", 9 0, v0x55a1236c01e0_0;  1 drivers
v0x55a1236d18e0_0 .net "FIFO_data_in7", 9 0, v0x55a1236c0310_0;  1 drivers
v0x55a1236d19a0_0 .net "FIFO_data_out0", 9 0, v0x55a1236c12f0_0;  1 drivers
v0x55a1236d1af0_0 .net "FIFO_data_out1", 9 0, v0x55a1236c3270_0;  1 drivers
v0x55a1236d1c00_0 .net "FIFO_data_out2", 9 0, v0x55a1236c5240_0;  1 drivers
v0x55a1236d1d10_0 .net "FIFO_data_out3", 9 0, v0x55a1236c71b0_0;  1 drivers
v0x55a1236d1e20_0 .net "FIFO_data_out4", 9 0, v0x55a1236c9230_0;  1 drivers
v0x55a1236d1f30_0 .net "FIFO_data_out5", 9 0, v0x55a1236cb1a0_0;  1 drivers
v0x55a1236d2040_0 .net "FIFO_data_out6", 9 0, v0x55a1236cd150_0;  1 drivers
v0x55a1236d2150_0 .net "FIFO_data_out7", 9 0, v0x55a1236cf140_0;  1 drivers
v0x55a1236d2260_0 .net "almost_full_P0", 0 0, v0x55a1236c9a60_0;  1 drivers
RS_0x7fc15016f048 .resolv tri, v0x55a1236cb9d0_0, v0x55a1236cd980_0;
v0x55a1236d2350_0 .net8 "almost_full_P1", 0 0, RS_0x7fc15016f048;  2 drivers
o0x7fc15016f078 .functor BUFZ 1, C4<z>; HiZ drive
v0x55a1236d23f0_0 .net "almost_full_P2", 0 0, o0x7fc15016f078;  0 drivers
v0x55a1236d2490_0 .net "almost_full_P3", 0 0, v0x55a1236cf970_0;  1 drivers
o0x7fc15016f828 .functor BUFZ 1, C4<z>; HiZ drive
v0x55a1236d2580_0 .net "clk", 0 0, o0x7fc15016f828;  0 drivers
v0x55a1236d2620_0 .net "empty_P0", 0 0, v0x55a1236c1dc0_0;  1 drivers
v0x55a1236d2710_0 .net "empty_P1", 0 0, v0x55a1236c3d70_0;  1 drivers
v0x55a1236d2800_0 .net "empty_P2", 0 0, v0x55a1236c5cf0_0;  1 drivers
v0x55a1236d28f0_0 .net "empty_P3", 0 0, v0x55a1236c7d70_0;  1 drivers
v0x55a1236d29e0_0 .net "empty_P4", 0 0, v0x55a1236c9cc0_0;  1 drivers
v0x55a1236d2a80_0 .net "empty_P5", 0 0, v0x55a1236cbc30_0;  1 drivers
v0x55a1236d2b20_0 .net "empty_P6", 0 0, v0x55a1236cdc20_0;  1 drivers
v0x55a1236d2bc0_0 .net "empty_P7", 0 0, v0x55a1236cfde0_0;  1 drivers
v0x55a1236d2c60_0 .var "empty_fifos", 7 0;
v0x55a1236d2d00_0 .net "out_demux", 9 0, v0x55a1236d1050_0;  1 drivers
o0x7fc15016fe88 .functor BUFZ 1, C4<z>; HiZ drive
v0x55a1236d2df0_0 .net "pop0", 0 0, o0x7fc15016fe88;  0 drivers
o0x7fc1501704b8 .functor BUFZ 1, C4<z>; HiZ drive
v0x55a1236d2e90_0 .net "pop1", 0 0, o0x7fc1501704b8;  0 drivers
o0x7fc150170ae8 .functor BUFZ 1, C4<z>; HiZ drive
v0x55a1236d3140_0 .net "pop2", 0 0, o0x7fc150170ae8;  0 drivers
o0x7fc150171118 .functor BUFZ 1, C4<z>; HiZ drive
v0x55a1236d31e0_0 .net "pop3", 0 0, o0x7fc150171118;  0 drivers
o0x7fc150171718 .functor BUFZ 1, C4<z>; HiZ drive
v0x55a1236d3280_0 .net "pop4", 0 0, o0x7fc150171718;  0 drivers
o0x7fc150171d18 .functor BUFZ 1, C4<z>; HiZ drive
v0x55a1236d3320_0 .net "pop5", 0 0, o0x7fc150171d18;  0 drivers
o0x7fc150172318 .functor BUFZ 1, C4<z>; HiZ drive
v0x55a1236d33c0_0 .net "pop6", 0 0, o0x7fc150172318;  0 drivers
o0x7fc150172918 .functor BUFZ 1, C4<z>; HiZ drive
v0x55a1236d3460_0 .net "pop7", 0 0, o0x7fc150172918;  0 drivers
v0x55a1236d3500_0 .net "pop_F0", 0 0, v0x55a1236bf040_0;  1 drivers
v0x55a1236d35a0_0 .net "pop_F1", 0 0, v0x55a1236bf100_0;  1 drivers
v0x55a1236d3640_0 .net "pop_F2", 0 0, v0x55a1236bf1c0_0;  1 drivers
v0x55a1236d36e0_0 .net "pop_F3", 0 0, v0x55a1236bf280_0;  1 drivers
o0x7fc15016feb8 .functor BUFZ 1, C4<z>; HiZ drive
v0x55a1236d3780_0 .net "push0", 0 0, o0x7fc15016feb8;  0 drivers
o0x7fc1501704e8 .functor BUFZ 1, C4<z>; HiZ drive
v0x55a1236d3850_0 .net "push1", 0 0, o0x7fc1501704e8;  0 drivers
o0x7fc150170b18 .functor BUFZ 1, C4<z>; HiZ drive
v0x55a1236d3920_0 .net "push2", 0 0, o0x7fc150170b18;  0 drivers
o0x7fc150171148 .functor BUFZ 1, C4<z>; HiZ drive
v0x55a1236d39f0_0 .net "push3", 0 0, o0x7fc150171148;  0 drivers
o0x7fc150171748 .functor BUFZ 1, C4<z>; HiZ drive
v0x55a1236d3ac0_0 .net "push4", 0 0, o0x7fc150171748;  0 drivers
o0x7fc150171d48 .functor BUFZ 1, C4<z>; HiZ drive
v0x55a1236d3b90_0 .net "push5", 0 0, o0x7fc150171d48;  0 drivers
o0x7fc150172348 .functor BUFZ 1, C4<z>; HiZ drive
v0x55a1236d3c60_0 .net "push6", 0 0, o0x7fc150172348;  0 drivers
o0x7fc150172948 .functor BUFZ 1, C4<z>; HiZ drive
v0x55a1236d3d30_0 .net "push7", 0 0, o0x7fc150172948;  0 drivers
RS_0x7fc15016f348 .resolv tri, v0x55a1236bf450_0, v0x55a1236bf510_0, v0x55a1236bf5b0_0, v0x55a1236bf650_0;
v0x55a1236d3e00_0 .net8 "push_F0", 0 0, RS_0x7fc15016f348;  4 drivers
o0x7fc15016f948 .functor BUFZ 1, C4<z>; HiZ drive
v0x55a1236d3ea0_0 .net "reset", 0 0, o0x7fc15016f948;  0 drivers
v0x55a1236d3f40_0 .net "select", 1 0, v0x55a1236bf790_0;  1 drivers
E_0x55a12362df20/0 .event edge, v0x55a123647740_0, v0x55a1236beb00_0, v0x55a1236bebc0_0, v0x55a1236bec80_0;
E_0x55a12362df20/1 .event edge, v0x55a1236c9cc0_0, v0x55a1236cbc30_0, v0x55a1236cdc20_0, v0x55a1236cfde0_0;
E_0x55a12362df20 .event/or E_0x55a12362df20/0, E_0x55a12362df20/1;
L_0x55a123672ef0 .part v0x55a1236d1050_0, 0, 2;
S_0x55a1236267d0 .scope module, "Arbitro2" "arbitro" 2 213, 3 1 0, S_0x55a1236432f0;
 .timescale 0 0;
    .port_info 0 /INPUT 1 "clk"
    .port_info 1 /INPUT 1 "reset"
    .port_info 2 /INPUT 1 "almost_full_P0"
    .port_info 3 /INPUT 1 "almost_full_P1"
    .port_info 4 /INPUT 1 "almost_full_P2"
    .port_info 5 /INPUT 1 "almost_full_P3"
    .port_info 6 /INPUT 1 "empty_P0"
    .port_info 7 /INPUT 1 "empty_P1"
    .port_info 8 /INPUT 1 "empty_P2"
    .port_info 9 /INPUT 1 "empty_P3"
    .port_info 10 /INPUT 1 "empty_P4"
    .port_info 11 /INPUT 1 "empty_P5"
    .port_info 12 /INPUT 1 "empty_P6"
    .port_info 13 /INPUT 1 "empty_P7"
    .port_info 14 /OUTPUT 2 "select"
    .port_info 15 /OUTPUT 1 "pop_F0"
    .port_info 16 /OUTPUT 1 "pop_F1"
    .port_info 17 /OUTPUT 1 "pop_F2"
    .port_info 18 /OUTPUT 1 "pop_F3"
    .port_info 19 /OUTPUT 1 "push_F0"
    .port_info 20 /OUTPUT 1 "push_F1"
    .port_info 21 /OUTPUT 1 "push_F2"
    .port_info 22 /OUTPUT 1 "push_F3"
v0x55a12366df30_0 .net "almost_full_P0", 0 0, v0x55a1236c9a60_0;  alias, 1 drivers
v0x55a12366f650_0 .net8 "almost_full_P1", 0 0, RS_0x7fc15016f048;  alias, 2 drivers
v0x55a123670d20_0 .net "almost_full_P2", 0 0, o0x7fc15016f078;  alias, 0 drivers
v0x55a12366be10_0 .net "almost_full_P3", 0 0, v0x55a1236cf970_0;  alias, 1 drivers
o0x7fc15016f0d8 .functor BUFZ 1, C4<z>; HiZ drive
v0x55a12366cc80_0 .net "clk", 0 0, o0x7fc15016f0d8;  0 drivers
v0x55a123647740_0 .net "empty_P0", 0 0, v0x55a1236c1dc0_0;  alias, 1 drivers
v0x55a1236beb00_0 .net "empty_P1", 0 0, v0x55a1236c3d70_0;  alias, 1 drivers
v0x55a1236bebc0_0 .net "empty_P2", 0 0, v0x55a1236c5cf0_0;  alias, 1 drivers
v0x55a1236bec80_0 .net "empty_P3", 0 0, v0x55a1236c7d70_0;  alias, 1 drivers
o0x7fc15016f1c8 .functor BUFZ 1, C4<z>; HiZ drive
v0x55a1236bed40_0 .net "empty_P4", 0 0, o0x7fc15016f1c8;  0 drivers
o0x7fc15016f1f8 .functor BUFZ 1, C4<z>; HiZ drive
v0x55a1236bee00_0 .net "empty_P5", 0 0, o0x7fc15016f1f8;  0 drivers
o0x7fc15016f228 .functor BUFZ 1, C4<z>; HiZ drive
v0x55a1236beec0_0 .net "empty_P6", 0 0, o0x7fc15016f228;  0 drivers
o0x7fc15016f258 .functor BUFZ 1, C4<z>; HiZ drive
v0x55a1236bef80_0 .net "empty_P7", 0 0, o0x7fc15016f258;  0 drivers
v0x55a1236bf040_0 .var "pop_F0", 0 0;
v0x55a1236bf100_0 .var "pop_F1", 0 0;
v0x55a1236bf1c0_0 .var "pop_F2", 0 0;
v0x55a1236bf280_0 .var "pop_F3", 0 0;
v0x55a1236bf450_0 .var "push_F0", 0 0;
v0x55a1236bf510_0 .var "push_F1", 0 0;
v0x55a1236bf5b0_0 .var "push_F2", 0 0;
v0x55a1236bf650_0 .var "push_F3", 0 0;
o0x7fc15016f378 .functor BUFZ 1, C4<z>; HiZ drive
v0x55a1236bf6f0_0 .net "reset", 0 0, o0x7fc15016f378;  0 drivers
v0x55a1236bf790_0 .var "select", 1 0;
E_0x55a12362d640 .event posedge, v0x55a12366cc80_0;
S_0x55a1236bfb50 .scope module, "demux" "demux4x1" 2 131, 4 7 0, S_0x55a1236432f0;
 .timescale 0 0;
    .port_info 0 /INPUT 1 "clk"
    .port_info 1 /INPUT 1 "reset"
    .port_info 2 /INPUT 2 "select"
    .port_info 3 /INPUT 10 "in_conductual"
    .port_info 4 /OUTPUT 10 "out_0"
    .port_info 5 /OUTPUT 10 "out_1"
    .port_info 6 /OUTPUT 10 "out_2"
    .port_info 7 /OUTPUT 10 "out_3"
v0x55a1236bfe80_0 .net "clk", 0 0, o0x7fc15016f828;  alias, 0 drivers
v0x55a1236bff60_0 .net "in_conductual", 9 0, v0x55a1236d1050_0;  alias, 1 drivers
v0x55a1236c0040_0 .var "out_0", 9 0;
v0x55a1236c0100_0 .var "out_1", 9 0;
v0x55a1236c01e0_0 .var "out_2", 9 0;
v0x55a1236c0310_0 .var "out_3", 9 0;
v0x55a1236c03f0_0 .net "reset", 0 0, o0x7fc15016f948;  alias, 0 drivers
v0x55a1236c04b0_0 .net "select", 1 0, L_0x55a123672ef0;  1 drivers
E_0x55a12362d1f0 .event posedge, v0x55a1236bfe80_0;
S_0x55a1236c06e0 .scope module, "fifo0" "Fifo" 2 58, 5 6 0, S_0x55a1236432f0;
 .timescale 0 0;
    .port_info 0 /INPUT 1 "clk"
    .port_info 1 /INPUT 1 "reset"
    .port_info 2 /OUTPUT 1 "wr_enable"
    .port_info 3 /OUTPUT 1 "rd_enable"
    .port_info 4 /INPUT 10 "FIFO_data_in"
    .port_info 5 /INPUT 1 "pop"
    .port_info 6 /INPUT 1 "push"
    .port_info 7 /OUTPUT 1 "full_fifo"
    .port_info 8 /OUTPUT 1 "empty_fifo"
    .port_info 9 /OUTPUT 1 "almost_empty_fifo"
    .port_info 10 /OUTPUT 1 "almost_full_fifo"
    .port_info 11 /OUTPUT 1 "error"
    .port_info 12 /OUTPUT 10 "FIFO_data_out"
P_0x55a1236c0860 .param/l "address_width" 0 5 7, +C4<00000000000000000000000000001000>;
P_0x55a1236c08a0 .param/l "data_width" 0 5 6, +C4<00000000000000000000000000001010>;
P_0x55a1236c08e0 .param/l "size_fifo" 0 5 23, +C4<000000000000000000000000000000111>;
v0x55a1236c18a0_0 .net "FIFO_data_in", 9 0, o0x7fc15016fb58;  alias, 0 drivers
v0x55a1236c19b0_0 .net "FIFO_data_out", 9 0, v0x55a1236c12f0_0;  alias, 1 drivers
v0x55a1236c1a80_0 .var "almost_empty_fifo", 0 0;
v0x55a1236c1b50_0 .var "almost_full_fifo", 0 0;
v0x55a1236c1bf0_0 .net "clk", 0 0, o0x7fc15016f828;  alias, 0 drivers
v0x55a1236c1ce0_0 .var "cnt", 2 0;
v0x55a1236c1dc0_0 .var "empty_fifo", 0 0;
o0x7fc15016fe28 .functor BUFZ 1, C4<z>; HiZ drive
v0x55a1236c1e60_0 .net "error", 0 0, o0x7fc15016fe28;  0 drivers
v0x55a1236c1f00_0 .var "full_fifo", 0 0;
v0x55a1236c2050_0 .net "pop", 0 0, o0x7fc15016fe88;  alias, 0 drivers
v0x55a1236c2110_0 .net "push", 0 0, o0x7fc15016feb8;  alias, 0 drivers
v0x55a1236c21d0_0 .var "rd_enable", 0 0;
v0x55a1236c2270_0 .net "reset", 0 0, o0x7fc15016f948;  alias, 0 drivers
v0x55a1236c2310_0 .var "wr_enable", 0 0;
S_0x55a1236c0b90 .scope module, "mem" "memoria" 5 30, 6 3 0, S_0x55a1236c06e0;
 .timescale 0 0;
    .port_info 0 /INPUT 10 "memo_data_in"
    .port_info 1 /INPUT 1 "clk"
    .port_info 2 /INPUT 1 "reset"
    .port_info 3 /INPUT 1 "wrmem_enable"
    .port_info 4 /INPUT 1 "rdmem_enable"
    .port_info 5 /OUTPUT 10 "memo_data_out"
P_0x55a1236434c0 .param/l "address_width" 0 6 4, +C4<00000000000000000000000000001000>;
P_0x55a123643500 .param/l "data_width" 0 6 3, +C4<00000000000000000000000000001010>;
v0x55a1236c0f90_0 .net "clk", 0 0, o0x7fc15016f828;  alias, 0 drivers
v0x55a1236c1080_0 .var/i "i", 31 0;
v0x55a1236c1140 .array "mem", 0 7, 9 0;
v0x55a1236c1210_0 .net "memo_data_in", 9 0, o0x7fc15016fb58;  alias, 0 drivers
v0x55a1236c12f0_0 .var "memo_data_out", 9 0;
v0x55a1236c1420_0 .var "rd_ptr", 2 0;
v0x55a1236c1500_0 .net "rdmem_enable", 0 0, v0x55a1236c21d0_0;  1 drivers
v0x55a1236c15c0_0 .net "reset", 0 0, o0x7fc15016f948;  alias, 0 drivers
v0x55a1236c1660_0 .var "wr_ptr", 2 0;
v0x55a1236c1720_0 .net "wrmem_enable", 0 0, v0x55a1236c2310_0;  1 drivers
S_0x55a1236c2510 .scope module, "fifo1" "Fifo" 2 72, 5 6 0, S_0x55a1236432f0;
 .timescale 0 0;
    .port_info 0 /INPUT 1 "clk"
    .port_info 1 /INPUT 1 "reset"
    .port_info 2 /OUTPUT 1 "wr_enable"
    .port_info 3 /OUTPUT 1 "rd_enable"
    .port_info 4 /INPUT 10 "FIFO_data_in"
    .port_info 5 /INPUT 1 "pop"
    .port_info 6 /INPUT 1 "push"
    .port_info 7 /OUTPUT 1 "full_fifo"
    .port_info 8 /OUTPUT 1 "empty_fifo"
    .port_info 9 /OUTPUT 1 "almost_empty_fifo"
    .port_info 10 /OUTPUT 1 "almost_full_fifo"
    .port_info 11 /OUTPUT 1 "error"
    .port_info 12 /OUTPUT 10 "FIFO_data_out"
P_0x55a1236c26e0 .param/l "address_width" 0 5 7, +C4<00000000000000000000000000001000>;
P_0x55a1236c2720 .param/l "data_width" 0 5 6, +C4<00000000000000000000000000001010>;
P_0x55a1236c2760 .param/l "size_fifo" 0 5 23, +C4<000000000000000000000000000000111>;
v0x55a1236c3840_0 .net "FIFO_data_in", 9 0, o0x7fc150170188;  alias, 0 drivers
v0x55a1236c3920_0 .net "FIFO_data_out", 9 0, v0x55a1236c3270_0;  alias, 1 drivers
v0x55a1236c39f0_0 .var "almost_empty_fifo", 0 0;
v0x55a1236c3ac0_0 .var "almost_full_fifo", 0 0;
v0x55a1236c3b60_0 .net "clk", 0 0, o0x7fc15016f828;  alias, 0 drivers
v0x55a1236c3c90_0 .var "cnt", 2 0;
v0x55a1236c3d70_0 .var "empty_fifo", 0 0;
o0x7fc150170458 .functor BUFZ 1, C4<z>; HiZ drive
v0x55a1236c3e10_0 .net "error", 0 0, o0x7fc150170458;  0 drivers
v0x55a1236c3eb0_0 .var "full_fifo", 0 0;
v0x55a1236c4000_0 .net "pop", 0 0, o0x7fc1501704b8;  alias, 0 drivers
v0x55a1236c40c0_0 .net "push", 0 0, o0x7fc1501704e8;  alias, 0 drivers
v0x55a1236c4180_0 .var "rd_enable", 0 0;
v0x55a1236c4250_0 .net "reset", 0 0, o0x7fc15016f948;  alias, 0 drivers
v0x55a1236c4380_0 .var "wr_enable", 0 0;
S_0x55a1236c2b00 .scope module, "mem" "memoria" 5 30, 6 3 0, S_0x55a1236c2510;
 .timescale 0 0;
    .port_info 0 /INPUT 10 "memo_data_in"
    .port_info 1 /INPUT 1 "clk"
    .port_info 2 /INPUT 1 "reset"
    .port_info 3 /INPUT 1 "wrmem_enable"
    .port_info 4 /INPUT 1 "rdmem_enable"
    .port_info 5 /OUTPUT 10 "memo_data_out"
P_0x55a1236c2800 .param/l "address_width" 0 6 4, +C4<00000000000000000000000000001000>;
P_0x55a1236c2840 .param/l "data_width" 0 6 3, +C4<00000000000000000000000000001010>;
v0x55a1236c2f20_0 .net "clk", 0 0, o0x7fc15016f828;  alias, 0 drivers
v0x55a1236c2fe0_0 .var/i "i", 31 0;
v0x55a1236c30c0 .array "mem", 0 7, 9 0;
v0x55a1236c3190_0 .net "memo_data_in", 9 0, o0x7fc150170188;  alias, 0 drivers
v0x55a1236c3270_0 .var "memo_data_out", 9 0;
v0x55a1236c33a0_0 .var "rd_ptr", 2 0;
v0x55a1236c3480_0 .net "rdmem_enable", 0 0, v0x55a1236c4180_0;  1 drivers
v0x55a1236c3540_0 .net "reset", 0 0, o0x7fc15016f948;  alias, 0 drivers
v0x55a1236c35e0_0 .var "wr_ptr", 2 0;
v0x55a1236c36c0_0 .net "wrmem_enable", 0 0, v0x55a1236c4380_0;  1 drivers
S_0x55a1236c45b0 .scope module, "fifo2" "Fifo" 2 87, 5 6 0, S_0x55a1236432f0;
 .timescale 0 0;
    .port_info 0 /INPUT 1 "clk"
    .port_info 1 /INPUT 1 "reset"
    .port_info 2 /OUTPUT 1 "wr_enable"
    .port_info 3 /OUTPUT 1 "rd_enable"
    .port_info 4 /INPUT 10 "FIFO_data_in"
    .port_info 5 /INPUT 1 "pop"
    .port_info 6 /INPUT 1 "push"
    .port_info 7 /OUTPUT 1 "full_fifo"
    .port_info 8 /OUTPUT 1 "empty_fifo"
    .port_info 9 /OUTPUT 1 "almost_empty_fifo"
    .port_info 10 /OUTPUT 1 "almost_full_fifo"
    .port_info 11 /OUTPUT 1 "error"
    .port_info 12 /OUTPUT 10 "FIFO_data_out"
P_0x55a1236c4730 .param/l "address_width" 0 5 7, +C4<00000000000000000000000000001000>;
P_0x55a1236c4770 .param/l "data_width" 0 5 6, +C4<00000000000000000000000000001010>;
P_0x55a1236c47b0 .param/l "size_fifo" 0 5 23, +C4<000000000000000000000000000000111>;
v0x55a1236c5850_0 .net "FIFO_data_in", 9 0, o0x7fc1501707b8;  alias, 0 drivers
v0x55a1236c5930_0 .net "FIFO_data_out", 9 0, v0x55a1236c5240_0;  alias, 1 drivers
v0x55a1236c5a00_0 .var "almost_empty_fifo", 0 0;
v0x55a1236c5ad0_0 .var "almost_full_fifo", 0 0;
v0x55a1236c5b70_0 .net "clk", 0 0, o0x7fc15016f828;  alias, 0 drivers
v0x55a1236c5c10_0 .var "cnt", 2 0;
v0x55a1236c5cf0_0 .var "empty_fifo", 0 0;
o0x7fc150170a88 .functor BUFZ 1, C4<z>; HiZ drive
v0x55a1236c5d90_0 .net "error", 0 0, o0x7fc150170a88;  0 drivers
v0x55a1236c5e30_0 .var "full_fifo", 0 0;
v0x55a1236c5f80_0 .net "pop", 0 0, o0x7fc150170ae8;  alias, 0 drivers
v0x55a1236c6040_0 .net "push", 0 0, o0x7fc150170b18;  alias, 0 drivers
v0x55a1236c6100_0 .var "rd_enable", 0 0;
v0x55a1236c61d0_0 .net "reset", 0 0, o0x7fc15016f948;  alias, 0 drivers
v0x55a1236c6270_0 .var "wr_enable", 0 0;
S_0x55a1236c4b20 .scope module, "mem" "memoria" 5 30, 6 3 0, S_0x55a1236c45b0;
 .timescale 0 0;
    .port_info 0 /INPUT 10 "memo_data_in"
    .port_info 1 /INPUT 1 "clk"
    .port_info 2 /INPUT 1 "reset"
    .port_info 3 /INPUT 1 "wrmem_enable"
    .port_info 4 /INPUT 1 "rdmem_enable"
    .port_info 5 /OUTPUT 10 "memo_data_out"
P_0x55a1236c4850 .param/l "address_width" 0 6 4, +C4<00000000000000000000000000001000>;
P_0x55a1236c4890 .param/l "data_width" 0 6 3, +C4<00000000000000000000000000001010>;
v0x55a1236c4ef0_0 .net "clk", 0 0, o0x7fc15016f828;  alias, 0 drivers
v0x55a1236c4fb0_0 .var/i "i", 31 0;
v0x55a1236c5090 .array "mem", 0 7, 9 0;
v0x55a1236c5160_0 .net "memo_data_in", 9 0, o0x7fc1501707b8;  alias, 0 drivers
v0x55a1236c5240_0 .var "memo_data_out", 9 0;
v0x55a1236c5370_0 .var "rd_ptr", 2 0;
v0x55a1236c5450_0 .net "rdmem_enable", 0 0, v0x55a1236c6100_0;  1 drivers
v0x55a1236c5510_0 .net "reset", 0 0, o0x7fc15016f948;  alias, 0 drivers
v0x55a1236c55b0_0 .var "wr_ptr", 2 0;
v0x55a1236c5690_0 .net "wrmem_enable", 0 0, v0x55a1236c6270_0;  1 drivers
S_0x55a1236c64a0 .scope module, "fifo3" "Fifo" 2 104, 5 6 0, S_0x55a1236432f0;
 .timescale 0 0;
    .port_info 0 /INPUT 1 "clk"
    .port_info 1 /INPUT 1 "reset"
    .port_info 2 /OUTPUT 1 "wr_enable"
    .port_info 3 /OUTPUT 1 "rd_enable"
    .port_info 4 /INPUT 10 "FIFO_data_in"
    .port_info 5 /INPUT 1 "pop"
    .port_info 6 /INPUT 1 "push"
    .port_info 7 /OUTPUT 1 "full_fifo"
    .port_info 8 /OUTPUT 1 "empty_fifo"
    .port_info 9 /OUTPUT 1 "almost_empty_fifo"
    .port_info 10 /OUTPUT 1 "almost_full_fifo"
    .port_info 11 /OUTPUT 1 "error"
    .port_info 12 /OUTPUT 10 "FIFO_data_out"
P_0x55a1236c6620 .param/l "address_width" 0 5 7, +C4<00000000000000000000000000001000>;
P_0x55a1236c6660 .param/l "data_width" 0 5 6, +C4<00000000000000000000000000001010>;
P_0x55a1236c66a0 .param/l "size_fifo" 0 5 23, +C4<000000000000000000000000000000111>;
v0x55a1236c77c0_0 .net "FIFO_data_in", 9 0, o0x7fc150170de8;  alias, 0 drivers
v0x55a1236c78a0_0 .net "FIFO_data_out", 9 0, v0x55a1236c71b0_0;  alias, 1 drivers
v0x55a1236c7970_0 .var "almost_empty_fifo", 0 0;
v0x55a1236c7a40_0 .var "almost_full_fifo", 0 0;
v0x55a1236c7ae0_0 .net "clk", 0 0, o0x7fc15016f828;  alias, 0 drivers
v0x55a1236c7c90_0 .var "cnt", 2 0;
v0x55a1236c7d70_0 .var "empty_fifo", 0 0;
o0x7fc1501710b8 .functor BUFZ 1, C4<z>; HiZ drive
v0x55a1236c7e10_0 .net "error", 0 0, o0x7fc1501710b8;  0 drivers
v0x55a1236c7eb0_0 .var "full_fifo", 0 0;
v0x55a1236c7f70_0 .net "pop", 0 0, o0x7fc150171118;  alias, 0 drivers
v0x55a1236c8030_0 .net "push", 0 0, o0x7fc150171148;  alias, 0 drivers
v0x55a1236c80f0_0 .var "rd_enable", 0 0;
v0x55a1236c81c0_0 .net "reset", 0 0, o0x7fc15016f948;  alias, 0 drivers
v0x55a1236c8370_0 .var "wr_enable", 0 0;
S_0x55a1236c6a40 .scope module, "mem" "memoria" 5 30, 6 3 0, S_0x55a1236c64a0;
 .timescale 0 0;
    .port_info 0 /INPUT 10 "memo_data_in"
    .port_info 1 /INPUT 1 "clk"
    .port_info 2 /INPUT 1 "reset"
    .port_info 3 /INPUT 1 "wrmem_enable"
    .port_info 4 /INPUT 1 "rdmem_enable"
    .port_info 5 /OUTPUT 10 "memo_data_out"
P_0x55a1236c6740 .param/l "address_width" 0 6 4, +C4<00000000000000000000000000001000>;
P_0x55a1236c6780 .param/l "data_width" 0 6 3, +C4<00000000000000000000000000001010>;
v0x55a1236c6e60_0 .net "clk", 0 0, o0x7fc15016f828;  alias, 0 drivers
v0x55a1236c6f20_0 .var/i "i", 31 0;
v0x55a1236c7000 .array "mem", 0 7, 9 0;
v0x55a1236c70d0_0 .net "memo_data_in", 9 0, o0x7fc150170de8;  alias, 0 drivers
v0x55a1236c71b0_0 .var "memo_data_out", 9 0;
v0x55a1236c72e0_0 .var "rd_ptr", 2 0;
v0x55a1236c73c0_0 .net "rdmem_enable", 0 0, v0x55a1236c80f0_0;  1 drivers
v0x55a1236c7480_0 .net "reset", 0 0, o0x7fc15016f948;  alias, 0 drivers
v0x55a1236c7520_0 .var "wr_ptr", 2 0;
v0x55a1236c7600_0 .net "wrmem_enable", 0 0, v0x55a1236c8370_0;  1 drivers
S_0x55a1236c85a0 .scope module, "fifo4" "Fifo" 2 149, 5 6 0, S_0x55a1236432f0;
 .timescale 0 0;
    .port_info 0 /INPUT 1 "clk"
    .port_info 1 /INPUT 1 "reset"
    .port_info 2 /OUTPUT 1 "wr_enable"
    .port_info 3 /OUTPUT 1 "rd_enable"
    .port_info 4 /INPUT 10 "FIFO_data_in"
    .port_info 5 /INPUT 1 "pop"
    .port_info 6 /INPUT 1 "push"
    .port_info 7 /OUTPUT 1 "full_fifo"
    .port_info 8 /OUTPUT 1 "empty_fifo"
    .port_info 9 /OUTPUT 1 "almost_empty_fifo"
    .port_info 10 /OUTPUT 1 "almost_full_fifo"
    .port_info 11 /OUTPUT 1 "error"
    .port_info 12 /OUTPUT 10 "FIFO_data_out"
P_0x55a1236c8720 .param/l "address_width" 0 5 7, +C4<00000000000000000000000000001000>;
P_0x55a1236c8760 .param/l "data_width" 0 5 6, +C4<00000000000000000000000000001010>;
P_0x55a1236c87a0 .param/l "size_fifo" 0 5 23, +C4<000000000000000000000000000000111>;
v0x55a1236c9820_0 .net "FIFO_data_in", 9 0, v0x55a1236c0040_0;  alias, 1 drivers
v0x55a1236c9900_0 .net "FIFO_data_out", 9 0, v0x55a1236c9230_0;  alias, 1 drivers
v0x55a1236c99c0_0 .var "almost_empty_fifo", 0 0;
v0x55a1236c9a60_0 .var "almost_full_fifo", 0 0;
v0x55a1236c9b30_0 .net "clk", 0 0, o0x7fc15016f828;  alias, 0 drivers
v0x55a1236c9c20_0 .var "cnt", 2 0;
v0x55a1236c9cc0_0 .var "empty_fifo", 0 0;
o0x7fc1501716b8 .functor BUFZ 1, C4<z>; HiZ drive
v0x55a1236c9d80_0 .net "error", 0 0, o0x7fc1501716b8;  0 drivers
v0x55a1236c9e40_0 .var "full_fifo", 0 0;
v0x55a1236c9f90_0 .net "pop", 0 0, o0x7fc150171718;  alias, 0 drivers
v0x55a1236ca050_0 .net "push", 0 0, o0x7fc150171748;  alias, 0 drivers
v0x55a1236ca110_0 .var "rd_enable", 0 0;
v0x55a1236ca1b0_0 .net "reset", 0 0, o0x7fc15016f948;  alias, 0 drivers
v0x55a1236ca250_0 .var "wr_enable", 0 0;
S_0x55a1236c8ab0 .scope module, "mem" "memoria" 5 30, 6 3 0, S_0x55a1236c85a0;
 .timescale 0 0;
    .port_info 0 /INPUT 10 "memo_data_in"
    .port_info 1 /INPUT 1 "clk"
    .port_info 2 /INPUT 1 "reset"
    .port_info 3 /INPUT 1 "wrmem_enable"
    .port_info 4 /INPUT 1 "rdmem_enable"
    .port_info 5 /OUTPUT 10 "memo_data_out"
P_0x55a1236c42f0 .param/l "address_width" 0 6 4, +C4<00000000000000000000000000001000>;
P_0x55a1236c4330 .param/l "data_width" 0 6 3, +C4<00000000000000000000000000001010>;
v0x55a1236c8ed0_0 .net "clk", 0 0, o0x7fc15016f828;  alias, 0 drivers
v0x55a1236c8f90_0 .var/i "i", 31 0;
v0x55a1236c9070 .array "mem", 0 7, 9 0;
v0x55a1236c9140_0 .net "memo_data_in", 9 0, v0x55a1236c0040_0;  alias, 1 drivers
v0x55a1236c9230_0 .var "memo_data_out", 9 0;
v0x55a1236c9340_0 .var "rd_ptr", 2 0;
v0x55a1236c9420_0 .net "rdmem_enable", 0 0, v0x55a1236ca110_0;  1 drivers
v0x55a1236c94e0_0 .net "reset", 0 0, o0x7fc15016f948;  alias, 0 drivers
v0x55a1236c9580_0 .var "wr_ptr", 2 0;
v0x55a1236c9660_0 .net "wrmem_enable", 0 0, v0x55a1236ca250_0;  1 drivers
S_0x55a1236ca480 .scope module, "fifo5" "Fifo" 2 164, 5 6 0, S_0x55a1236432f0;
 .timescale 0 0;
    .port_info 0 /INPUT 1 "clk"
    .port_info 1 /INPUT 1 "reset"
    .port_info 2 /OUTPUT 1 "wr_enable"
    .port_info 3 /OUTPUT 1 "rd_enable"
    .port_info 4 /INPUT 10 "FIFO_data_in"
    .port_info 5 /INPUT 1 "pop"
    .port_info 6 /INPUT 1 "push"
    .port_info 7 /OUTPUT 1 "full_fifo"
    .port_info 8 /OUTPUT 1 "empty_fifo"
    .port_info 9 /OUTPUT 1 "almost_empty_fifo"
    .port_info 10 /OUTPUT 1 "almost_full_fifo"
    .port_info 11 /OUTPUT 1 "error"
    .port_info 12 /OUTPUT 10 "FIFO_data_out"
P_0x55a1236ca600 .param/l "address_width" 0 5 7, +C4<00000000000000000000000000001000>;
P_0x55a1236ca640 .param/l "data_width" 0 5 6, +C4<00000000000000000000000000001010>;
P_0x55a1236ca680 .param/l "size_fifo" 0 5 23, +C4<000000000000000000000000000000111>;
v0x55a1236cb790_0 .net "FIFO_data_in", 9 0, v0x55a1236c0100_0;  alias, 1 drivers
v0x55a1236cb870_0 .net "FIFO_data_out", 9 0, v0x55a1236cb1a0_0;  alias, 1 drivers
v0x55a1236cb930_0 .var "almost_empty_fifo", 0 0;
v0x55a1236cb9d0_0 .var "almost_full_fifo", 0 0;
v0x55a1236cbaa0_0 .net "clk", 0 0, o0x7fc15016f828;  alias, 0 drivers
v0x55a1236cbb90_0 .var "cnt", 2 0;
v0x55a1236cbc30_0 .var "empty_fifo", 0 0;
o0x7fc150171cb8 .functor BUFZ 1, C4<z>; HiZ drive
v0x55a1236cbcf0_0 .net "error", 0 0, o0x7fc150171cb8;  0 drivers
v0x55a1236cbdb0_0 .var "full_fifo", 0 0;
v0x55a1236cbf00_0 .net "pop", 0 0, o0x7fc150171d18;  alias, 0 drivers
v0x55a1236cbfc0_0 .net "push", 0 0, o0x7fc150171d48;  alias, 0 drivers
v0x55a1236cc080_0 .var "rd_enable", 0 0;
v0x55a1236cc120_0 .net "reset", 0 0, o0x7fc15016f948;  alias, 0 drivers
v0x55a1236cc1c0_0 .var "wr_enable", 0 0;
S_0x55a1236caa20 .scope module, "mem" "memoria" 5 30, 6 3 0, S_0x55a1236ca480;
 .timescale 0 0;
    .port_info 0 /INPUT 10 "memo_data_in"
    .port_info 1 /INPUT 1 "clk"
    .port_info 2 /INPUT 1 "reset"
    .port_info 3 /INPUT 1 "wrmem_enable"
    .port_info 4 /INPUT 1 "rdmem_enable"
    .port_info 5 /OUTPUT 10 "memo_data_out"
P_0x55a1236ca720 .param/l "address_width" 0 6 4, +C4<00000000000000000000000000001000>;
P_0x55a1236ca760 .param/l "data_width" 0 6 3, +C4<00000000000000000000000000001010>;
v0x55a1236cae40_0 .net "clk", 0 0, o0x7fc15016f828;  alias, 0 drivers
v0x55a1236caf00_0 .var/i "i", 31 0;
v0x55a1236cafe0 .array "mem", 0 7, 9 0;
v0x55a1236cb0b0_0 .net "memo_data_in", 9 0, v0x55a1236c0100_0;  alias, 1 drivers
v0x55a1236cb1a0_0 .var "memo_data_out", 9 0;
v0x55a1236cb2b0_0 .var "rd_ptr", 2 0;
v0x55a1236cb390_0 .net "rdmem_enable", 0 0, v0x55a1236cc080_0;  1 drivers
v0x55a1236cb450_0 .net "reset", 0 0, o0x7fc15016f948;  alias, 0 drivers
v0x55a1236cb4f0_0 .var "wr_ptr", 2 0;
v0x55a1236cb5d0_0 .net "wrmem_enable", 0 0, v0x55a1236cc1c0_0;  1 drivers
S_0x55a1236cc3f0 .scope module, "fifo6" "Fifo" 2 180, 5 6 0, S_0x55a1236432f0;
 .timescale 0 0;
    .port_info 0 /INPUT 1 "clk"
    .port_info 1 /INPUT 1 "reset"
    .port_info 2 /OUTPUT 1 "wr_enable"
    .port_info 3 /OUTPUT 1 "rd_enable"
    .port_info 4 /INPUT 10 "FIFO_data_in"
    .port_info 5 /INPUT 1 "pop"
    .port_info 6 /INPUT 1 "push"
    .port_info 7 /OUTPUT 1 "full_fifo"
    .port_info 8 /OUTPUT 1 "empty_fifo"
    .port_info 9 /OUTPUT 1 "almost_empty_fifo"
    .port_info 10 /OUTPUT 1 "almost_full_fifo"
    .port_info 11 /OUTPUT 1 "error"
    .port_info 12 /OUTPUT 10 "FIFO_data_out"
P_0x55a1236cc600 .param/l "address_width" 0 5 7, +C4<00000000000000000000000000001000>;
P_0x55a1236cc640 .param/l "data_width" 0 5 6, +C4<00000000000000000000000000001010>;
P_0x55a1236cc680 .param/l "size_fifo" 0 5 23, +C4<000000000000000000000000000000111>;
v0x55a1236cd740_0 .net "FIFO_data_in", 9 0, v0x55a1236c01e0_0;  alias, 1 drivers
v0x55a1236cd820_0 .net "FIFO_data_out", 9 0, v0x55a1236cd150_0;  alias, 1 drivers
v0x55a1236cd8e0_0 .var "almost_empty_fifo", 0 0;
v0x55a1236cd980_0 .var "almost_full_fifo", 0 0;
v0x55a1236cda70_0 .net "clk", 0 0, o0x7fc15016f828;  alias, 0 drivers
v0x55a1236cdb60_0 .var "cnt", 2 0;
v0x55a1236cdc20_0 .var "empty_fifo", 0 0;
o0x7fc1501722b8 .functor BUFZ 1, C4<z>; HiZ drive
v0x55a1236cdce0_0 .net "error", 0 0, o0x7fc1501722b8;  0 drivers
v0x55a1236cdda0_0 .var "full_fifo", 0 0;
v0x55a1236cdef0_0 .net "pop", 0 0, o0x7fc150172318;  alias, 0 drivers
v0x55a1236cdfb0_0 .net "push", 0 0, o0x7fc150172348;  alias, 0 drivers
v0x55a1236ce070_0 .var "rd_enable", 0 0;
v0x55a1236ce110_0 .net "reset", 0 0, o0x7fc15016f948;  alias, 0 drivers
v0x55a1236ce1b0_0 .var "wr_enable", 0 0;
S_0x55a1236cca20 .scope module, "mem" "memoria" 5 30, 6 3 0, S_0x55a1236cc3f0;
 .timescale 0 0;
    .port_info 0 /INPUT 10 "memo_data_in"
    .port_info 1 /INPUT 1 "clk"
    .port_info 2 /INPUT 1 "reset"
    .port_info 3 /INPUT 1 "wrmem_enable"
    .port_info 4 /INPUT 1 "rdmem_enable"
    .port_info 5 /OUTPUT 10 "memo_data_out"
P_0x55a1236cc720 .param/l "address_width" 0 6 4, +C4<00000000000000000000000000001000>;
P_0x55a1236cc760 .param/l "data_width" 0 6 3, +C4<00000000000000000000000000001010>;
v0x55a1236ccdf0_0 .net "clk", 0 0, o0x7fc15016f828;  alias, 0 drivers
v0x55a1236cceb0_0 .var/i "i", 31 0;
v0x55a1236ccf90 .array "mem", 0 7, 9 0;
v0x55a1236cd060_0 .net "memo_data_in", 9 0, v0x55a1236c01e0_0;  alias, 1 drivers
v0x55a1236cd150_0 .var "memo_data_out", 9 0;
v0x55a1236cd260_0 .var "rd_ptr", 2 0;
v0x55a1236cd340_0 .net "rdmem_enable", 0 0, v0x55a1236ce070_0;  1 drivers
v0x55a1236cd400_0 .net "reset", 0 0, o0x7fc15016f948;  alias, 0 drivers
v0x55a1236cd4a0_0 .var "wr_ptr", 2 0;
v0x55a1236cd580_0 .net "wrmem_enable", 0 0, v0x55a1236ce1b0_0;  1 drivers
S_0x55a1236ce420 .scope module, "fifo7" "Fifo" 2 198, 5 6 0, S_0x55a1236432f0;
 .timescale 0 0;
    .port_info 0 /INPUT 1 "clk"
    .port_info 1 /INPUT 1 "reset"
    .port_info 2 /OUTPUT 1 "wr_enable"
    .port_info 3 /OUTPUT 1 "rd_enable"
    .port_info 4 /INPUT 10 "FIFO_data_in"
    .port_info 5 /INPUT 1 "pop"
    .port_info 6 /INPUT 1 "push"
    .port_info 7 /OUTPUT 1 "full_fifo"
    .port_info 8 /OUTPUT 1 "empty_fifo"
    .port_info 9 /OUTPUT 1 "almost_empty_fifo"
    .port_info 10 /OUTPUT 1 "almost_full_fifo"
    .port_info 11 /OUTPUT 1 "error"
    .port_info 12 /OUTPUT 10 "FIFO_data_out"
P_0x55a1236ce5a0 .param/l "address_width" 0 5 7, +C4<00000000000000000000000000001000>;
P_0x55a1236ce5e0 .param/l "data_width" 0 5 6, +C4<00000000000000000000000000001010>;
P_0x55a1236ce620 .param/l "size_fifo" 0 5 23, +C4<000000000000000000000000000000111>;
v0x55a1236cf730_0 .net "FIFO_data_in", 9 0, v0x55a1236c0310_0;  alias, 1 drivers
v0x55a1236cf810_0 .net "FIFO_data_out", 9 0, v0x55a1236cf140_0;  alias, 1 drivers
v0x55a1236cf8d0_0 .var "almost_empty_fifo", 0 0;
v0x55a1236cf970_0 .var "almost_full_fifo", 0 0;
v0x55a1236cfa40_0 .net "clk", 0 0, o0x7fc15016f828;  alias, 0 drivers
v0x55a1236cfd40_0 .var "cnt", 2 0;
v0x55a1236cfde0_0 .var "empty_fifo", 0 0;
o0x7fc1501728b8 .functor BUFZ 1, C4<z>; HiZ drive
v0x55a1236cfea0_0 .net "error", 0 0, o0x7fc1501728b8;  0 drivers
v0x55a1236cff60_0 .var "full_fifo", 0 0;
v0x55a1236d00b0_0 .net "pop", 0 0, o0x7fc150172918;  alias, 0 drivers
v0x55a1236d0170_0 .net "push", 0 0, o0x7fc150172948;  alias, 0 drivers
v0x55a1236d0230_0 .var "rd_enable", 0 0;
v0x55a1236d02d0_0 .net "reset", 0 0, o0x7fc15016f948;  alias, 0 drivers
v0x55a1236d0580_0 .var "wr_enable", 0 0;
S_0x55a1236ce9c0 .scope module, "mem" "memoria" 5 30, 6 3 0, S_0x55a1236ce420;
 .timescale 0 0;
    .port_info 0 /INPUT 10 "memo_data_in"
    .port_info 1 /INPUT 1 "clk"
    .port_info 2 /INPUT 1 "reset"
    .port_info 3 /INPUT 1 "wrmem_enable"
    .port_info 4 /INPUT 1 "rdmem_enable"
    .port_info 5 /OUTPUT 10 "memo_data_out"
P_0x55a1236ce6c0 .param/l "address_width" 0 6 4, +C4<00000000000000000000000000001000>;
P_0x55a1236ce700 .param/l "data_width" 0 6 3, +C4<00000000000000000000000000001010>;
v0x55a1236cede0_0 .net "clk", 0 0, o0x7fc15016f828;  alias, 0 drivers
v0x55a1236ceea0_0 .var/i "i", 31 0;
v0x55a1236cef80 .array "mem", 0 7, 9 0;
v0x55a1236cf050_0 .net "memo_data_in", 9 0, v0x55a1236c0310_0;  alias, 1 drivers
v0x55a1236cf140_0 .var "memo_data_out", 9 0;
v0x55a1236cf250_0 .var "rd_ptr", 2 0;
v0x55a1236cf330_0 .net "rdmem_enable", 0 0, v0x55a1236d0230_0;  1 drivers
v0x55a1236cf3f0_0 .net "reset", 0 0, o0x7fc15016f948;  alias, 0 drivers
v0x55a1236cf490_0 .var "wr_ptr", 2 0;
v0x55a1236cf570_0 .net "wrmem_enable", 0 0, v0x55a1236d0580_0;  1 drivers
S_0x55a1236d0820 .scope module, "mux" "mux4x1" 2 120, 7 7 0, S_0x55a1236432f0;
 .timescale 0 0;
    .port_info 0 /INPUT 1 "clk"
    .port_info 1 /INPUT 1 "reset"
    .port_info 2 /INPUT 2 "select"
    .port_info 3 /INPUT 10 "in_0"
    .port_info 4 /INPUT 10 "in_1"
    .port_info 5 /INPUT 10 "in_2"
    .port_info 6 /INPUT 10 "in_3"
    .port_info 7 /OUTPUT 10 "out_conductual"
o0x7fc150172be8 .functor BUFZ 1, C4<z>; HiZ drive
v0x55a1236d0b00_0 .net "clk", 0 0, o0x7fc150172be8;  0 drivers
v0x55a1236d0be0_0 .net "in_0", 9 0, o0x7fc15016fb58;  alias, 0 drivers
v0x55a1236d0cf0_0 .net "in_1", 9 0, o0x7fc150170188;  alias, 0 drivers
v0x55a1236d0de0_0 .net "in_2", 9 0, o0x7fc1501707b8;  alias, 0 drivers
v0x55a1236d0ef0_0 .net "in_3", 9 0, o0x7fc150170de8;  alias, 0 drivers
v0x55a1236d1050_0 .var "out_conductual", 9 0;
o0x7fc150172c18 .functor BUFZ 1, C4<z>; HiZ drive
v0x55a1236d1110_0 .net "reset", 0 0, o0x7fc150172c18;  0 drivers
v0x55a1236d11b0_0 .net "select", 1 0, v0x55a1236bf790_0;  alias, 1 drivers
E_0x55a12362d430 .event posedge, v0x55a1236d0b00_0;
    .scope S_0x55a1236c0b90;
T_0 ;
    %wait E_0x55a12362d1f0;
    %load/vec4 v0x55a1236c15c0_0;
    %flag_set/vec4 8;
    %jmp/0xz  T_0.0, 8;
    %pushi/vec4 0, 0, 32;
    %store/vec4 v0x55a1236c1080_0, 0, 32;
T_0.2 ;
    %load/vec4 v0x55a1236c1080_0;
    %cmpi/s 8, 0, 32;
    %jmp/0xz T_0.3, 5;
    %pushi/vec4 0, 0, 10;
    %ix/getv/s 3, v0x55a1236c1080_0;
    %ix/load 4, 0, 0; Constant delay
    %assign/vec4/a/d v0x55a1236c1140, 0, 4;
    %pushi/vec4 0, 0, 3;
    %assign/vec4 v0x55a1236c1660_0, 0;
    %load/vec4 v0x55a1236c1080_0;
    %addi 1, 0, 32;
    %store/vec4 v0x55a1236c1080_0, 0, 32;
    %jmp T_0.2;
T_0.3 ;
    %jmp T_0.1;
T_0.0 ;
    %load/vec4 v0x55a1236c1720_0;
    %flag_set/vec4 8;
    %jmp/0xz  T_0.4, 8;
    %load/vec4 v0x55a1236c1210_0;
    %load/vec4 v0x55a1236c1660_0;
    %pad/u 5;
    %ix/vec4 3;
    %ix/load 4, 0, 0; Constant delay
    %assign/vec4/a/d v0x55a1236c1140, 0, 4;
    %load/vec4 v0x55a1236c1660_0;
    %addi 1, 0, 3;
    %assign/vec4 v0x55a1236c1660_0, 0;
T_0.4 ;
T_0.1 ;
    %jmp T_0;
    .thread T_0;
    .scope S_0x55a1236c0b90;
T_1 ;
    %wait E_0x55a12362d1f0;
    %pushi/vec4 0, 0, 10;
    %assign/vec4 v0x55a1236c12f0_0, 0;
    %load/vec4 v0x55a1236c15c0_0;
    %flag_set/vec4 8;
    %jmp/0xz  T_1.0, 8;
    %pushi/vec4 0, 0, 10;
    %assign/vec4 v0x55a1236c12f0_0, 0;
    %pushi/vec4 0, 0, 3;
    %assign/vec4 v0x55a1236c1420_0, 0;
    %jmp T_1.1;
T_1.0 ;
    %load/vec4 v0x55a1236c1500_0;
    %flag_set/vec4 8;
    %jmp/0xz  T_1.2, 8;
    %load/vec4 v0x55a1236c1420_0;
    %pad/u 5;
    %ix/vec4 4;
    %load/vec4a v0x55a1236c1140, 4;
    %assign/vec4 v0x55a1236c12f0_0, 0;
    %pushi/vec4 0, 0, 10;
    %load/vec4 v0x55a1236c1420_0;
    %pad/u 5;
    %ix/vec4 3;
    %ix/load 4, 0, 0; Constant delay
    %assign/vec4/a/d v0x55a1236c1140, 0, 4;
    %load/vec4 v0x55a1236c1420_0;
    %addi 1, 0, 3;
    %assign/vec4 v0x55a1236c1420_0, 0;
T_1.2 ;
T_1.1 ;
    %jmp T_1;
    .thread T_1;
    .scope S_0x55a1236c06e0;
T_2 ;
    %wait E_0x55a12362d1f0;
    %load/vec4 v0x55a1236c2270_0;
    %pad/u 32;
    %cmpi/e 0, 0, 32;
    %jmp/0xz  T_2.0, 4;
    %load/vec4 v0x55a1236c2110_0;
    %flag_set/vec4 8;
    %jmp/0xz  T_2.2, 8;
    %pushi/vec4 1, 0, 1;
    %assign/vec4 v0x55a1236c2310_0, 0;
    %jmp T_2.3;
T_2.2 ;
    %load/vec4 v0x55a1236c2110_0;
    %inv;
    %flag_set/vec4 8;
    %jmp/0xz  T_2.4, 8;
    %pushi/vec4 0, 0, 1;
    %assign/vec4 v0x55a1236c2310_0, 0;
T_2.4 ;
T_2.3 ;
    %load/vec4 v0x55a1236c2050_0;
    %flag_set/vec4 8;
    %jmp/0xz  T_2.6, 8;
    %pushi/vec4 1, 0, 1;
    %assign/vec4 v0x55a1236c21d0_0, 0;
    %jmp T_2.7;
T_2.6 ;
    %load/vec4 v0x55a1236c2050_0;
    %inv;
    %flag_set/vec4 8;
    %jmp/0xz  T_2.8, 8;
    %pushi/vec4 0, 0, 1;
    %assign/vec4 v0x55a1236c21d0_0, 0;
T_2.8 ;
T_2.7 ;
    %jmp T_2.1;
T_2.0 ;
    %pushi/vec4 0, 0, 1;
    %assign/vec4 v0x55a1236c21d0_0, 0;
    %pushi/vec4 0, 0, 1;
    %assign/vec4 v0x55a1236c2310_0, 0;
    %pushi/vec4 0, 0, 1;
    %assign/vec4 v0x55a1236c1f00_0, 0;
    %pushi/vec4 0, 0, 1;
    %assign/vec4 v0x55a1236c1dc0_0, 0;
T_2.1 ;
    %jmp T_2;
    .thread T_2;
    .scope S_0x55a1236c06e0;
T_3 ;
    %wait E_0x55a12362d1f0;
    %load/vec4 v0x55a1236c2270_0;
    %inv;
    %flag_set/vec4 8;
    %jmp/0xz  T_3.0, 8;
    %load/vec4 v0x55a1236c2310_0;
    %pad/u 32;
    %cmpi/e 1, 0, 32;
    %jmp/0xz  T_3.2, 4;
    %load/vec4 v0x55a1236c21d0_0;
    %flag_set/vec4 8;
    %jmp/0xz  T_3.4, 8;
    %load/vec4 v0x55a1236c1ce0_0;
    %assign/vec4 v0x55a1236c1ce0_0, 0;
    %jmp T_3.5;
T_3.4 ;
    %load/vec4 v0x55a1236c1ce0_0;
    %addi 1, 0, 3;
    %assign/vec4 v0x55a1236c1ce0_0, 0;
T_3.5 ;
    %jmp T_3.3;
T_3.2 ;
    %load/vec4 v0x55a1236c2310_0;
    %pad/u 32;
    %cmpi/e 0, 0, 32;
    %jmp/0xz  T_3.6, 4;
    %load/vec4 v0x55a1236c21d0_0;
    %flag_set/vec4 8;
    %jmp/0xz  T_3.8, 8;
    %load/vec4 v0x55a1236c1ce0_0;
    %pad/u 32;
    %cmpi/u 0, 0, 32;
    %flag_or 5, 4;
    %jmp/0xz  T_3.10, 5;
    %load/vec4 v0x55a1236c1ce0_0;
    %assign/vec4 v0x55a1236c1ce0_0, 0;
    %jmp T_3.11;
T_3.10 ;
    %load/vec4 v0x55a1236c1ce0_0;
    %subi 1, 0, 3;
    %assign/vec4 v0x55a1236c1ce0_0, 0;
T_3.11 ;
    %jmp T_3.9;
T_3.8 ;
    %load/vec4 v0x55a1236c1ce0_0;
    %assign/vec4 v0x55a1236c1ce0_0, 0;
T_3.9 ;
T_3.6 ;
T_3.3 ;
    %load/vec4 v0x55a1236c1ce0_0;
    %pad/u 33;
    %pushi/vec4 7, 0, 33;
    %cmp/e;
    %flag_get/vec4 4;
    %load/vec4 v0x55a1236c21d0_0;
    %inv;
    %and;
    %flag_set/vec4 8;
    %jmp/0xz  T_3.12, 8;
    %pushi/vec4 7, 0, 3;
    %assign/vec4 v0x55a1236c1ce0_0, 0;
T_3.12 ;
    %jmp T_3.1;
T_3.0 ;
    %pushi/vec4 0, 0, 3;
    %assign/vec4 v0x55a1236c1ce0_0, 0;
T_3.1 ;
    %jmp T_3;
    .thread T_3;
    .scope S_0x55a1236c06e0;
T_4 ;
    %wait E_0x55a12362d1f0;
    %load/vec4 v0x55a1236c1ce0_0;
    %cmpi/e 7, 0, 3;
    %jmp/0xz  T_4.0, 4;
    %pushi/vec4 1, 0, 1;
    %assign/vec4 v0x55a1236c1f00_0, 0;
    %jmp T_4.1;
T_4.0 ;
    %pushi/vec4 0, 0, 1;
    %assign/vec4 v0x55a1236c1f00_0, 0;
T_4.1 ;
    %load/vec4 v0x55a1236c1ce0_0;
    %pad/u 32;
    %cmpi/e 0, 0, 32;
    %jmp/0xz  T_4.2, 4;
    %pushi/vec4 1, 0, 1;
    %assign/vec4 v0x55a1236c1dc0_0, 0;
    %jmp T_4.3;
T_4.2 ;
    %pushi/vec4 0, 0, 1;
    %assign/vec4 v0x55a1236c1dc0_0, 0;
T_4.3 ;
    %load/vec4 v0x55a1236c1ce0_0;
    %pad/u 32;
    %cmpi/e 1, 0, 32;
    %jmp/0xz  T_4.4, 4;
    %pushi/vec4 1, 0, 1;
    %assign/vec4 v0x55a1236c1a80_0, 0;
    %jmp T_4.5;
T_4.4 ;
    %pushi/vec4 0, 0, 1;
    %assign/vec4 v0x55a1236c1a80_0, 0;
T_4.5 ;
    %load/vec4 v0x55a1236c1ce0_0;
    %pad/u 33;
    %cmpi/e 6, 0, 33;
    %jmp/0xz  T_4.6, 4;
    %pushi/vec4 1, 0, 1;
    %assign/vec4 v0x55a1236c1b50_0, 0;
    %jmp T_4.7;
T_4.6 ;
    %pushi/vec4 0, 0, 1;
    %assign/vec4 v0x55a1236c1b50_0, 0;
T_4.7 ;
    %jmp T_4;
    .thread T_4;
    .scope S_0x55a1236c2b00;
T_5 ;
    %wait E_0x55a12362d1f0;
    %load/vec4 v0x55a1236c3540_0;
    %flag_set/vec4 8;
    %jmp/0xz  T_5.0, 8;
    %pushi/vec4 0, 0, 32;
    %store/vec4 v0x55a1236c2fe0_0, 0, 32;
T_5.2 ;
    %load/vec4 v0x55a1236c2fe0_0;
    %cmpi/s 8, 0, 32;
    %jmp/0xz T_5.3, 5;
    %pushi/vec4 0, 0, 10;
    %ix/getv/s 3, v0x55a1236c2fe0_0;
    %ix/load 4, 0, 0; Constant delay
    %assign/vec4/a/d v0x55a1236c30c0, 0, 4;
    %pushi/vec4 0, 0, 3;
    %assign/vec4 v0x55a1236c35e0_0, 0;
    %load/vec4 v0x55a1236c2fe0_0;
    %addi 1, 0, 32;
    %store/vec4 v0x55a1236c2fe0_0, 0, 32;
    %jmp T_5.2;
T_5.3 ;
    %jmp T_5.1;
T_5.0 ;
    %load/vec4 v0x55a1236c36c0_0;
    %flag_set/vec4 8;
    %jmp/0xz  T_5.4, 8;
    %load/vec4 v0x55a1236c3190_0;
    %load/vec4 v0x55a1236c35e0_0;
    %pad/u 5;
    %ix/vec4 3;
    %ix/load 4, 0, 0; Constant delay
    %assign/vec4/a/d v0x55a1236c30c0, 0, 4;
    %load/vec4 v0x55a1236c35e0_0;
    %addi 1, 0, 3;
    %assign/vec4 v0x55a1236c35e0_0, 0;
T_5.4 ;
T_5.1 ;
    %jmp T_5;
    .thread T_5;
    .scope S_0x55a1236c2b00;
T_6 ;
    %wait E_0x55a12362d1f0;
    %pushi/vec4 0, 0, 10;
    %assign/vec4 v0x55a1236c3270_0, 0;
    %load/vec4 v0x55a1236c3540_0;
    %flag_set/vec4 8;
    %jmp/0xz  T_6.0, 8;
    %pushi/vec4 0, 0, 10;
    %assign/vec4 v0x55a1236c3270_0, 0;
    %pushi/vec4 0, 0, 3;
    %assign/vec4 v0x55a1236c33a0_0, 0;
    %jmp T_6.1;
T_6.0 ;
    %load/vec4 v0x55a1236c3480_0;
    %flag_set/vec4 8;
    %jmp/0xz  T_6.2, 8;
    %load/vec4 v0x55a1236c33a0_0;
    %pad/u 5;
    %ix/vec4 4;
    %load/vec4a v0x55a1236c30c0, 4;
    %assign/vec4 v0x55a1236c3270_0, 0;
    %pushi/vec4 0, 0, 10;
    %load/vec4 v0x55a1236c33a0_0;
    %pad/u 5;
    %ix/vec4 3;
    %ix/load 4, 0, 0; Constant delay
    %assign/vec4/a/d v0x55a1236c30c0, 0, 4;
    %load/vec4 v0x55a1236c33a0_0;
    %addi 1, 0, 3;
    %assign/vec4 v0x55a1236c33a0_0, 0;
T_6.2 ;
T_6.1 ;
    %jmp T_6;
    .thread T_6;
    .scope S_0x55a1236c2510;
T_7 ;
    %wait E_0x55a12362d1f0;
    %load/vec4 v0x55a1236c4250_0;
    %pad/u 32;
    %cmpi/e 0, 0, 32;
    %jmp/0xz  T_7.0, 4;
    %load/vec4 v0x55a1236c40c0_0;
    %flag_set/vec4 8;
    %jmp/0xz  T_7.2, 8;
    %pushi/vec4 1, 0, 1;
    %assign/vec4 v0x55a1236c4380_0, 0;
    %jmp T_7.3;
T_7.2 ;
    %load/vec4 v0x55a1236c40c0_0;
    %inv;
    %flag_set/vec4 8;
    %jmp/0xz  T_7.4, 8;
    %pushi/vec4 0, 0, 1;
    %assign/vec4 v0x55a1236c4380_0, 0;
T_7.4 ;
T_7.3 ;
    %load/vec4 v0x55a1236c4000_0;
    %flag_set/vec4 8;
    %jmp/0xz  T_7.6, 8;
    %pushi/vec4 1, 0, 1;
    %assign/vec4 v0x55a1236c4180_0, 0;
    %jmp T_7.7;
T_7.6 ;
    %load/vec4 v0x55a1236c4000_0;
    %inv;
    %flag_set/vec4 8;
    %jmp/0xz  T_7.8, 8;
    %pushi/vec4 0, 0, 1;
    %assign/vec4 v0x55a1236c4180_0, 0;
T_7.8 ;
T_7.7 ;
    %jmp T_7.1;
T_7.0 ;
    %pushi/vec4 0, 0, 1;
    %assign/vec4 v0x55a1236c4180_0, 0;
    %pushi/vec4 0, 0, 1;
    %assign/vec4 v0x55a1236c4380_0, 0;
    %pushi/vec4 0, 0, 1;
    %assign/vec4 v0x55a1236c3eb0_0, 0;
    %pushi/vec4 0, 0, 1;
    %assign/vec4 v0x55a1236c3d70_0, 0;
T_7.1 ;
    %jmp T_7;
    .thread T_7;
    .scope S_0x55a1236c2510;
T_8 ;
    %wait E_0x55a12362d1f0;
    %load/vec4 v0x55a1236c4250_0;
    %inv;
    %flag_set/vec4 8;
    %jmp/0xz  T_8.0, 8;
    %load/vec4 v0x55a1236c4380_0;
    %pad/u 32;
    %cmpi/e 1, 0, 32;
    %jmp/0xz  T_8.2, 4;
    %load/vec4 v0x55a1236c4180_0;
    %flag_set/vec4 8;
    %jmp/0xz  T_8.4, 8;
    %load/vec4 v0x55a1236c3c90_0;
    %assign/vec4 v0x55a1236c3c90_0, 0;
    %jmp T_8.5;
T_8.4 ;
    %load/vec4 v0x55a1236c3c90_0;
    %addi 1, 0, 3;
    %assign/vec4 v0x55a1236c3c90_0, 0;
T_8.5 ;
    %jmp T_8.3;
T_8.2 ;
    %load/vec4 v0x55a1236c4380_0;
    %pad/u 32;
    %cmpi/e 0, 0, 32;
    %jmp/0xz  T_8.6, 4;
    %load/vec4 v0x55a1236c4180_0;
    %flag_set/vec4 8;
    %jmp/0xz  T_8.8, 8;
    %load/vec4 v0x55a1236c3c90_0;
    %pad/u 32;
    %cmpi/u 0, 0, 32;
    %flag_or 5, 4;
    %jmp/0xz  T_8.10, 5;
    %load/vec4 v0x55a1236c3c90_0;
    %assign/vec4 v0x55a1236c3c90_0, 0;
    %jmp T_8.11;
T_8.10 ;
    %load/vec4 v0x55a1236c3c90_0;
    %subi 1, 0, 3;
    %assign/vec4 v0x55a1236c3c90_0, 0;
T_8.11 ;
    %jmp T_8.9;
T_8.8 ;
    %load/vec4 v0x55a1236c3c90_0;
    %assign/vec4 v0x55a1236c3c90_0, 0;
T_8.9 ;
T_8.6 ;
T_8.3 ;
    %load/vec4 v0x55a1236c3c90_0;
    %pad/u 33;
    %pushi/vec4 7, 0, 33;
    %cmp/e;
    %flag_get/vec4 4;
    %load/vec4 v0x55a1236c4180_0;
    %inv;
    %and;
    %flag_set/vec4 8;
    %jmp/0xz  T_8.12, 8;
    %pushi/vec4 7, 0, 3;
    %assign/vec4 v0x55a1236c3c90_0, 0;
T_8.12 ;
    %jmp T_8.1;
T_8.0 ;
    %pushi/vec4 0, 0, 3;
    %assign/vec4 v0x55a1236c3c90_0, 0;
T_8.1 ;
    %jmp T_8;
    .thread T_8;
    .scope S_0x55a1236c2510;
T_9 ;
    %wait E_0x55a12362d1f0;
    %load/vec4 v0x55a1236c3c90_0;
    %cmpi/e 7, 0, 3;
    %jmp/0xz  T_9.0, 4;
    %pushi/vec4 1, 0, 1;
    %assign/vec4 v0x55a1236c3eb0_0, 0;
    %jmp T_9.1;
T_9.0 ;
    %pushi/vec4 0, 0, 1;
    %assign/vec4 v0x55a1236c3eb0_0, 0;
T_9.1 ;
    %load/vec4 v0x55a1236c3c90_0;
    %pad/u 32;
    %cmpi/e 0, 0, 32;
    %jmp/0xz  T_9.2, 4;
    %pushi/vec4 1, 0, 1;
    %assign/vec4 v0x55a1236c3d70_0, 0;
    %jmp T_9.3;
T_9.2 ;
    %pushi/vec4 0, 0, 1;
    %assign/vec4 v0x55a1236c3d70_0, 0;
T_9.3 ;
    %load/vec4 v0x55a1236c3c90_0;
    %pad/u 32;
    %cmpi/e 1, 0, 32;
    %jmp/0xz  T_9.4, 4;
    %pushi/vec4 1, 0, 1;
    %assign/vec4 v0x55a1236c39f0_0, 0;
    %jmp T_9.5;
T_9.4 ;
    %pushi/vec4 0, 0, 1;
    %assign/vec4 v0x55a1236c39f0_0, 0;
T_9.5 ;
    %load/vec4 v0x55a1236c3c90_0;
    %pad/u 33;
    %cmpi/e 6, 0, 33;
    %jmp/0xz  T_9.6, 4;
    %pushi/vec4 1, 0, 1;
    %assign/vec4 v0x55a1236c3ac0_0, 0;
    %jmp T_9.7;
T_9.6 ;
    %pushi/vec4 0, 0, 1;
    %assign/vec4 v0x55a1236c3ac0_0, 0;
T_9.7 ;
    %jmp T_9;
    .thread T_9;
    .scope S_0x55a1236c4b20;
T_10 ;
    %wait E_0x55a12362d1f0;
    %load/vec4 v0x55a1236c5510_0;
    %flag_set/vec4 8;
    %jmp/0xz  T_10.0, 8;
    %pushi/vec4 0, 0, 32;
    %store/vec4 v0x55a1236c4fb0_0, 0, 32;
T_10.2 ;
    %load/vec4 v0x55a1236c4fb0_0;
    %cmpi/s 8, 0, 32;
    %jmp/0xz T_10.3, 5;
    %pushi/vec4 0, 0, 10;
    %ix/getv/s 3, v0x55a1236c4fb0_0;
    %ix/load 4, 0, 0; Constant delay
    %assign/vec4/a/d v0x55a1236c5090, 0, 4;
    %pushi/vec4 0, 0, 3;
    %assign/vec4 v0x55a1236c55b0_0, 0;
    %load/vec4 v0x55a1236c4fb0_0;
    %addi 1, 0, 32;
    %store/vec4 v0x55a1236c4fb0_0, 0, 32;
    %jmp T_10.2;
T_10.3 ;
    %jmp T_10.1;
T_10.0 ;
    %load/vec4 v0x55a1236c5690_0;
    %flag_set/vec4 8;
    %jmp/0xz  T_10.4, 8;
    %load/vec4 v0x55a1236c5160_0;
    %load/vec4 v0x55a1236c55b0_0;
    %pad/u 5;
    %ix/vec4 3;
    %ix/load 4, 0, 0; Constant delay
    %assign/vec4/a/d v0x55a1236c5090, 0, 4;
    %load/vec4 v0x55a1236c55b0_0;
    %addi 1, 0, 3;
    %assign/vec4 v0x55a1236c55b0_0, 0;
T_10.4 ;
T_10.1 ;
    %jmp T_10;
    .thread T_10;
    .scope S_0x55a1236c4b20;
T_11 ;
    %wait E_0x55a12362d1f0;
    %pushi/vec4 0, 0, 10;
    %assign/vec4 v0x55a1236c5240_0, 0;
    %load/vec4 v0x55a1236c5510_0;
    %flag_set/vec4 8;
    %jmp/0xz  T_11.0, 8;
    %pushi/vec4 0, 0, 10;
    %assign/vec4 v0x55a1236c5240_0, 0;
    %pushi/vec4 0, 0, 3;
    %assign/vec4 v0x55a1236c5370_0, 0;
    %jmp T_11.1;
T_11.0 ;
    %load/vec4 v0x55a1236c5450_0;
    %flag_set/vec4 8;
    %jmp/0xz  T_11.2, 8;
    %load/vec4 v0x55a1236c5370_0;
    %pad/u 5;
    %ix/vec4 4;
    %load/vec4a v0x55a1236c5090, 4;
    %assign/vec4 v0x55a1236c5240_0, 0;
    %pushi/vec4 0, 0, 10;
    %load/vec4 v0x55a1236c5370_0;
    %pad/u 5;
    %ix/vec4 3;
    %ix/load 4, 0, 0; Constant delay
    %assign/vec4/a/d v0x55a1236c5090, 0, 4;
    %load/vec4 v0x55a1236c5370_0;
    %addi 1, 0, 3;
    %assign/vec4 v0x55a1236c5370_0, 0;
T_11.2 ;
T_11.1 ;
    %jmp T_11;
    .thread T_11;
    .scope S_0x55a1236c45b0;
T_12 ;
    %wait E_0x55a12362d1f0;
    %load/vec4 v0x55a1236c61d0_0;
    %pad/u 32;
    %cmpi/e 0, 0, 32;
    %jmp/0xz  T_12.0, 4;
    %load/vec4 v0x55a1236c6040_0;
    %flag_set/vec4 8;
    %jmp/0xz  T_12.2, 8;
    %pushi/vec4 1, 0, 1;
    %assign/vec4 v0x55a1236c6270_0, 0;
    %jmp T_12.3;
T_12.2 ;
    %load/vec4 v0x55a1236c6040_0;
    %inv;
    %flag_set/vec4 8;
    %jmp/0xz  T_12.4, 8;
    %pushi/vec4 0, 0, 1;
    %assign/vec4 v0x55a1236c6270_0, 0;
T_12.4 ;
T_12.3 ;
    %load/vec4 v0x55a1236c5f80_0;
    %flag_set/vec4 8;
    %jmp/0xz  T_12.6, 8;
    %pushi/vec4 1, 0, 1;
    %assign/vec4 v0x55a1236c6100_0, 0;
    %jmp T_12.7;
T_12.6 ;
    %load/vec4 v0x55a1236c5f80_0;
    %inv;
    %flag_set/vec4 8;
    %jmp/0xz  T_12.8, 8;
    %pushi/vec4 0, 0, 1;
    %assign/vec4 v0x55a1236c6100_0, 0;
T_12.8 ;
T_12.7 ;
    %jmp T_12.1;
T_12.0 ;
    %pushi/vec4 0, 0, 1;
    %assign/vec4 v0x55a1236c6100_0, 0;
    %pushi/vec4 0, 0, 1;
    %assign/vec4 v0x55a1236c6270_0, 0;
    %pushi/vec4 0, 0, 1;
    %assign/vec4 v0x55a1236c5e30_0, 0;
    %pushi/vec4 0, 0, 1;
    %assign/vec4 v0x55a1236c5cf0_0, 0;
T_12.1 ;
    %jmp T_12;
    .thread T_12;
    .scope S_0x55a1236c45b0;
T_13 ;
    %wait E_0x55a12362d1f0;
    %load/vec4 v0x55a1236c61d0_0;
    %inv;
    %flag_set/vec4 8;
    %jmp/0xz  T_13.0, 8;
    %load/vec4 v0x55a1236c6270_0;
    %pad/u 32;
    %cmpi/e 1, 0, 32;
    %jmp/0xz  T_13.2, 4;
    %load/vec4 v0x55a1236c6100_0;
    %flag_set/vec4 8;
    %jmp/0xz  T_13.4, 8;
    %load/vec4 v0x55a1236c5c10_0;
    %assign/vec4 v0x55a1236c5c10_0, 0;
    %jmp T_13.5;
T_13.4 ;
    %load/vec4 v0x55a1236c5c10_0;
    %addi 1, 0, 3;
    %assign/vec4 v0x55a1236c5c10_0, 0;
T_13.5 ;
    %jmp T_13.3;
T_13.2 ;
    %load/vec4 v0x55a1236c6270_0;
    %pad/u 32;
    %cmpi/e 0, 0, 32;
    %jmp/0xz  T_13.6, 4;
    %load/vec4 v0x55a1236c6100_0;
    %flag_set/vec4 8;
    %jmp/0xz  T_13.8, 8;
    %load/vec4 v0x55a1236c5c10_0;
    %pad/u 32;
    %cmpi/u 0, 0, 32;
    %flag_or 5, 4;
    %jmp/0xz  T_13.10, 5;
    %load/vec4 v0x55a1236c5c10_0;
    %assign/vec4 v0x55a1236c5c10_0, 0;
    %jmp T_13.11;
T_13.10 ;
    %load/vec4 v0x55a1236c5c10_0;
    %subi 1, 0, 3;
    %assign/vec4 v0x55a1236c5c10_0, 0;
T_13.11 ;
    %jmp T_13.9;
T_13.8 ;
    %load/vec4 v0x55a1236c5c10_0;
    %assign/vec4 v0x55a1236c5c10_0, 0;
T_13.9 ;
T_13.6 ;
T_13.3 ;
    %load/vec4 v0x55a1236c5c10_0;
    %pad/u 33;
    %pushi/vec4 7, 0, 33;
    %cmp/e;
    %flag_get/vec4 4;
    %load/vec4 v0x55a1236c6100_0;
    %inv;
    %and;
    %flag_set/vec4 8;
    %jmp/0xz  T_13.12, 8;
    %pushi/vec4 7, 0, 3;
    %assign/vec4 v0x55a1236c5c10_0, 0;
T_13.12 ;
    %jmp T_13.1;
T_13.0 ;
    %pushi/vec4 0, 0, 3;
    %assign/vec4 v0x55a1236c5c10_0, 0;
T_13.1 ;
    %jmp T_13;
    .thread T_13;
    .scope S_0x55a1236c45b0;
T_14 ;
    %wait E_0x55a12362d1f0;
    %load/vec4 v0x55a1236c5c10_0;
    %cmpi/e 7, 0, 3;
    %jmp/0xz  T_14.0, 4;
    %pushi/vec4 1, 0, 1;
    %assign/vec4 v0x55a1236c5e30_0, 0;
    %jmp T_14.1;
T_14.0 ;
    %pushi/vec4 0, 0, 1;
    %assign/vec4 v0x55a1236c5e30_0, 0;
T_14.1 ;
    %load/vec4 v0x55a1236c5c10_0;
    %pad/u 32;
    %cmpi/e 0, 0, 32;
    %jmp/0xz  T_14.2, 4;
    %pushi/vec4 1, 0, 1;
    %assign/vec4 v0x55a1236c5cf0_0, 0;
    %jmp T_14.3;
T_14.2 ;
    %pushi/vec4 0, 0, 1;
    %assign/vec4 v0x55a1236c5cf0_0, 0;
T_14.3 ;
    %load/vec4 v0x55a1236c5c10_0;
    %pad/u 32;
    %cmpi/e 1, 0, 32;
    %jmp/0xz  T_14.4, 4;
    %pushi/vec4 1, 0, 1;
    %assign/vec4 v0x55a1236c5a00_0, 0;
    %jmp T_14.5;
T_14.4 ;
    %pushi/vec4 0, 0, 1;
    %assign/vec4 v0x55a1236c5a00_0, 0;
T_14.5 ;
    %load/vec4 v0x55a1236c5c10_0;
    %pad/u 33;
    %cmpi/e 6, 0, 33;
    %jmp/0xz  T_14.6, 4;
    %pushi/vec4 1, 0, 1;
    %assign/vec4 v0x55a1236c5ad0_0, 0;
    %jmp T_14.7;
T_14.6 ;
    %pushi/vec4 0, 0, 1;
    %assign/vec4 v0x55a1236c5ad0_0, 0;
T_14.7 ;
    %jmp T_14;
    .thread T_14;
    .scope S_0x55a1236c6a40;
T_15 ;
    %wait E_0x55a12362d1f0;
    %load/vec4 v0x55a1236c7480_0;
    %flag_set/vec4 8;
    %jmp/0xz  T_15.0, 8;
    %pushi/vec4 0, 0, 32;
    %store/vec4 v0x55a1236c6f20_0, 0, 32;
T_15.2 ;
    %load/vec4 v0x55a1236c6f20_0;
    %cmpi/s 8, 0, 32;
    %jmp/0xz T_15.3, 5;
    %pushi/vec4 0, 0, 10;
    %ix/getv/s 3, v0x55a1236c6f20_0;
    %ix/load 4, 0, 0; Constant delay
    %assign/vec4/a/d v0x55a1236c7000, 0, 4;
    %pushi/vec4 0, 0, 3;
    %assign/vec4 v0x55a1236c7520_0, 0;
    %load/vec4 v0x55a1236c6f20_0;
    %addi 1, 0, 32;
    %store/vec4 v0x55a1236c6f20_0, 0, 32;
    %jmp T_15.2;
T_15.3 ;
    %jmp T_15.1;
T_15.0 ;
    %load/vec4 v0x55a1236c7600_0;
    %flag_set/vec4 8;
    %jmp/0xz  T_15.4, 8;
    %load/vec4 v0x55a1236c70d0_0;
    %load/vec4 v0x55a1236c7520_0;
    %pad/u 5;
    %ix/vec4 3;
    %ix/load 4, 0, 0; Constant delay
    %assign/vec4/a/d v0x55a1236c7000, 0, 4;
    %load/vec4 v0x55a1236c7520_0;
    %addi 1, 0, 3;
    %assign/vec4 v0x55a1236c7520_0, 0;
T_15.4 ;
T_15.1 ;
    %jmp T_15;
    .thread T_15;
    .scope S_0x55a1236c6a40;
T_16 ;
    %wait E_0x55a12362d1f0;
    %pushi/vec4 0, 0, 10;
    %assign/vec4 v0x55a1236c71b0_0, 0;
    %load/vec4 v0x55a1236c7480_0;
    %flag_set/vec4 8;
    %jmp/0xz  T_16.0, 8;
    %pushi/vec4 0, 0, 10;
    %assign/vec4 v0x55a1236c71b0_0, 0;
    %pushi/vec4 0, 0, 3;
    %assign/vec4 v0x55a1236c72e0_0, 0;
    %jmp T_16.1;
T_16.0 ;
    %load/vec4 v0x55a1236c73c0_0;
    %flag_set/vec4 8;
    %jmp/0xz  T_16.2, 8;
    %load/vec4 v0x55a1236c72e0_0;
    %pad/u 5;
    %ix/vec4 4;
    %load/vec4a v0x55a1236c7000, 4;
    %assign/vec4 v0x55a1236c71b0_0, 0;
    %pushi/vec4 0, 0, 10;
    %load/vec4 v0x55a1236c72e0_0;
    %pad/u 5;
    %ix/vec4 3;
    %ix/load 4, 0, 0; Constant delay
    %assign/vec4/a/d v0x55a1236c7000, 0, 4;
    %load/vec4 v0x55a1236c72e0_0;
    %addi 1, 0, 3;
    %assign/vec4 v0x55a1236c72e0_0, 0;
T_16.2 ;
T_16.1 ;
    %jmp T_16;
    .thread T_16;
    .scope S_0x55a1236c64a0;
T_17 ;
    %wait E_0x55a12362d1f0;
    %load/vec4 v0x55a1236c81c0_0;
    %pad/u 32;
    %cmpi/e 0, 0, 32;
    %jmp/0xz  T_17.0, 4;
    %load/vec4 v0x55a1236c8030_0;
    %flag_set/vec4 8;
    %jmp/0xz  T_17.2, 8;
    %pushi/vec4 1, 0, 1;
    %assign/vec4 v0x55a1236c8370_0, 0;
    %jmp T_17.3;
T_17.2 ;
    %load/vec4 v0x55a1236c8030_0;
    %inv;
    %flag_set/vec4 8;
    %jmp/0xz  T_17.4, 8;
    %pushi/vec4 0, 0, 1;
    %assign/vec4 v0x55a1236c8370_0, 0;
T_17.4 ;
T_17.3 ;
    %load/vec4 v0x55a1236c7f70_0;
    %flag_set/vec4 8;
    %jmp/0xz  T_17.6, 8;
    %pushi/vec4 1, 0, 1;
    %assign/vec4 v0x55a1236c80f0_0, 0;
    %jmp T_17.7;
T_17.6 ;
    %load/vec4 v0x55a1236c7f70_0;
    %inv;
    %flag_set/vec4 8;
    %jmp/0xz  T_17.8, 8;
    %pushi/vec4 0, 0, 1;
    %assign/vec4 v0x55a1236c80f0_0, 0;
T_17.8 ;
T_17.7 ;
    %jmp T_17.1;
T_17.0 ;
    %pushi/vec4 0, 0, 1;
    %assign/vec4 v0x55a1236c80f0_0, 0;
    %pushi/vec4 0, 0, 1;
    %assign/vec4 v0x55a1236c8370_0, 0;
    %pushi/vec4 0, 0, 1;
    %assign/vec4 v0x55a1236c7eb0_0, 0;
    %pushi/vec4 0, 0, 1;
    %assign/vec4 v0x55a1236c7d70_0, 0;
T_17.1 ;
    %jmp T_17;
    .thread T_17;
    .scope S_0x55a1236c64a0;
T_18 ;
    %wait E_0x55a12362d1f0;
    %load/vec4 v0x55a1236c81c0_0;
    %inv;
    %flag_set/vec4 8;
    %jmp/0xz  T_18.0, 8;
    %load/vec4 v0x55a1236c8370_0;
    %pad/u 32;
    %cmpi/e 1, 0, 32;
    %jmp/0xz  T_18.2, 4;
    %load/vec4 v0x55a1236c80f0_0;
    %flag_set/vec4 8;
    %jmp/0xz  T_18.4, 8;
    %load/vec4 v0x55a1236c7c90_0;
    %assign/vec4 v0x55a1236c7c90_0, 0;
    %jmp T_18.5;
T_18.4 ;
    %load/vec4 v0x55a1236c7c90_0;
    %addi 1, 0, 3;
    %assign/vec4 v0x55a1236c7c90_0, 0;
T_18.5 ;
    %jmp T_18.3;
T_18.2 ;
    %load/vec4 v0x55a1236c8370_0;
    %pad/u 32;
    %cmpi/e 0, 0, 32;
    %jmp/0xz  T_18.6, 4;
    %load/vec4 v0x55a1236c80f0_0;
    %flag_set/vec4 8;
    %jmp/0xz  T_18.8, 8;
    %load/vec4 v0x55a1236c7c90_0;
    %pad/u 32;
    %cmpi/u 0, 0, 32;
    %flag_or 5, 4;
    %jmp/0xz  T_18.10, 5;
    %load/vec4 v0x55a1236c7c90_0;
    %assign/vec4 v0x55a1236c7c90_0, 0;
    %jmp T_18.11;
T_18.10 ;
    %load/vec4 v0x55a1236c7c90_0;
    %subi 1, 0, 3;
    %assign/vec4 v0x55a1236c7c90_0, 0;
T_18.11 ;
    %jmp T_18.9;
T_18.8 ;
    %load/vec4 v0x55a1236c7c90_0;
    %assign/vec4 v0x55a1236c7c90_0, 0;
T_18.9 ;
T_18.6 ;
T_18.3 ;
    %load/vec4 v0x55a1236c7c90_0;
    %pad/u 33;
    %pushi/vec4 7, 0, 33;
    %cmp/e;
    %flag_get/vec4 4;
    %load/vec4 v0x55a1236c80f0_0;
    %inv;
    %and;
    %flag_set/vec4 8;
    %jmp/0xz  T_18.12, 8;
    %pushi/vec4 7, 0, 3;
    %assign/vec4 v0x55a1236c7c90_0, 0;
T_18.12 ;
    %jmp T_18.1;
T_18.0 ;
    %pushi/vec4 0, 0, 3;
    %assign/vec4 v0x55a1236c7c90_0, 0;
T_18.1 ;
    %jmp T_18;
    .thread T_18;
    .scope S_0x55a1236c64a0;
T_19 ;
    %wait E_0x55a12362d1f0;
    %load/vec4 v0x55a1236c7c90_0;
    %cmpi/e 7, 0, 3;
    %jmp/0xz  T_19.0, 4;
    %pushi/vec4 1, 0, 1;
    %assign/vec4 v0x55a1236c7eb0_0, 0;
    %jmp T_19.1;
T_19.0 ;
    %pushi/vec4 0, 0, 1;
    %assign/vec4 v0x55a1236c7eb0_0, 0;
T_19.1 ;
    %load/vec4 v0x55a1236c7c90_0;
    %pad/u 32;
    %cmpi/e 0, 0, 32;
    %jmp/0xz  T_19.2, 4;
    %pushi/vec4 1, 0, 1;
    %assign/vec4 v0x55a1236c7d70_0, 0;
    %jmp T_19.3;
T_19.2 ;
    %pushi/vec4 0, 0, 1;
    %assign/vec4 v0x55a1236c7d70_0, 0;
T_19.3 ;
    %load/vec4 v0x55a1236c7c90_0;
    %pad/u 32;
    %cmpi/e 1, 0, 32;
    %jmp/0xz  T_19.4, 4;
    %pushi/vec4 1, 0, 1;
    %assign/vec4 v0x55a1236c7970_0, 0;
    %jmp T_19.5;
T_19.4 ;
    %pushi/vec4 0, 0, 1;
    %assign/vec4 v0x55a1236c7970_0, 0;
T_19.5 ;
    %load/vec4 v0x55a1236c7c90_0;
    %pad/u 33;
    %cmpi/e 6, 0, 33;
    %jmp/0xz  T_19.6, 4;
    %pushi/vec4 1, 0, 1;
    %assign/vec4 v0x55a1236c7a40_0, 0;
    %jmp T_19.7;
T_19.6 ;
    %pushi/vec4 0, 0, 1;
    %assign/vec4 v0x55a1236c7a40_0, 0;
T_19.7 ;
    %jmp T_19;
    .thread T_19;
    .scope S_0x55a1236d0820;
T_20 ;
    %wait E_0x55a12362d430;
    %load/vec4 v0x55a1236d1110_0;
    %pad/u 32;
    %cmpi/e 1, 0, 32;
    %jmp/0xz  T_20.0, 4;
    %load/vec4 v0x55a1236d11b0_0;
    %dup/vec4;
    %pushi/vec4 0, 0, 2;
    %cmp/u;
    %jmp/1 T_20.2, 6;
    %dup/vec4;
    %pushi/vec4 1, 0, 2;
    %cmp/u;
    %jmp/1 T_20.3, 6;
    %dup/vec4;
    %pushi/vec4 2, 0, 2;
    %cmp/u;
    %jmp/1 T_20.4, 6;
    %dup/vec4;
    %pushi/vec4 3, 0, 2;
    %cmp/u;
    %jmp/1 T_20.5, 6;
    %load/vec4 v0x55a1236d0be0_0;
    %assign/vec4 v0x55a1236d1050_0, 0;
    %jmp T_20.7;
T_20.2 ;
    %load/vec4 v0x55a1236d0be0_0;
    %assign/vec4 v0x55a1236d1050_0, 0;
    %jmp T_20.7;
T_20.3 ;
    %load/vec4 v0x55a1236d0cf0_0;
    %assign/vec4 v0x55a1236d1050_0, 0;
    %jmp T_20.7;
T_20.4 ;
    %load/vec4 v0x55a1236d0de0_0;
    %assign/vec4 v0x55a1236d1050_0, 0;
    %jmp T_20.7;
T_20.5 ;
    %load/vec4 v0x55a1236d0ef0_0;
    %assign/vec4 v0x55a1236d1050_0, 0;
    %jmp T_20.7;
T_20.7 ;
    %pop/vec4 1;
T_20.0 ;
    %jmp T_20;
    .thread T_20;
    .scope S_0x55a1236bfb50;
T_21 ;
    %wait E_0x55a12362d1f0;
    %load/vec4 v0x55a1236c03f0_0;
    %pad/u 32;
    %cmpi/e 1, 0, 32;
    %jmp/0xz  T_21.0, 4;
    %load/vec4 v0x55a1236c04b0_0;
    %dup/vec4;
    %pushi/vec4 0, 0, 2;
    %cmp/u;
    %jmp/1 T_21.2, 6;
    %dup/vec4;
    %pushi/vec4 1, 0, 2;
    %cmp/u;
    %jmp/1 T_21.3, 6;
    %dup/vec4;
    %pushi/vec4 2, 0, 2;
    %cmp/u;
    %jmp/1 T_21.4, 6;
    %dup/vec4;
    %pushi/vec4 3, 0, 2;
    %cmp/u;
    %jmp/1 T_21.5, 6;
    %load/vec4 v0x55a1236bff60_0;
    %assign/vec4 v0x55a1236c0040_0, 0;
    %jmp T_21.7;
T_21.2 ;
    %load/vec4 v0x55a1236bff60_0;
    %assign/vec4 v0x55a1236c0040_0, 0;
    %jmp T_21.7;
T_21.3 ;
    %load/vec4 v0x55a1236bff60_0;
    %assign/vec4 v0x55a1236c0100_0, 0;
    %jmp T_21.7;
T_21.4 ;
    %load/vec4 v0x55a1236bff60_0;
    %assign/vec4 v0x55a1236c01e0_0, 0;
    %jmp T_21.7;
T_21.5 ;
    %load/vec4 v0x55a1236bff60_0;
    %assign/vec4 v0x55a1236c0310_0, 0;
    %jmp T_21.7;
T_21.7 ;
    %pop/vec4 1;
T_21.0 ;
    %jmp T_21;
    .thread T_21;
    .scope S_0x55a1236c8ab0;
T_22 ;
    %wait E_0x55a12362d1f0;
    %load/vec4 v0x55a1236c94e0_0;
    %flag_set/vec4 8;
    %jmp/0xz  T_22.0, 8;
    %pushi/vec4 0, 0, 32;
    %store/vec4 v0x55a1236c8f90_0, 0, 32;
T_22.2 ;
    %load/vec4 v0x55a1236c8f90_0;
    %cmpi/s 8, 0, 32;
    %jmp/0xz T_22.3, 5;
    %pushi/vec4 0, 0, 10;
    %ix/getv/s 3, v0x55a1236c8f90_0;
    %ix/load 4, 0, 0; Constant delay
    %assign/vec4/a/d v0x55a1236c9070, 0, 4;
    %pushi/vec4 0, 0, 3;
    %assign/vec4 v0x55a1236c9580_0, 0;
    %load/vec4 v0x55a1236c8f90_0;
    %addi 1, 0, 32;
    %store/vec4 v0x55a1236c8f90_0, 0, 32;
    %jmp T_22.2;
T_22.3 ;
    %jmp T_22.1;
T_22.0 ;
    %load/vec4 v0x55a1236c9660_0;
    %flag_set/vec4 8;
    %jmp/0xz  T_22.4, 8;
    %load/vec4 v0x55a1236c9140_0;
    %load/vec4 v0x55a1236c9580_0;
    %pad/u 5;
    %ix/vec4 3;
    %ix/load 4, 0, 0; Constant delay
    %assign/vec4/a/d v0x55a1236c9070, 0, 4;
    %load/vec4 v0x55a1236c9580_0;
    %addi 1, 0, 3;
    %assign/vec4 v0x55a1236c9580_0, 0;
T_22.4 ;
T_22.1 ;
    %jmp T_22;
    .thread T_22;
    .scope S_0x55a1236c8ab0;
T_23 ;
    %wait E_0x55a12362d1f0;
    %pushi/vec4 0, 0, 10;
    %assign/vec4 v0x55a1236c9230_0, 0;
    %load/vec4 v0x55a1236c94e0_0;
    %flag_set/vec4 8;
    %jmp/0xz  T_23.0, 8;
    %pushi/vec4 0, 0, 10;
    %assign/vec4 v0x55a1236c9230_0, 0;
    %pushi/vec4 0, 0, 3;
    %assign/vec4 v0x55a1236c9340_0, 0;
    %jmp T_23.1;
T_23.0 ;
    %load/vec4 v0x55a1236c9420_0;
    %flag_set/vec4 8;
    %jmp/0xz  T_23.2, 8;
    %load/vec4 v0x55a1236c9340_0;
    %pad/u 5;
    %ix/vec4 4;
    %load/vec4a v0x55a1236c9070, 4;
    %assign/vec4 v0x55a1236c9230_0, 0;
    %pushi/vec4 0, 0, 10;
    %load/vec4 v0x55a1236c9340_0;
    %pad/u 5;
    %ix/vec4 3;
    %ix/load 4, 0, 0; Constant delay
    %assign/vec4/a/d v0x55a1236c9070, 0, 4;
    %load/vec4 v0x55a1236c9340_0;
    %addi 1, 0, 3;
    %assign/vec4 v0x55a1236c9340_0, 0;
T_23.2 ;
T_23.1 ;
    %jmp T_23;
    .thread T_23;
    .scope S_0x55a1236c85a0;
T_24 ;
    %wait E_0x55a12362d1f0;
    %load/vec4 v0x55a1236ca1b0_0;
    %pad/u 32;
    %cmpi/e 0, 0, 32;
    %jmp/0xz  T_24.0, 4;
    %load/vec4 v0x55a1236ca050_0;
    %flag_set/vec4 8;
    %jmp/0xz  T_24.2, 8;
    %pushi/vec4 1, 0, 1;
    %assign/vec4 v0x55a1236ca250_0, 0;
    %jmp T_24.3;
T_24.2 ;
    %load/vec4 v0x55a1236ca050_0;
    %inv;
    %flag_set/vec4 8;
    %jmp/0xz  T_24.4, 8;
    %pushi/vec4 0, 0, 1;
    %assign/vec4 v0x55a1236ca250_0, 0;
T_24.4 ;
T_24.3 ;
    %load/vec4 v0x55a1236c9f90_0;
    %flag_set/vec4 8;
    %jmp/0xz  T_24.6, 8;
    %pushi/vec4 1, 0, 1;
    %assign/vec4 v0x55a1236ca110_0, 0;
    %jmp T_24.7;
T_24.6 ;
    %load/vec4 v0x55a1236c9f90_0;
    %inv;
    %flag_set/vec4 8;
    %jmp/0xz  T_24.8, 8;
    %pushi/vec4 0, 0, 1;
    %assign/vec4 v0x55a1236ca110_0, 0;
T_24.8 ;
T_24.7 ;
    %jmp T_24.1;
T_24.0 ;
    %pushi/vec4 0, 0, 1;
    %assign/vec4 v0x55a1236ca110_0, 0;
    %pushi/vec4 0, 0, 1;
    %assign/vec4 v0x55a1236ca250_0, 0;
    %pushi/vec4 0, 0, 1;
    %assign/vec4 v0x55a1236c9e40_0, 0;
    %pushi/vec4 0, 0, 1;
    %assign/vec4 v0x55a1236c9cc0_0, 0;
T_24.1 ;
    %jmp T_24;
    .thread T_24;
    .scope S_0x55a1236c85a0;
T_25 ;
    %wait E_0x55a12362d1f0;
    %load/vec4 v0x55a1236ca1b0_0;
    %inv;
    %flag_set/vec4 8;
    %jmp/0xz  T_25.0, 8;
    %load/vec4 v0x55a1236ca250_0;
    %pad/u 32;
    %cmpi/e 1, 0, 32;
    %jmp/0xz  T_25.2, 4;
    %load/vec4 v0x55a1236ca110_0;
    %flag_set/vec4 8;
    %jmp/0xz  T_25.4, 8;
    %load/vec4 v0x55a1236c9c20_0;
    %assign/vec4 v0x55a1236c9c20_0, 0;
    %jmp T_25.5;
T_25.4 ;
    %load/vec4 v0x55a1236c9c20_0;
    %addi 1, 0, 3;
    %assign/vec4 v0x55a1236c9c20_0, 0;
T_25.5 ;
    %jmp T_25.3;
T_25.2 ;
    %load/vec4 v0x55a1236ca250_0;
    %pad/u 32;
    %cmpi/e 0, 0, 32;
    %jmp/0xz  T_25.6, 4;
    %load/vec4 v0x55a1236ca110_0;
    %flag_set/vec4 8;
    %jmp/0xz  T_25.8, 8;
    %load/vec4 v0x55a1236c9c20_0;
    %pad/u 32;
    %cmpi/u 0, 0, 32;
    %flag_or 5, 4;
    %jmp/0xz  T_25.10, 5;
    %load/vec4 v0x55a1236c9c20_0;
    %assign/vec4 v0x55a1236c9c20_0, 0;
    %jmp T_25.11;
T_25.10 ;
    %load/vec4 v0x55a1236c9c20_0;
    %subi 1, 0, 3;
    %assign/vec4 v0x55a1236c9c20_0, 0;
T_25.11 ;
    %jmp T_25.9;
T_25.8 ;
    %load/vec4 v0x55a1236c9c20_0;
    %assign/vec4 v0x55a1236c9c20_0, 0;
T_25.9 ;
T_25.6 ;
T_25.3 ;
    %load/vec4 v0x55a1236c9c20_0;
    %pad/u 33;
    %pushi/vec4 7, 0, 33;
    %cmp/e;
    %flag_get/vec4 4;
    %load/vec4 v0x55a1236ca110_0;
    %inv;
    %and;
    %flag_set/vec4 8;
    %jmp/0xz  T_25.12, 8;
    %pushi/vec4 7, 0, 3;
    %assign/vec4 v0x55a1236c9c20_0, 0;
T_25.12 ;
    %jmp T_25.1;
T_25.0 ;
    %pushi/vec4 0, 0, 3;
    %assign/vec4 v0x55a1236c9c20_0, 0;
T_25.1 ;
    %jmp T_25;
    .thread T_25;
    .scope S_0x55a1236c85a0;
T_26 ;
    %wait E_0x55a12362d1f0;
    %load/vec4 v0x55a1236c9c20_0;
    %cmpi/e 7, 0, 3;
    %jmp/0xz  T_26.0, 4;
    %pushi/vec4 1, 0, 1;
    %assign/vec4 v0x55a1236c9e40_0, 0;
    %jmp T_26.1;
T_26.0 ;
    %pushi/vec4 0, 0, 1;
    %assign/vec4 v0x55a1236c9e40_0, 0;
T_26.1 ;
    %load/vec4 v0x55a1236c9c20_0;
    %pad/u 32;
    %cmpi/e 0, 0, 32;
    %jmp/0xz  T_26.2, 4;
    %pushi/vec4 1, 0, 1;
    %assign/vec4 v0x55a1236c9cc0_0, 0;
    %jmp T_26.3;
T_26.2 ;
    %pushi/vec4 0, 0, 1;
    %assign/vec4 v0x55a1236c9cc0_0, 0;
T_26.3 ;
    %load/vec4 v0x55a1236c9c20_0;
    %pad/u 32;
    %cmpi/e 1, 0, 32;
    %jmp/0xz  T_26.4, 4;
    %pushi/vec4 1, 0, 1;
    %assign/vec4 v0x55a1236c99c0_0, 0;
    %jmp T_26.5;
T_26.4 ;
    %pushi/vec4 0, 0, 1;
    %assign/vec4 v0x55a1236c99c0_0, 0;
T_26.5 ;
    %load/vec4 v0x55a1236c9c20_0;
    %pad/u 33;
    %cmpi/e 6, 0, 33;
    %jmp/0xz  T_26.6, 4;
    %pushi/vec4 1, 0, 1;
    %assign/vec4 v0x55a1236c9a60_0, 0;
    %jmp T_26.7;
T_26.6 ;
    %pushi/vec4 0, 0, 1;
    %assign/vec4 v0x55a1236c9a60_0, 0;
T_26.7 ;
    %jmp T_26;
    .thread T_26;
    .scope S_0x55a1236caa20;
T_27 ;
    %wait E_0x55a12362d1f0;
    %load/vec4 v0x55a1236cb450_0;
    %flag_set/vec4 8;
    %jmp/0xz  T_27.0, 8;
    %pushi/vec4 0, 0, 32;
    %store/vec4 v0x55a1236caf00_0, 0, 32;
T_27.2 ;
    %load/vec4 v0x55a1236caf00_0;
    %cmpi/s 8, 0, 32;
    %jmp/0xz T_27.3, 5;
    %pushi/vec4 0, 0, 10;
    %ix/getv/s 3, v0x55a1236caf00_0;
    %ix/load 4, 0, 0; Constant delay
    %assign/vec4/a/d v0x55a1236cafe0, 0, 4;
    %pushi/vec4 0, 0, 3;
    %assign/vec4 v0x55a1236cb4f0_0, 0;
    %load/vec4 v0x55a1236caf00_0;
    %addi 1, 0, 32;
    %store/vec4 v0x55a1236caf00_0, 0, 32;
    %jmp T_27.2;
T_27.3 ;
    %jmp T_27.1;
T_27.0 ;
    %load/vec4 v0x55a1236cb5d0_0;
    %flag_set/vec4 8;
    %jmp/0xz  T_27.4, 8;
    %load/vec4 v0x55a1236cb0b0_0;
    %load/vec4 v0x55a1236cb4f0_0;
    %pad/u 5;
    %ix/vec4 3;
    %ix/load 4, 0, 0; Constant delay
    %assign/vec4/a/d v0x55a1236cafe0, 0, 4;
    %load/vec4 v0x55a1236cb4f0_0;
    %addi 1, 0, 3;
    %assign/vec4 v0x55a1236cb4f0_0, 0;
T_27.4 ;
T_27.1 ;
    %jmp T_27;
    .thread T_27;
    .scope S_0x55a1236caa20;
T_28 ;
    %wait E_0x55a12362d1f0;
    %pushi/vec4 0, 0, 10;
    %assign/vec4 v0x55a1236cb1a0_0, 0;
    %load/vec4 v0x55a1236cb450_0;
    %flag_set/vec4 8;
    %jmp/0xz  T_28.0, 8;
    %pushi/vec4 0, 0, 10;
    %assign/vec4 v0x55a1236cb1a0_0, 0;
    %pushi/vec4 0, 0, 3;
    %assign/vec4 v0x55a1236cb2b0_0, 0;
    %jmp T_28.1;
T_28.0 ;
    %load/vec4 v0x55a1236cb390_0;
    %flag_set/vec4 8;
    %jmp/0xz  T_28.2, 8;
    %load/vec4 v0x55a1236cb2b0_0;
    %pad/u 5;
    %ix/vec4 4;
    %load/vec4a v0x55a1236cafe0, 4;
    %assign/vec4 v0x55a1236cb1a0_0, 0;
    %pushi/vec4 0, 0, 10;
    %load/vec4 v0x55a1236cb2b0_0;
    %pad/u 5;
    %ix/vec4 3;
    %ix/load 4, 0, 0; Constant delay
    %assign/vec4/a/d v0x55a1236cafe0, 0, 4;
    %load/vec4 v0x55a1236cb2b0_0;
    %addi 1, 0, 3;
    %assign/vec4 v0x55a1236cb2b0_0, 0;
T_28.2 ;
T_28.1 ;
    %jmp T_28;
    .thread T_28;
    .scope S_0x55a1236ca480;
T_29 ;
    %wait E_0x55a12362d1f0;
    %load/vec4 v0x55a1236cc120_0;
    %pad/u 32;
    %cmpi/e 0, 0, 32;
    %jmp/0xz  T_29.0, 4;
    %load/vec4 v0x55a1236cbfc0_0;
    %flag_set/vec4 8;
    %jmp/0xz  T_29.2, 8;
    %pushi/vec4 1, 0, 1;
    %assign/vec4 v0x55a1236cc1c0_0, 0;
    %jmp T_29.3;
T_29.2 ;
    %load/vec4 v0x55a1236cbfc0_0;
    %inv;
    %flag_set/vec4 8;
    %jmp/0xz  T_29.4, 8;
    %pushi/vec4 0, 0, 1;
    %assign/vec4 v0x55a1236cc1c0_0, 0;
T_29.4 ;
T_29.3 ;
    %load/vec4 v0x55a1236cbf00_0;
    %flag_set/vec4 8;
    %jmp/0xz  T_29.6, 8;
    %pushi/vec4 1, 0, 1;
    %assign/vec4 v0x55a1236cc080_0, 0;
    %jmp T_29.7;
T_29.6 ;
    %load/vec4 v0x55a1236cbf00_0;
    %inv;
    %flag_set/vec4 8;
    %jmp/0xz  T_29.8, 8;
    %pushi/vec4 0, 0, 1;
    %assign/vec4 v0x55a1236cc080_0, 0;
T_29.8 ;
T_29.7 ;
    %jmp T_29.1;
T_29.0 ;
    %pushi/vec4 0, 0, 1;
    %assign/vec4 v0x55a1236cc080_0, 0;
    %pushi/vec4 0, 0, 1;
    %assign/vec4 v0x55a1236cc1c0_0, 0;
    %pushi/vec4 0, 0, 1;
    %assign/vec4 v0x55a1236cbdb0_0, 0;
    %pushi/vec4 0, 0, 1;
    %assign/vec4 v0x55a1236cbc30_0, 0;
T_29.1 ;
    %jmp T_29;
    .thread T_29;
    .scope S_0x55a1236ca480;
T_30 ;
    %wait E_0x55a12362d1f0;
    %load/vec4 v0x55a1236cc120_0;
    %inv;
    %flag_set/vec4 8;
    %jmp/0xz  T_30.0, 8;
    %load/vec4 v0x55a1236cc1c0_0;
    %pad/u 32;
    %cmpi/e 1, 0, 32;
    %jmp/0xz  T_30.2, 4;
    %load/vec4 v0x55a1236cc080_0;
    %flag_set/vec4 8;
    %jmp/0xz  T_30.4, 8;
    %load/vec4 v0x55a1236cbb90_0;
    %assign/vec4 v0x55a1236cbb90_0, 0;
    %jmp T_30.5;
T_30.4 ;
    %load/vec4 v0x55a1236cbb90_0;
    %addi 1, 0, 3;
    %assign/vec4 v0x55a1236cbb90_0, 0;
T_30.5 ;
    %jmp T_30.3;
T_30.2 ;
    %load/vec4 v0x55a1236cc1c0_0;
    %pad/u 32;
    %cmpi/e 0, 0, 32;
    %jmp/0xz  T_30.6, 4;
    %load/vec4 v0x55a1236cc080_0;
    %flag_set/vec4 8;
    %jmp/0xz  T_30.8, 8;
    %load/vec4 v0x55a1236cbb90_0;
    %pad/u 32;
    %cmpi/u 0, 0, 32;
    %flag_or 5, 4;
    %jmp/0xz  T_30.10, 5;
    %load/vec4 v0x55a1236cbb90_0;
    %assign/vec4 v0x55a1236cbb90_0, 0;
    %jmp T_30.11;
T_30.10 ;
    %load/vec4 v0x55a1236cbb90_0;
    %subi 1, 0, 3;
    %assign/vec4 v0x55a1236cbb90_0, 0;
T_30.11 ;
    %jmp T_30.9;
T_30.8 ;
    %load/vec4 v0x55a1236cbb90_0;
    %assign/vec4 v0x55a1236cbb90_0, 0;
T_30.9 ;
T_30.6 ;
T_30.3 ;
    %load/vec4 v0x55a1236cbb90_0;
    %pad/u 33;
    %pushi/vec4 7, 0, 33;
    %cmp/e;
    %flag_get/vec4 4;
    %load/vec4 v0x55a1236cc080_0;
    %inv;
    %and;
    %flag_set/vec4 8;
    %jmp/0xz  T_30.12, 8;
    %pushi/vec4 7, 0, 3;
    %assign/vec4 v0x55a1236cbb90_0, 0;
T_30.12 ;
    %jmp T_30.1;
T_30.0 ;
    %pushi/vec4 0, 0, 3;
    %assign/vec4 v0x55a1236cbb90_0, 0;
T_30.1 ;
    %jmp T_30;
    .thread T_30;
    .scope S_0x55a1236ca480;
T_31 ;
    %wait E_0x55a12362d1f0;
    %load/vec4 v0x55a1236cbb90_0;
    %cmpi/e 7, 0, 3;
    %jmp/0xz  T_31.0, 4;
    %pushi/vec4 1, 0, 1;
    %assign/vec4 v0x55a1236cbdb0_0, 0;
    %jmp T_31.1;
T_31.0 ;
    %pushi/vec4 0, 0, 1;
    %assign/vec4 v0x55a1236cbdb0_0, 0;
T_31.1 ;
    %load/vec4 v0x55a1236cbb90_0;
    %pad/u 32;
    %cmpi/e 0, 0, 32;
    %jmp/0xz  T_31.2, 4;
    %pushi/vec4 1, 0, 1;
    %assign/vec4 v0x55a1236cbc30_0, 0;
    %jmp T_31.3;
T_31.2 ;
    %pushi/vec4 0, 0, 1;
    %assign/vec4 v0x55a1236cbc30_0, 0;
T_31.3 ;
    %load/vec4 v0x55a1236cbb90_0;
    %pad/u 32;
    %cmpi/e 1, 0, 32;
    %jmp/0xz  T_31.4, 4;
    %pushi/vec4 1, 0, 1;
    %assign/vec4 v0x55a1236cb930_0, 0;
    %jmp T_31.5;
T_31.4 ;
    %pushi/vec4 0, 0, 1;
    %assign/vec4 v0x55a1236cb930_0, 0;
T_31.5 ;
    %load/vec4 v0x55a1236cbb90_0;
    %pad/u 33;
    %cmpi/e 6, 0, 33;
    %jmp/0xz  T_31.6, 4;
    %pushi/vec4 1, 0, 1;
    %assign/vec4 v0x55a1236cb9d0_0, 0;
    %jmp T_31.7;
T_31.6 ;
    %pushi/vec4 0, 0, 1;
    %assign/vec4 v0x55a1236cb9d0_0, 0;
T_31.7 ;
    %jmp T_31;
    .thread T_31;
    .scope S_0x55a1236cca20;
T_32 ;
    %wait E_0x55a12362d1f0;
    %load/vec4 v0x55a1236cd400_0;
    %flag_set/vec4 8;
    %jmp/0xz  T_32.0, 8;
    %pushi/vec4 0, 0, 32;
    %store/vec4 v0x55a1236cceb0_0, 0, 32;
T_32.2 ;
    %load/vec4 v0x55a1236cceb0_0;
    %cmpi/s 8, 0, 32;
    %jmp/0xz T_32.3, 5;
    %pushi/vec4 0, 0, 10;
    %ix/getv/s 3, v0x55a1236cceb0_0;
    %ix/load 4, 0, 0; Constant delay
    %assign/vec4/a/d v0x55a1236ccf90, 0, 4;
    %pushi/vec4 0, 0, 3;
    %assign/vec4 v0x55a1236cd4a0_0, 0;
    %load/vec4 v0x55a1236cceb0_0;
    %addi 1, 0, 32;
    %store/vec4 v0x55a1236cceb0_0, 0, 32;
    %jmp T_32.2;
T_32.3 ;
    %jmp T_32.1;
T_32.0 ;
    %load/vec4 v0x55a1236cd580_0;
    %flag_set/vec4 8;
    %jmp/0xz  T_32.4, 8;
    %load/vec4 v0x55a1236cd060_0;
    %load/vec4 v0x55a1236cd4a0_0;
    %pad/u 5;
    %ix/vec4 3;
    %ix/load 4, 0, 0; Constant delay
    %assign/vec4/a/d v0x55a1236ccf90, 0, 4;
    %load/vec4 v0x55a1236cd4a0_0;
    %addi 1, 0, 3;
    %assign/vec4 v0x55a1236cd4a0_0, 0;
T_32.4 ;
T_32.1 ;
    %jmp T_32;
    .thread T_32;
    .scope S_0x55a1236cca20;
T_33 ;
    %wait E_0x55a12362d1f0;
    %pushi/vec4 0, 0, 10;
    %assign/vec4 v0x55a1236cd150_0, 0;
    %load/vec4 v0x55a1236cd400_0;
    %flag_set/vec4 8;
    %jmp/0xz  T_33.0, 8;
    %pushi/vec4 0, 0, 10;
    %assign/vec4 v0x55a1236cd150_0, 0;
    %pushi/vec4 0, 0, 3;
    %assign/vec4 v0x55a1236cd260_0, 0;
    %jmp T_33.1;
T_33.0 ;
    %load/vec4 v0x55a1236cd340_0;
    %flag_set/vec4 8;
    %jmp/0xz  T_33.2, 8;
    %load/vec4 v0x55a1236cd260_0;
    %pad/u 5;
    %ix/vec4 4;
    %load/vec4a v0x55a1236ccf90, 4;
    %assign/vec4 v0x55a1236cd150_0, 0;
    %pushi/vec4 0, 0, 10;
    %load/vec4 v0x55a1236cd260_0;
    %pad/u 5;
    %ix/vec4 3;
    %ix/load 4, 0, 0; Constant delay
    %assign/vec4/a/d v0x55a1236ccf90, 0, 4;
    %load/vec4 v0x55a1236cd260_0;
    %addi 1, 0, 3;
    %assign/vec4 v0x55a1236cd260_0, 0;
T_33.2 ;
T_33.1 ;
    %jmp T_33;
    .thread T_33;
    .scope S_0x55a1236cc3f0;
T_34 ;
    %wait E_0x55a12362d1f0;
    %load/vec4 v0x55a1236ce110_0;
    %pad/u 32;
    %cmpi/e 0, 0, 32;
    %jmp/0xz  T_34.0, 4;
    %load/vec4 v0x55a1236cdfb0_0;
    %flag_set/vec4 8;
    %jmp/0xz  T_34.2, 8;
    %pushi/vec4 1, 0, 1;
    %assign/vec4 v0x55a1236ce1b0_0, 0;
    %jmp T_34.3;
T_34.2 ;
    %load/vec4 v0x55a1236cdfb0_0;
    %inv;
    %flag_set/vec4 8;
    %jmp/0xz  T_34.4, 8;
    %pushi/vec4 0, 0, 1;
    %assign/vec4 v0x55a1236ce1b0_0, 0;
T_34.4 ;
T_34.3 ;
    %load/vec4 v0x55a1236cdef0_0;
    %flag_set/vec4 8;
    %jmp/0xz  T_34.6, 8;
    %pushi/vec4 1, 0, 1;
    %assign/vec4 v0x55a1236ce070_0, 0;
    %jmp T_34.7;
T_34.6 ;
    %load/vec4 v0x55a1236cdef0_0;
    %inv;
    %flag_set/vec4 8;
    %jmp/0xz  T_34.8, 8;
    %pushi/vec4 0, 0, 1;
    %assign/vec4 v0x55a1236ce070_0, 0;
T_34.8 ;
T_34.7 ;
    %jmp T_34.1;
T_34.0 ;
    %pushi/vec4 0, 0, 1;
    %assign/vec4 v0x55a1236ce070_0, 0;
    %pushi/vec4 0, 0, 1;
    %assign/vec4 v0x55a1236ce1b0_0, 0;
    %pushi/vec4 0, 0, 1;
    %assign/vec4 v0x55a1236cdda0_0, 0;
    %pushi/vec4 0, 0, 1;
    %assign/vec4 v0x55a1236cdc20_0, 0;
T_34.1 ;
    %jmp T_34;
    .thread T_34;
    .scope S_0x55a1236cc3f0;
T_35 ;
    %wait E_0x55a12362d1f0;
    %load/vec4 v0x55a1236ce110_0;
    %inv;
    %flag_set/vec4 8;
    %jmp/0xz  T_35.0, 8;
    %load/vec4 v0x55a1236ce1b0_0;
    %pad/u 32;
    %cmpi/e 1, 0, 32;
    %jmp/0xz  T_35.2, 4;
    %load/vec4 v0x55a1236ce070_0;
    %flag_set/vec4 8;
    %jmp/0xz  T_35.4, 8;
    %load/vec4 v0x55a1236cdb60_0;
    %assign/vec4 v0x55a1236cdb60_0, 0;
    %jmp T_35.5;
T_35.4 ;
    %load/vec4 v0x55a1236cdb60_0;
    %addi 1, 0, 3;
    %assign/vec4 v0x55a1236cdb60_0, 0;
T_35.5 ;
    %jmp T_35.3;
T_35.2 ;
    %load/vec4 v0x55a1236ce1b0_0;
    %pad/u 32;
    %cmpi/e 0, 0, 32;
    %jmp/0xz  T_35.6, 4;
    %load/vec4 v0x55a1236ce070_0;
    %flag_set/vec4 8;
    %jmp/0xz  T_35.8, 8;
    %load/vec4 v0x55a1236cdb60_0;
    %pad/u 32;
    %cmpi/u 0, 0, 32;
    %flag_or 5, 4;
    %jmp/0xz  T_35.10, 5;
    %load/vec4 v0x55a1236cdb60_0;
    %assign/vec4 v0x55a1236cdb60_0, 0;
    %jmp T_35.11;
T_35.10 ;
    %load/vec4 v0x55a1236cdb60_0;
    %subi 1, 0, 3;
    %assign/vec4 v0x55a1236cdb60_0, 0;
T_35.11 ;
    %jmp T_35.9;
T_35.8 ;
    %load/vec4 v0x55a1236cdb60_0;
    %assign/vec4 v0x55a1236cdb60_0, 0;
T_35.9 ;
T_35.6 ;
T_35.3 ;
    %load/vec4 v0x55a1236cdb60_0;
    %pad/u 33;
    %pushi/vec4 7, 0, 33;
    %cmp/e;
    %flag_get/vec4 4;
    %load/vec4 v0x55a1236ce070_0;
    %inv;
    %and;
    %flag_set/vec4 8;
    %jmp/0xz  T_35.12, 8;
    %pushi/vec4 7, 0, 3;
    %assign/vec4 v0x55a1236cdb60_0, 0;
T_35.12 ;
    %jmp T_35.1;
T_35.0 ;
    %pushi/vec4 0, 0, 3;
    %assign/vec4 v0x55a1236cdb60_0, 0;
T_35.1 ;
    %jmp T_35;
    .thread T_35;
    .scope S_0x55a1236cc3f0;
T_36 ;
    %wait E_0x55a12362d1f0;
    %load/vec4 v0x55a1236cdb60_0;
    %cmpi/e 7, 0, 3;
    %jmp/0xz  T_36.0, 4;
    %pushi/vec4 1, 0, 1;
    %assign/vec4 v0x55a1236cdda0_0, 0;
    %jmp T_36.1;
T_36.0 ;
    %pushi/vec4 0, 0, 1;
    %assign/vec4 v0x55a1236cdda0_0, 0;
T_36.1 ;
    %load/vec4 v0x55a1236cdb60_0;
    %pad/u 32;
    %cmpi/e 0, 0, 32;
    %jmp/0xz  T_36.2, 4;
    %pushi/vec4 1, 0, 1;
    %assign/vec4 v0x55a1236cdc20_0, 0;
    %jmp T_36.3;
T_36.2 ;
    %pushi/vec4 0, 0, 1;
    %assign/vec4 v0x55a1236cdc20_0, 0;
T_36.3 ;
    %load/vec4 v0x55a1236cdb60_0;
    %pad/u 32;
    %cmpi/e 1, 0, 32;
    %jmp/0xz  T_36.4, 4;
    %pushi/vec4 1, 0, 1;
    %assign/vec4 v0x55a1236cd8e0_0, 0;
    %jmp T_36.5;
T_36.4 ;
    %pushi/vec4 0, 0, 1;
    %assign/vec4 v0x55a1236cd8e0_0, 0;
T_36.5 ;
    %load/vec4 v0x55a1236cdb60_0;
    %pad/u 33;
    %cmpi/e 6, 0, 33;
    %jmp/0xz  T_36.6, 4;
    %pushi/vec4 1, 0, 1;
    %assign/vec4 v0x55a1236cd980_0, 0;
    %jmp T_36.7;
T_36.6 ;
    %pushi/vec4 0, 0, 1;
    %assign/vec4 v0x55a1236cd980_0, 0;
T_36.7 ;
    %jmp T_36;
    .thread T_36;
    .scope S_0x55a1236ce9c0;
T_37 ;
    %wait E_0x55a12362d1f0;
    %load/vec4 v0x55a1236cf3f0_0;
    %flag_set/vec4 8;
    %jmp/0xz  T_37.0, 8;
    %pushi/vec4 0, 0, 32;
    %store/vec4 v0x55a1236ceea0_0, 0, 32;
T_37.2 ;
    %load/vec4 v0x55a1236ceea0_0;
    %cmpi/s 8, 0, 32;
    %jmp/0xz T_37.3, 5;
    %pushi/vec4 0, 0, 10;
    %ix/getv/s 3, v0x55a1236ceea0_0;
    %ix/load 4, 0, 0; Constant delay
    %assign/vec4/a/d v0x55a1236cef80, 0, 4;
    %pushi/vec4 0, 0, 3;
    %assign/vec4 v0x55a1236cf490_0, 0;
    %load/vec4 v0x55a1236ceea0_0;
    %addi 1, 0, 32;
    %store/vec4 v0x55a1236ceea0_0, 0, 32;
    %jmp T_37.2;
T_37.3 ;
    %jmp T_37.1;
T_37.0 ;
    %load/vec4 v0x55a1236cf570_0;
    %flag_set/vec4 8;
    %jmp/0xz  T_37.4, 8;
    %load/vec4 v0x55a1236cf050_0;
    %load/vec4 v0x55a1236cf490_0;
    %pad/u 5;
    %ix/vec4 3;
    %ix/load 4, 0, 0; Constant delay
    %assign/vec4/a/d v0x55a1236cef80, 0, 4;
    %load/vec4 v0x55a1236cf490_0;
    %addi 1, 0, 3;
    %assign/vec4 v0x55a1236cf490_0, 0;
T_37.4 ;
T_37.1 ;
    %jmp T_37;
    .thread T_37;
    .scope S_0x55a1236ce9c0;
T_38 ;
    %wait E_0x55a12362d1f0;
    %pushi/vec4 0, 0, 10;
    %assign/vec4 v0x55a1236cf140_0, 0;
    %load/vec4 v0x55a1236cf3f0_0;
    %flag_set/vec4 8;
    %jmp/0xz  T_38.0, 8;
    %pushi/vec4 0, 0, 10;
    %assign/vec4 v0x55a1236cf140_0, 0;
    %pushi/vec4 0, 0, 3;
    %assign/vec4 v0x55a1236cf250_0, 0;
    %jmp T_38.1;
T_38.0 ;
    %load/vec4 v0x55a1236cf330_0;
    %flag_set/vec4 8;
    %jmp/0xz  T_38.2, 8;
    %load/vec4 v0x55a1236cf250_0;
    %pad/u 5;
    %ix/vec4 4;
    %load/vec4a v0x55a1236cef80, 4;
    %assign/vec4 v0x55a1236cf140_0, 0;
    %pushi/vec4 0, 0, 10;
    %load/vec4 v0x55a1236cf250_0;
    %pad/u 5;
    %ix/vec4 3;
    %ix/load 4, 0, 0; Constant delay
    %assign/vec4/a/d v0x55a1236cef80, 0, 4;
    %load/vec4 v0x55a1236cf250_0;
    %addi 1, 0, 3;
    %assign/vec4 v0x55a1236cf250_0, 0;
T_38.2 ;
T_38.1 ;
    %jmp T_38;
    .thread T_38;
    .scope S_0x55a1236ce420;
T_39 ;
    %wait E_0x55a12362d1f0;
    %load/vec4 v0x55a1236d02d0_0;
    %pad/u 32;
    %cmpi/e 0, 0, 32;
    %jmp/0xz  T_39.0, 4;
    %load/vec4 v0x55a1236d0170_0;
    %flag_set/vec4 8;
    %jmp/0xz  T_39.2, 8;
    %pushi/vec4 1, 0, 1;
    %assign/vec4 v0x55a1236d0580_0, 0;
    %jmp T_39.3;
T_39.2 ;
    %load/vec4 v0x55a1236d0170_0;
    %inv;
    %flag_set/vec4 8;
    %jmp/0xz  T_39.4, 8;
    %pushi/vec4 0, 0, 1;
    %assign/vec4 v0x55a1236d0580_0, 0;
T_39.4 ;
T_39.3 ;
    %load/vec4 v0x55a1236d00b0_0;
    %flag_set/vec4 8;
    %jmp/0xz  T_39.6, 8;
    %pushi/vec4 1, 0, 1;
    %assign/vec4 v0x55a1236d0230_0, 0;
    %jmp T_39.7;
T_39.6 ;
    %load/vec4 v0x55a1236d00b0_0;
    %inv;
    %flag_set/vec4 8;
    %jmp/0xz  T_39.8, 8;
    %pushi/vec4 0, 0, 1;
    %assign/vec4 v0x55a1236d0230_0, 0;
T_39.8 ;
T_39.7 ;
    %jmp T_39.1;
T_39.0 ;
    %pushi/vec4 0, 0, 1;
    %assign/vec4 v0x55a1236d0230_0, 0;
    %pushi/vec4 0, 0, 1;
    %assign/vec4 v0x55a1236d0580_0, 0;
    %pushi/vec4 0, 0, 1;
    %assign/vec4 v0x55a1236cff60_0, 0;
    %pushi/vec4 0, 0, 1;
    %assign/vec4 v0x55a1236cfde0_0, 0;
T_39.1 ;
    %jmp T_39;
    .thread T_39;
    .scope S_0x55a1236ce420;
T_40 ;
    %wait E_0x55a12362d1f0;
    %load/vec4 v0x55a1236d02d0_0;
    %inv;
    %flag_set/vec4 8;
    %jmp/0xz  T_40.0, 8;
    %load/vec4 v0x55a1236d0580_0;
    %pad/u 32;
    %cmpi/e 1, 0, 32;
    %jmp/0xz  T_40.2, 4;
    %load/vec4 v0x55a1236d0230_0;
    %flag_set/vec4 8;
    %jmp/0xz  T_40.4, 8;
    %load/vec4 v0x55a1236cfd40_0;
    %assign/vec4 v0x55a1236cfd40_0, 0;
    %jmp T_40.5;
T_40.4 ;
    %load/vec4 v0x55a1236cfd40_0;
    %addi 1, 0, 3;
    %assign/vec4 v0x55a1236cfd40_0, 0;
T_40.5 ;
    %jmp T_40.3;
T_40.2 ;
    %load/vec4 v0x55a1236d0580_0;
    %pad/u 32;
    %cmpi/e 0, 0, 32;
    %jmp/0xz  T_40.6, 4;
    %load/vec4 v0x55a1236d0230_0;
    %flag_set/vec4 8;
    %jmp/0xz  T_40.8, 8;
    %load/vec4 v0x55a1236cfd40_0;
    %pad/u 32;
    %cmpi/u 0, 0, 32;
    %flag_or 5, 4;
    %jmp/0xz  T_40.10, 5;
    %load/vec4 v0x55a1236cfd40_0;
    %assign/vec4 v0x55a1236cfd40_0, 0;
    %jmp T_40.11;
T_40.10 ;
    %load/vec4 v0x55a1236cfd40_0;
    %subi 1, 0, 3;
    %assign/vec4 v0x55a1236cfd40_0, 0;
T_40.11 ;
    %jmp T_40.9;
T_40.8 ;
    %load/vec4 v0x55a1236cfd40_0;
    %assign/vec4 v0x55a1236cfd40_0, 0;
T_40.9 ;
T_40.6 ;
T_40.3 ;
    %load/vec4 v0x55a1236cfd40_0;
    %pad/u 33;
    %pushi/vec4 7, 0, 33;
    %cmp/e;
    %flag_get/vec4 4;
    %load/vec4 v0x55a1236d0230_0;
    %inv;
    %and;
    %flag_set/vec4 8;
    %jmp/0xz  T_40.12, 8;
    %pushi/vec4 7, 0, 3;
    %assign/vec4 v0x55a1236cfd40_0, 0;
T_40.12 ;
    %jmp T_40.1;
T_40.0 ;
    %pushi/vec4 0, 0, 3;
    %assign/vec4 v0x55a1236cfd40_0, 0;
T_40.1 ;
    %jmp T_40;
    .thread T_40;
    .scope S_0x55a1236ce420;
T_41 ;
    %wait E_0x55a12362d1f0;
    %load/vec4 v0x55a1236cfd40_0;
    %cmpi/e 7, 0, 3;
    %jmp/0xz  T_41.0, 4;
    %pushi/vec4 1, 0, 1;
    %assign/vec4 v0x55a1236cff60_0, 0;
    %jmp T_41.1;
T_41.0 ;
    %pushi/vec4 0, 0, 1;
    %assign/vec4 v0x55a1236cff60_0, 0;
T_41.1 ;
    %load/vec4 v0x55a1236cfd40_0;
    %pad/u 32;
    %cmpi/e 0, 0, 32;
    %jmp/0xz  T_41.2, 4;
    %pushi/vec4 1, 0, 1;
    %assign/vec4 v0x55a1236cfde0_0, 0;
    %jmp T_41.3;
T_41.2 ;
    %pushi/vec4 0, 0, 1;
    %assign/vec4 v0x55a1236cfde0_0, 0;
T_41.3 ;
    %load/vec4 v0x55a1236cfd40_0;
    %pad/u 32;
    %cmpi/e 1, 0, 32;
    %jmp/0xz  T_41.4, 4;
    %pushi/vec4 1, 0, 1;
    %assign/vec4 v0x55a1236cf8d0_0, 0;
    %jmp T_41.5;
T_41.4 ;
    %pushi/vec4 0, 0, 1;
    %assign/vec4 v0x55a1236cf8d0_0, 0;
T_41.5 ;
    %load/vec4 v0x55a1236cfd40_0;
    %pad/u 33;
    %cmpi/e 6, 0, 33;
    %jmp/0xz  T_41.6, 4;
    %pushi/vec4 1, 0, 1;
    %assign/vec4 v0x55a1236cf970_0, 0;
    %jmp T_41.7;
T_41.6 ;
    %pushi/vec4 0, 0, 1;
    %assign/vec4 v0x55a1236cf970_0, 0;
T_41.7 ;
    %jmp T_41;
    .thread T_41;
    .scope S_0x55a1236267d0;
T_42 ;
    %wait E_0x55a12362d640;
    %load/vec4 v0x55a1236bf6f0_0;
    %pad/u 32;
    %cmpi/e 0, 0, 32;
    %jmp/0xz  T_42.0, 4;
    %load/vec4 v0x55a12366df30_0;
    %inv;
    %load/vec4 v0x55a12366f650_0;
    %inv;
    %or;
    %load/vec4 v0x55a123670d20_0;
    %inv;
    %or;
    %load/vec4 v0x55a12366be10_0;
    %inv;
    %or;
    %flag_set/vec4 8;
    %jmp/0xz  T_42.2, 8;
    %load/vec4 v0x55a123647740_0;
    %pad/u 32;
    %cmpi/e 0, 0, 32;
    %jmp/0xz  T_42.4, 4;
    %pushi/vec4 1, 0, 1;
    %assign/vec4 v0x55a1236bf040_0, 0;
    %pushi/vec4 0, 0, 1;
    %assign/vec4 v0x55a1236bf100_0, 0;
    %pushi/vec4 0, 0, 1;
    %assign/vec4 v0x55a1236bf1c0_0, 0;
    %pushi/vec4 0, 0, 1;
    %assign/vec4 v0x55a1236bf280_0, 0;
    %pushi/vec4 0, 0, 2;
    %assign/vec4 v0x55a1236bf790_0, 0;
    %jmp T_42.5;
T_42.4 ;
    %load/vec4 v0x55a1236beb00_0;
    %pad/u 32;
    %cmpi/e 0, 0, 32;
    %jmp/0xz  T_42.6, 4;
    %pushi/vec4 0, 0, 1;
    %assign/vec4 v0x55a1236bf040_0, 0;
    %pushi/vec4 1, 0, 1;
    %assign/vec4 v0x55a1236bf100_0, 0;
    %pushi/vec4 0, 0, 1;
    %assign/vec4 v0x55a1236bf1c0_0, 0;
    %pushi/vec4 0, 0, 1;
    %assign/vec4 v0x55a1236bf280_0, 0;
    %pushi/vec4 1, 0, 2;
    %assign/vec4 v0x55a1236bf790_0, 0;
    %jmp T_42.7;
T_42.6 ;
    %load/vec4 v0x55a1236bebc0_0;
    %pad/u 32;
    %cmpi/e 0, 0, 32;
    %jmp/0xz  T_42.8, 4;
    %pushi/vec4 0, 0, 1;
    %assign/vec4 v0x55a1236bf040_0, 0;
    %pushi/vec4 0, 0, 1;
    %assign/vec4 v0x55a1236bf100_0, 0;
    %pushi/vec4 1, 0, 1;
    %assign/vec4 v0x55a1236bf1c0_0, 0;
    %pushi/vec4 0, 0, 1;
    %assign/vec4 v0x55a1236bf280_0, 0;
    %pushi/vec4 2, 0, 2;
    %assign/vec4 v0x55a1236bf790_0, 0;
    %jmp T_42.9;
T_42.8 ;
    %load/vec4 v0x55a1236bec80_0;
    %pad/u 32;
    %cmpi/e 0, 0, 32;
    %jmp/0xz  T_42.10, 4;
    %pushi/vec4 0, 0, 1;
    %assign/vec4 v0x55a1236bf040_0, 0;
    %pushi/vec4 0, 0, 1;
    %assign/vec4 v0x55a1236bf100_0, 0;
    %pushi/vec4 0, 0, 1;
    %assign/vec4 v0x55a1236bf1c0_0, 0;
    %pushi/vec4 1, 0, 1;
    %assign/vec4 v0x55a1236bf280_0, 0;
    %pushi/vec4 3, 0, 2;
    %assign/vec4 v0x55a1236bf790_0, 0;
T_42.10 ;
T_42.9 ;
T_42.7 ;
T_42.5 ;
T_42.2 ;
    %load/vec4 v0x55a12366df30_0;
    %inv;
    %load/vec4 v0x55a12366f650_0;
    %inv;
    %and;
    %load/vec4 v0x55a123670d20_0;
    %inv;
    %and;
    %load/vec4 v0x55a12366be10_0;
    %inv;
    %and;
    %flag_set/vec4 8;
    %jmp/0xz  T_42.12, 8;
    %pushi/vec4 1, 0, 1;
    %assign/vec4 v0x55a1236bf450_0, 0;
    %pushi/vec4 1, 0, 1;
    %assign/vec4 v0x55a1236bf510_0, 0;
    %pushi/vec4 1, 0, 1;
    %assign/vec4 v0x55a1236bf5b0_0, 0;
    %pushi/vec4 1, 0, 1;
    %assign/vec4 v0x55a1236bf650_0, 0;
    %jmp T_42.13;
T_42.12 ;
    %pushi/vec4 0, 0, 1;
    %assign/vec4 v0x55a1236bf450_0, 0;
    %pushi/vec4 0, 0, 1;
    %assign/vec4 v0x55a1236bf510_0, 0;
    %pushi/vec4 0, 0, 1;
    %assign/vec4 v0x55a1236bf5b0_0, 0;
    %pushi/vec4 0, 0, 1;
    %assign/vec4 v0x55a1236bf650_0, 0;
T_42.13 ;
    %jmp T_42.1;
T_42.0 ;
    %load/vec4 v0x55a1236bf6f0_0;
    %pad/u 32;
    %cmpi/e 1, 0, 32;
    %jmp/0xz  T_42.14, 4;
    %pushi/vec4 0, 0, 1;
    %assign/vec4 v0x55a1236bf450_0, 0;
    %pushi/vec4 0, 0, 1;
    %assign/vec4 v0x55a1236bf510_0, 0;
    %pushi/vec4 0, 0, 1;
    %assign/vec4 v0x55a1236bf5b0_0, 0;
    %pushi/vec4 0, 0, 1;
    %assign/vec4 v0x55a1236bf650_0, 0;
    %pushi/vec4 0, 0, 1;
    %assign/vec4 v0x55a1236bf040_0, 0;
    %pushi/vec4 0, 0, 1;
    %assign/vec4 v0x55a1236bf100_0, 0;
    %pushi/vec4 0, 0, 1;
    %assign/vec4 v0x55a1236bf1c0_0, 0;
    %pushi/vec4 0, 0, 1;
    %assign/vec4 v0x55a1236bf280_0, 0;
    %pushi/vec4 0, 0, 2;
    %assign/vec4 v0x55a1236bf790_0, 0;
T_42.14 ;
T_42.1 ;
    %jmp T_42;
    .thread T_42;
    .scope S_0x55a1236432f0;
T_43 ;
    %wait E_0x55a12362df20;
    %load/vec4 v0x55a1236d2620_0;
    %ix/load 4, 0, 0;
    %flag_set/imm 4, 0;
    %store/vec4 v0x55a1236d2c60_0, 4, 1;
    %load/vec4 v0x55a1236d2710_0;
    %ix/load 4, 1, 0;
    %flag_set/imm 4, 0;
    %store/vec4 v0x55a1236d2c60_0, 4, 1;
    %load/vec4 v0x55a1236d2800_0;
    %ix/load 4, 2, 0;
    %flag_set/imm 4, 0;
    %store/vec4 v0x55a1236d2c60_0, 4, 1;
    %load/vec4 v0x55a1236d28f0_0;
    %ix/load 4, 3, 0;
    %flag_set/imm 4, 0;
    %store/vec4 v0x55a1236d2c60_0, 4, 1;
    %load/vec4 v0x55a1236d29e0_0;
    %ix/load 4, 4, 0;
    %flag_set/imm 4, 0;
    %store/vec4 v0x55a1236d2c60_0, 4, 1;
    %load/vec4 v0x55a1236d2a80_0;
    %ix/load 4, 5, 0;
    %flag_set/imm 4, 0;
    %store/vec4 v0x55a1236d2c60_0, 4, 1;
    %load/vec4 v0x55a1236d2b20_0;
    %ix/load 4, 6, 0;
    %flag_set/imm 4, 0;
    %store/vec4 v0x55a1236d2c60_0, 4, 1;
    %load/vec4 v0x55a1236d2bc0_0;
    %ix/load 4, 7, 0;
    %flag_set/imm 4, 0;
    %store/vec4 v0x55a1236d2c60_0, 4, 1;
    %jmp T_43;
    .thread T_43, $push;
# The file index is used to find the file name in the following table.
:file_names 8;
    "N/A";
    "<interactive>";
    "conexion.v";
    "./arbitro.v";
    "./demux4x1.v";
    "./Fifo.v";
    "./memoria.v";
    "./mux4x1.v";
